<?xml version="1.0" encoding="UTF-8"?>
<!-- Generated by org.testng.reporters.JUnitXMLReporter -->
<testsuite hostname="Shanoo" ignored="0" name="Test" tests="5" failures="1" timestamp="2020-12-31T09:49:51 IST" time="44.31" errors="0">
  <testcase name="testApp" time="0.032" classname="Academy.AppTest"/>
  <testcase name="validateAppNavBar" time="0.722" classname="Academy.validateNavigationBar"/>
  <testcase name="basePageNavigation" time="8.007" classname="Academy.HomePage"/>
  <testcase name="basePageNavigation" time="6.167" classname="Academy.HomePage"/>
  <testcase name="validateAppTitle" time="0.128" classname="Academy.validateTitle">
    <failure type="java.lang.AssertionError" message="expected:&amp;lt;FEATURED COURSES&amp;gt; but was:&amp;lt;FEATURED CO123URSES&amp;gt;">
      <![CDATA[java.lang.AssertionError: expected:<FEATURED COURSES> but was:<FEATURED CO123URSES>
at Academy.validateTitle.validateAppTitle(validateTitle.java:45)
at java.util.ArrayList.forEach(Unknown Source)
... Removed 29 stack frames]]>
    </failure>
  </testcase> <!-- validateAppTitle -->
</testsuite> <!-- Test -->
