<?xml version="1.0" encoding="UTF-8"?>
<!-- Generated by org.testng.reporters.JUnitXMLReporter -->
<testsuite hostname="Shanoo" ignored="0" name="Test" tests="5" failures="0" timestamp="2021-01-04T09:19:29 IST" time="616.764" errors="0">
  <testcase name="@BeforeTest initialize" time="616.59" classname="Academy.HomePage">
    <failure type="org.openqa.selenium.SessionNotCreatedException" message="session not created
from timeout: Timed out receiving message from renderer: 600.000
  (Session info: chrome=87.0.4280.88)
Build info: version: &amp;apos;3.141.59&amp;apos;, revision: &amp;apos;e82be7d358&amp;apos;, time: &amp;apos;2018-11-14T08:17:03&amp;apos;
System info: host: &amp;apos;SHANOO&amp;apos;, ip: &amp;apos;192.168.1.6&amp;apos;, os.name: &amp;apos;Windows 10&amp;apos;, os.arch: &amp;apos;amd64&amp;apos;, os.version: &amp;apos;10.0&amp;apos;, java.version: &amp;apos;1.8.0_271&amp;apos;
Driver info: driver.version: ChromeDriver
remote stacktrace: Backtrace:
	Ordinal0 [0x00C9C0C3+3326147]
	Ordinal0 [0x00B80851+2164817]
	Ordinal0 [0x00A07298+619160]
	Ordinal0 [0x009FB17F+569727]
	Ordinal0 [0x009FA421+566305]
	Ordinal0 [0x009FA815+567317]
	Ordinal0 [0x009FA135+565557]
	Ordinal0 [0x00A038B1+604337]
	Ordinal0 [0x009FA0F1+565489]
	Ordinal0 [0x009FAEA2+568994]
	Ordinal0 [0x009FA421+566305]
	Ordinal0 [0x009FA815+567317]
	Ordinal0 [0x009FA135+565557]
	Ordinal0 [0x00A01D2C+597292]
	Ordinal0 [0x009FA0F1+565489]
	Ordinal0 [0x009FAEA2+568994]
	Ordinal0 [0x009FA421+566305]
	Ordinal0 [0x009FA815+567317]
	Ordinal0 [0x009FA135+565557]
	Ordinal0 [0x009FFE62+589410]
	Ordinal0 [0x009FA0F1+565489]
	Ordinal0 [0x009FAEA2+568994]
	Ordinal0 [0x009FA421+566305]
	Ordinal0 [0x009FA815+567317]
	Ordinal0 [0x009FA135+565557]
	Ordinal0 [0x009FF075+585845]
	Ordinal0 [0x009FA0F1+565489]
	Ordinal0 [0x009FAEA2+568994]
	Ordinal0 [0x009FA421+566305]
	Ordinal0 [0x009FA815+567317]
	Ordinal0 [0x009FA135+565557]
	Ordinal0 [0x009F6776+550774]
	Ordinal0 [0x009FA0F1+565489]
	Ordinal0 [0x009F9F13+565011]
	Ordinal0 [0x009F9D07+564487]
	Ordinal0 [0x00A082C0+623296]
	Ordinal0 [0x009A6BDD+224221]
	Ordinal0 [0x009A5CAC+220332]
	Ordinal0 [0x009A189B+202907]
	Ordinal0 [0x00983DF4+81396]
	Ordinal0 [0x00984DEE+85486]
	Ordinal0 [0x00984D79+85369]
	Ordinal0 [0x00B985DC+2262492]
	GetHandleVerifier [0x00E22874+1487204]
	GetHandleVerifier [0x00E223CD+1486013]
	GetHandleVerifier [0x00E2A368+1518680]
	GetHandleVerifier [0x00E22F4E+1488958]
	Ordinal0 [0x00B8ED0D+2223373]
	Ordinal0 [0x00B9A12B+2269483]
	Ordinal0 [0x00B9A26F+2269807]
	Ordinal0 [0x00BAECB8+2354360]
	BaseThreadInitThunk [0x76EEFA29+25]
	RtlGetAppContainerNamedObjectPath [0x779675F4+228]
	RtlGetAppContainerNamedObjectPath [0x779675C4+180]
">
      <![CDATA[org.openqa.selenium.SessionNotCreatedException: session not created
from timeout: Timed out receiving message from renderer: 600.000
  (Session info: chrome=87.0.4280.88)
Build info: version: '3.141.59', revision: 'e82be7d358', time: '2018-11-14T08:17:03'
System info: host: 'SHANOO', ip: '192.168.1.6', os.name: 'Windows 10', os.arch: 'amd64', os.version: '10.0', java.version: '1.8.0_271'
Driver info: driver.version: ChromeDriver
remote stacktrace: Backtrace:
Ordinal0 [0x00C9C0C3+3326147]
Ordinal0 [0x00B80851+2164817]
Ordinal0 [0x00A07298+619160]
Ordinal0 [0x009FB17F+569727]
Ordinal0 [0x009FA421+566305]
Ordinal0 [0x009FA815+567317]
Ordinal0 [0x009FA135+565557]
Ordinal0 [0x00A038B1+604337]
Ordinal0 [0x009FA0F1+565489]
Ordinal0 [0x009FAEA2+568994]
Ordinal0 [0x009FA421+566305]
Ordinal0 [0x009FA815+567317]
Ordinal0 [0x009FA135+565557]
Ordinal0 [0x00A01D2C+597292]
Ordinal0 [0x009FA0F1+565489]
Ordinal0 [0x009FAEA2+568994]
Ordinal0 [0x009FA421+566305]
Ordinal0 [0x009FA815+567317]
Ordinal0 [0x009FA135+565557]
Ordinal0 [0x009FFE62+589410]
Ordinal0 [0x009FA0F1+565489]
Ordinal0 [0x009FAEA2+568994]
Ordinal0 [0x009FA421+566305]
Ordinal0 [0x009FA815+567317]
Ordinal0 [0x009FA135+565557]
Ordinal0 [0x009FF075+585845]
Ordinal0 [0x009FA0F1+565489]
Ordinal0 [0x009FAEA2+568994]
Ordinal0 [0x009FA421+566305]
Ordinal0 [0x009FA815+567317]
Ordinal0 [0x009FA135+565557]
Ordinal0 [0x009F6776+550774]
Ordinal0 [0x009FA0F1+565489]
Ordinal0 [0x009F9F13+565011]
Ordinal0 [0x009F9D07+564487]
Ordinal0 [0x00A082C0+623296]
Ordinal0 [0x009A6BDD+224221]
Ordinal0 [0x009A5CAC+220332]
Ordinal0 [0x009A189B+202907]
Ordinal0 [0x00983DF4+81396]
Ordinal0 [0x00984DEE+85486]
Ordinal0 [0x00984D79+85369]
Ordinal0 [0x00B985DC+2262492]
GetHandleVerifier [0x00E22874+1487204]
GetHandleVerifier [0x00E223CD+1486013]
GetHandleVerifier [0x00E2A368+1518680]
GetHandleVerifier [0x00E22F4E+1488958]
Ordinal0 [0x00B8ED0D+2223373]
Ordinal0 [0x00B9A12B+2269483]
Ordinal0 [0x00B9A26F+2269807]
Ordinal0 [0x00BAECB8+2354360]
BaseThreadInitThunk [0x76EEFA29+25]
RtlGetAppContainerNamedObjectPath [0x779675F4+228]
RtlGetAppContainerNamedObjectPath [0x779675C4+180]

at org.openqa.selenium.remote.W3CHandshakeResponse.lambda$errorHandler$0(W3CHandshakeResponse.java:62)
at org.openqa.selenium.remote.HandshakeResponse.lambda$getResponseFunction$0(HandshakeResponse.java:30)
at org.openqa.selenium.remote.ProtocolHandshake.lambda$createSession$0(ProtocolHandshake.java:126)
at java.util.stream.ReferencePipeline$3$1.accept(ReferencePipeline.java:193)
at java.util.Spliterators$ArraySpliterator.tryAdvance(Spliterators.java:958)
at java.util.stream.ReferencePipeline.forEachWithCancel(ReferencePipeline.java:126)
at java.util.stream.AbstractPipeline.copyIntoWithCancel(AbstractPipeline.java:499)
at java.util.stream.AbstractPipeline.copyInto(AbstractPipeline.java:486)
at java.util.stream.AbstractPipeline.wrapAndCopyInto(AbstractPipeline.java:472)
at java.util.stream.FindOps$FindOp.evaluateSequential(FindOps.java:152)
at java.util.stream.AbstractPipeline.evaluate(AbstractPipeline.java:234)
at java.util.stream.ReferencePipeline.findFirst(ReferencePipeline.java:464)
at org.openqa.selenium.remote.ProtocolHandshake.createSession(ProtocolHandshake.java:128)
at org.openqa.selenium.remote.ProtocolHandshake.createSession(ProtocolHandshake.java:74)
at org.openqa.selenium.remote.HttpCommandExecutor.execute(HttpCommandExecutor.java:136)
at org.openqa.selenium.remote.service.DriverCommandExecutor.execute(DriverCommandExecutor.java:83)
at org.openqa.selenium.remote.RemoteWebDriver.execute(RemoteWebDriver.java:552)
at org.openqa.selenium.remote.RemoteWebDriver.startSession(RemoteWebDriver.java:213)
at org.openqa.selenium.remote.RemoteWebDriver.<init>(RemoteWebDriver.java:131)
at org.openqa.selenium.chrome.ChromeDriver.<init>(ChromeDriver.java:181)
at org.openqa.selenium.chrome.ChromeDriver.<init>(ChromeDriver.java:168)
at org.openqa.selenium.chrome.ChromeDriver.<init>(ChromeDriver.java:123)
at resources.base.initializeDriver(base.java:32)
at Academy.HomePage.initialize(HomePage.java:29)
... Removed 31 stack frames]]>
    </failure>
  </testcase> <!-- @BeforeTest initialize -->
  <testcase name="@BeforeTest initialize" time="-1.609732168854E9" classname="Academy.validateNavigationBar">
    <skipped/>
  </testcase> <!-- @BeforeTest initialize -->
  <testcase name="@BeforeTest initialize" time="-1.609732168854E9" classname="Academy.validateTitle">
    <skipped/>
  </testcase> <!-- @BeforeTest initialize -->
  <testcase name="@AfterTest teardown" time="-1.609732168965E9" classname="Academy.HomePage">
    <skipped/>
  </testcase> <!-- @AfterTest teardown -->
  <testcase name="@AfterTest teardown" time="-1.609732168965E9" classname="Academy.validateNavigationBar">
    <skipped/>
  </testcase> <!-- @AfterTest teardown -->
  <testcase name="@AfterTest teardown" time="-1.609732168965E9" classname="Academy.validateTitle">
    <skipped/>
  </testcase> <!-- @AfterTest teardown -->
  <testcase name="testApp" time="0.0" classname="Academy.AppTest">
    <skipped/>
  </testcase> <!-- testApp -->
  <testcase name="validateAppNavBar" time="0.0" classname="Academy.validateNavigationBar">
    <skipped/>
  </testcase> <!-- validateAppNavBar -->
  <testcase name="basePageNavigation" time="0.0" classname="Academy.HomePage">
    <skipped/>
  </testcase> <!-- basePageNavigation -->
  <testcase name="basePageNavigation" time="0.0" classname="Academy.HomePage">
    <skipped/>
  </testcase> <!-- basePageNavigation -->
  <testcase name="validateAppTitle" time="0.0" classname="Academy.validateTitle">
    <skipped/>
  </testcase> <!-- validateAppTitle -->
</testsuite> <!-- Test -->
