<html>
<head>
<title>TestNG:  Validating user login</title>
<link href="../testng.css" rel="stylesheet" type="text/css" />
<link href="../my-testng.css" rel="stylesheet" type="text/css" />

<style type="text/css">
.log { display: none;} 
.stack-trace { display: none;} 
</style>
<script type="text/javascript">
<!--
function flip(e) {
  current = e.style.display;
  if (current == 'block') {
    e.style.display = 'none';
    return 0;
  }
  else {
    e.style.display = 'block';
    return 1;
  }
}

function toggleBox(szDivId, elem, msg1, msg2)
{
  var res = -1;  if (document.getElementById) {
    res = flip(document.getElementById(szDivId));
  }
  else if (document.all) {
    // this is the way old msie versions work
    res = flip(document.all[szDivId]);
  }
  if(elem) {
    if(res == 0) elem.innerHTML = msg1; else elem.innerHTML = msg2;
  }

}

function toggleAllBoxes() {
  if (document.getElementsByTagName) {
    d = document.getElementsByTagName('div');
    for (i = 0; i < d.length; i++) {
      if (d[i].className == 'log') {
        flip(d[i]);
      }
    }
  }
}

// -->
</script>

</head>
<body>
<h2 align='center'>Validating user login</h2><table border='1' align="center">
<tr>
<td>Tests passed/Failed/Skipped:</td><td>0/0/2</td>
</tr><tr>
<td>Started on:</td><td>Mon Feb 15 09:06:32 IST 2021</td>
</tr>
<tr><td>Total time:</td><td>621 seconds (621342 ms)</td>
</tr><tr>
<td>Included groups:</td><td></td>
</tr><tr>
<td>Excluded groups:</td><td></td>
</tr>
</table><p/>
<small><i>(Hover the method name to see the test class name)</i></small><p/>
<table width='100%' border='1' class='invocation-failed'>
<tr><td colspan='4' align='center'><b>FAILED CONFIGURATIONS</b></td></tr>
<tr><td><b>Test method</b></td>
<td width="30%"><b>Exception</b></td>
<td width="10%"><b>Time (seconds)</b></td>
<td><b>Instance</b></td>
</tr>
<tr>
<td title='Academy.validateTitle.initialize()'><b>initialize</b><br>Test class: Academy.validateTitle</td>
<td><div><pre>org.openqa.selenium.SessionNotCreatedException: session not created
from timeout: Timed out receiving message from renderer: 600.000
  (Session info: chrome=88.0.4324.150)
Build info: version: &apos;3.141.59&apos;, revision: &apos;e82be7d358&apos;, time: &apos;2018-11-14T08:17:03&apos;
System info: host: &apos;SHANOO&apos;, ip: &apos;192.168.1.6&apos;, os.name: &apos;Windows 10&apos;, os.arch: &apos;amd64&apos;, os.version: &apos;10.0&apos;, java.version: &apos;1.8.0_271&apos;
Driver info: driver.version: ChromeDriver
remote stacktrace: Backtrace:
	Ordinal0 [0x0069C0C3+3326147]
	Ordinal0 [0x00580851+2164817]
	Ordinal0 [0x00407298+619160]
	Ordinal0 [0x003FB17F+569727]
	Ordinal0 [0x003FA421+566305]
	Ordinal0 [0x003FA815+567317]
	Ordinal0 [0x003FA135+565557]
	Ordinal0 [0x004038B1+604337]
	Ordinal0 [0x003FA0F1+565489]
	Ordinal0 [0x003FAEA2+568994]
	Ordinal0 [0x003FA421+566305]
	Ordinal0 [0x003FA815+567317]
	Ordinal0 [0x003FA135+565557]
	Ordinal0 [0x00401D2C+597292]
	Ordinal0 [0x003FA0F1+565489]
	Ordinal0 [0x003FAEA2+568994]
	Ordinal0 [0x003FA421+566305]
	Ordinal0 [0x003FA815+567317]
	Ordinal0 [0x003FA135+565557]
	Ordinal0 [0x003FFE62+589410]
	Ordinal0 [0x003FA0F1+565489]
	Ordinal0 [0x003FAEA2+568994]
	Ordinal0 [0x003FA421+566305]
	Ordinal0 [0x003FA815+567317]
	Ordinal0 [0x003FA135+565557]
	Ordinal0 [0x003FF075+585845]
	Ordinal0 [0x003FA0F1+565489]
	Ordinal0 [0x003FAEA2+568994]
	Ordinal0 [0x003FA421+566305]
	Ordinal0 [0x003FA815+567317]
	Ordinal0 [0x003FA135+565557]
	Ordinal0 [0x003F6776+550774]
	Ordinal0 [0x003FA0F1+565489]
	Ordinal0 [0x003F9F13+565011]
	Ordinal0 [0x003F9D07+564487]
	Ordinal0 [0x004082C0+623296]
	Ordinal0 [0x003A6BDD+224221]
	Ordinal0 [0x003A5CAC+220332]
	Ordinal0 [0x003A189B+202907]
	Ordinal0 [0x00383DF4+81396]
	Ordinal0 [0x00384DEE+85486]
	Ordinal0 [0x00384D79+85369]
	Ordinal0 [0x005985DC+2262492]
	GetHandleVerifier [0x00822874+1487204]
	GetHandleVerifier [0x008223CD+1486013]
	GetHandleVerifier [0x0082A368+1518680]
	GetHandleVerifier [0x00822F4E+1488958]
	Ordinal0 [0x0058ED0D+2223373]
	Ordinal0 [0x0059A12B+2269483]
	Ordinal0 [0x0059A26F+2269807]
	Ordinal0 [0x005AECB8+2354360]
	BaseThreadInitThunk [0x75AFFA29+25]
	RtlGetAppContainerNamedObjectPath [0x77D176B4+228]
	RtlGetAppContainerNamedObjectPath [0x77D17684+180]

	at org.openqa.selenium.remote.W3CHandshakeResponse.lambda$errorHandler$0(W3CHandshakeResponse.java:62)
	at org.openqa.selenium.remote.HandshakeResponse.lambda$getResponseFunction$0(HandshakeResponse.java:30)
	at org.openqa.selenium.remote.ProtocolHandshake.lambda$createSession$0(ProtocolHandshake.java:126)
	at java.util.stream.ReferencePipeline$3$1.accept(ReferencePipeline.java:193)
	at java.util.Spliterators$ArraySpliterator.tryAdvance(Spliterators.java:958)
	at java.util.stream.ReferencePipeline.forEachWithCancel(ReferencePipeline.java:126)
	at java.util.stream.AbstractPipeline.copyIntoWithCancel(AbstractPipeline.java:499)
	at java.util.stream.AbstractPipeline.copyInto(AbstractPipeline.java:486)
	at java.util.stream.AbstractPipeline.wrapAndCopyInto(AbstractPipeline.java:472)
	at java.util.stream.FindOps$FindOp.evaluateSequential(FindOps.java:152)
	at java.util.stream.AbstractPipeline.evaluate(AbstractPipeline.java:234)
	at java.util.stream.ReferencePipeline.findFirst(ReferencePipeline.java:464)
	at org.openqa.selenium.remote.ProtocolHandshake.createSession(ProtocolHandshake.java:128)
	at org.openqa.selenium.remote.ProtocolHandshake.createSession(ProtocolHandshake.java:74)
	at org.openqa.selenium.remote.HttpCommandExecutor.execute(HttpCommandExecutor.java:136)
	at org.openqa.selenium.remote.service.DriverCommandExecutor.execute(DriverCommandExecutor.java:83)
	at org.openqa.selenium.remote.RemoteWebDriver.execute(RemoteWebDriver.java:552)
	at org.openqa.selenium.remote.RemoteWebDriver.startSession(RemoteWebDriver.java:213)
	at org.openqa.selenium.remote.RemoteWebDriver.&lt;init&gt;(RemoteWebDriver.java:131)
	at org.openqa.selenium.chrome.ChromeDriver.&lt;init&gt;(ChromeDriver.java:181)
	at org.openqa.selenium.chrome.ChromeDriver.&lt;init&gt;(ChromeDriver.java:168)
	at org.openqa.selenium.chrome.ChromeDriver.&lt;init&gt;(ChromeDriver.java:157)
	at resources.base.initializeDriver(base.java:41)
	at Academy.validateTitle.initialize(validateTitle.java:30)
	at java.util.concurrent.FutureTask.run(FutureTask.java:266)
	at java.util.concurrent.ThreadPoolExecutor.runWorker(ThreadPoolExecutor.java:1149)
	at java.util.concurrent.ThreadPoolExecutor$Worker.run(ThreadPoolExecutor.java:624)
	at java.lang.Thread.run(Thread.java:748)
... Removed 19 stack frames</pre></div><a href='#' onClick='toggleBox("stack-trace612131130", this, "Click to show all stack frames", "Click to hide stack frames")'>Click to show all stack frames</a>
<div class='stack-trace' id='stack-trace612131130'><pre>org.openqa.selenium.SessionNotCreatedException: session not created
from timeout: Timed out receiving message from renderer: 600.000
  (Session info: chrome=88.0.4324.150)
Build info: version: &apos;3.141.59&apos;, revision: &apos;e82be7d358&apos;, time: &apos;2018-11-14T08:17:03&apos;
System info: host: &apos;SHANOO&apos;, ip: &apos;192.168.1.6&apos;, os.name: &apos;Windows 10&apos;, os.arch: &apos;amd64&apos;, os.version: &apos;10.0&apos;, java.version: &apos;1.8.0_271&apos;
Driver info: driver.version: ChromeDriver
remote stacktrace: Backtrace:
	Ordinal0 [0x0069C0C3+3326147]
	Ordinal0 [0x00580851+2164817]
	Ordinal0 [0x00407298+619160]
	Ordinal0 [0x003FB17F+569727]
	Ordinal0 [0x003FA421+566305]
	Ordinal0 [0x003FA815+567317]
	Ordinal0 [0x003FA135+565557]
	Ordinal0 [0x004038B1+604337]
	Ordinal0 [0x003FA0F1+565489]
	Ordinal0 [0x003FAEA2+568994]
	Ordinal0 [0x003FA421+566305]
	Ordinal0 [0x003FA815+567317]
	Ordinal0 [0x003FA135+565557]
	Ordinal0 [0x00401D2C+597292]
	Ordinal0 [0x003FA0F1+565489]
	Ordinal0 [0x003FAEA2+568994]
	Ordinal0 [0x003FA421+566305]
	Ordinal0 [0x003FA815+567317]
	Ordinal0 [0x003FA135+565557]
	Ordinal0 [0x003FFE62+589410]
	Ordinal0 [0x003FA0F1+565489]
	Ordinal0 [0x003FAEA2+568994]
	Ordinal0 [0x003FA421+566305]
	Ordinal0 [0x003FA815+567317]
	Ordinal0 [0x003FA135+565557]
	Ordinal0 [0x003FF075+585845]
	Ordinal0 [0x003FA0F1+565489]
	Ordinal0 [0x003FAEA2+568994]
	Ordinal0 [0x003FA421+566305]
	Ordinal0 [0x003FA815+567317]
	Ordinal0 [0x003FA135+565557]
	Ordinal0 [0x003F6776+550774]
	Ordinal0 [0x003FA0F1+565489]
	Ordinal0 [0x003F9F13+565011]
	Ordinal0 [0x003F9D07+564487]
	Ordinal0 [0x004082C0+623296]
	Ordinal0 [0x003A6BDD+224221]
	Ordinal0 [0x003A5CAC+220332]
	Ordinal0 [0x003A189B+202907]
	Ordinal0 [0x00383DF4+81396]
	Ordinal0 [0x00384DEE+85486]
	Ordinal0 [0x00384D79+85369]
	Ordinal0 [0x005985DC+2262492]
	GetHandleVerifier [0x00822874+1487204]
	GetHandleVerifier [0x008223CD+1486013]
	GetHandleVerifier [0x0082A368+1518680]
	GetHandleVerifier [0x00822F4E+1488958]
	Ordinal0 [0x0058ED0D+2223373]
	Ordinal0 [0x0059A12B+2269483]
	Ordinal0 [0x0059A26F+2269807]
	Ordinal0 [0x005AECB8+2354360]
	BaseThreadInitThunk [0x75AFFA29+25]
	RtlGetAppContainerNamedObjectPath [0x77D176B4+228]
	RtlGetAppContainerNamedObjectPath [0x77D17684+180]

	at sun.reflect.NativeConstructorAccessorImpl.newInstance0(Native Method)
	at sun.reflect.NativeConstructorAccessorImpl.newInstance(NativeConstructorAccessorImpl.java:62)
	at sun.reflect.DelegatingConstructorAccessorImpl.newInstance(DelegatingConstructorAccessorImpl.java:45)
	at java.lang.reflect.Constructor.newInstance(Constructor.java:423)
	at org.openqa.selenium.remote.W3CHandshakeResponse.lambda$errorHandler$0(W3CHandshakeResponse.java:62)
	at org.openqa.selenium.remote.HandshakeResponse.lambda$getResponseFunction$0(HandshakeResponse.java:30)
	at org.openqa.selenium.remote.ProtocolHandshake.lambda$createSession$0(ProtocolHandshake.java:126)
	at java.util.stream.ReferencePipeline$3$1.accept(ReferencePipeline.java:193)
	at java.util.Spliterators$ArraySpliterator.tryAdvance(Spliterators.java:958)
	at java.util.stream.ReferencePipeline.forEachWithCancel(ReferencePipeline.java:126)
	at java.util.stream.AbstractPipeline.copyIntoWithCancel(AbstractPipeline.java:499)
	at java.util.stream.AbstractPipeline.copyInto(AbstractPipeline.java:486)
	at java.util.stream.AbstractPipeline.wrapAndCopyInto(AbstractPipeline.java:472)
	at java.util.stream.FindOps$FindOp.evaluateSequential(FindOps.java:152)
	at java.util.stream.AbstractPipeline.evaluate(AbstractPipeline.java:234)
	at java.util.stream.ReferencePipeline.findFirst(ReferencePipeline.java:464)
	at org.openqa.selenium.remote.ProtocolHandshake.createSession(ProtocolHandshake.java:128)
	at org.openqa.selenium.remote.ProtocolHandshake.createSession(ProtocolHandshake.java:74)
	at org.openqa.selenium.remote.HttpCommandExecutor.execute(HttpCommandExecutor.java:136)
	at org.openqa.selenium.remote.service.DriverCommandExecutor.execute(DriverCommandExecutor.java:83)
	at org.openqa.selenium.remote.RemoteWebDriver.execute(RemoteWebDriver.java:552)
	at org.openqa.selenium.remote.RemoteWebDriver.startSession(RemoteWebDriver.java:213)
	at org.openqa.selenium.remote.RemoteWebDriver.&lt;init&gt;(RemoteWebDriver.java:131)
	at org.openqa.selenium.chrome.ChromeDriver.&lt;init&gt;(ChromeDriver.java:181)
	at org.openqa.selenium.chrome.ChromeDriver.&lt;init&gt;(ChromeDriver.java:168)
	at org.openqa.selenium.chrome.ChromeDriver.&lt;init&gt;(ChromeDriver.java:157)
	at resources.base.initializeDriver(base.java:41)
	at Academy.validateTitle.initialize(validateTitle.java:30)
	at sun.reflect.NativeMethodAccessorImpl.invoke0(Native Method)
	at sun.reflect.NativeMethodAccessorImpl.invoke(NativeMethodAccessorImpl.java:62)
	at sun.reflect.DelegatingMethodAccessorImpl.invoke(DelegatingMethodAccessorImpl.java:43)
	at java.lang.reflect.Method.invoke(Method.java:498)
	at org.testng.internal.MethodInvocationHelper.invokeMethod(MethodInvocationHelper.java:132)
	at org.testng.internal.MethodInvocationHelper.invokeMethodConsideringTimeout(MethodInvocationHelper.java:61)
	at org.testng.internal.ConfigInvoker.invokeConfigurationMethod(ConfigInvoker.java:366)
	at org.testng.internal.ConfigInvoker.invokeConfigurations(ConfigInvoker.java:320)
	at org.testng.TestRunner.invokeTestConfigurations(TestRunner.java:617)
	at org.testng.TestRunner.beforeRun(TestRunner.java:607)
	at org.testng.TestRunner.run(TestRunner.java:578)
	at org.testng.SuiteRunner.runTest(SuiteRunner.java:384)
	at org.testng.SuiteRunner.access$000(SuiteRunner.java:28)
	at org.testng.SuiteRunner$SuiteWorker.run(SuiteRunner.java:425)
	at org.testng.internal.thread.ThreadUtil.lambda$execute$0(ThreadUtil.java:66)
	at java.util.concurrent.FutureTask.run(FutureTask.java:266)
	at java.util.concurrent.ThreadPoolExecutor.runWorker(ThreadPoolExecutor.java:1149)
	at java.util.concurrent.ThreadPoolExecutor$Worker.run(ThreadPoolExecutor.java:624)
	at java.lang.Thread.run(Thread.java:748)
</pre></div></td>
<td>621</td>
<td>Academy.validateTitle@6f27a732</td></tr>
<tr>
<td title='Academy.HomePage.initialize()'><b>initialize</b><br>Test class: Academy.HomePage</td>
<td><div><pre>org.openqa.selenium.SessionNotCreatedException: session not created
from timeout: Timed out receiving message from renderer: 600.000
  (Session info: chrome=88.0.4324.150)
Build info: version: &apos;3.141.59&apos;, revision: &apos;e82be7d358&apos;, time: &apos;2018-11-14T08:17:03&apos;
System info: host: &apos;SHANOO&apos;, ip: &apos;192.168.1.6&apos;, os.name: &apos;Windows 10&apos;, os.arch: &apos;amd64&apos;, os.version: &apos;10.0&apos;, java.version: &apos;1.8.0_271&apos;
Driver info: driver.version: ChromeDriver
remote stacktrace: Backtrace:
	Ordinal0 [0x0069C0C3+3326147]
	Ordinal0 [0x00580851+2164817]
	Ordinal0 [0x00407298+619160]
	Ordinal0 [0x003FB17F+569727]
	Ordinal0 [0x003FA421+566305]
	Ordinal0 [0x003FA815+567317]
	Ordinal0 [0x003FA135+565557]
	Ordinal0 [0x004038B1+604337]
	Ordinal0 [0x003FA0F1+565489]
	Ordinal0 [0x003FAEA2+568994]
	Ordinal0 [0x003FA421+566305]
	Ordinal0 [0x003FA815+567317]
	Ordinal0 [0x003FA135+565557]
	Ordinal0 [0x00401D2C+597292]
	Ordinal0 [0x003FA0F1+565489]
	Ordinal0 [0x003FAEA2+568994]
	Ordinal0 [0x003FA421+566305]
	Ordinal0 [0x003FA815+567317]
	Ordinal0 [0x003FA135+565557]
	Ordinal0 [0x003FFE62+589410]
	Ordinal0 [0x003FA0F1+565489]
	Ordinal0 [0x003FAEA2+568994]
	Ordinal0 [0x003FA421+566305]
	Ordinal0 [0x003FA815+567317]
	Ordinal0 [0x003FA135+565557]
	Ordinal0 [0x003FF075+585845]
	Ordinal0 [0x003FA0F1+565489]
	Ordinal0 [0x003FAEA2+568994]
	Ordinal0 [0x003FA421+566305]
	Ordinal0 [0x003FA815+567317]
	Ordinal0 [0x003FA135+565557]
	Ordinal0 [0x003F6776+550774]
	Ordinal0 [0x003FA0F1+565489]
	Ordinal0 [0x003F9F13+565011]
	Ordinal0 [0x003F9D07+564487]
	Ordinal0 [0x004082C0+623296]
	Ordinal0 [0x003A6BDD+224221]
	Ordinal0 [0x003A5CAC+220332]
	Ordinal0 [0x003A189B+202907]
	Ordinal0 [0x00383DF4+81396]
	Ordinal0 [0x00384DEE+85486]
	Ordinal0 [0x00384D79+85369]
	Ordinal0 [0x005985DC+2262492]
	GetHandleVerifier [0x00822874+1487204]
	GetHandleVerifier [0x008223CD+1486013]
	GetHandleVerifier [0x0082A368+1518680]
	GetHandleVerifier [0x00822F4E+1488958]
	Ordinal0 [0x0058ED0D+2223373]
	Ordinal0 [0x0059A12B+2269483]
	Ordinal0 [0x0059A26F+2269807]
	Ordinal0 [0x005AECB8+2354360]
	BaseThreadInitThunk [0x75AFFA29+25]
	RtlGetAppContainerNamedObjectPath [0x77D176B4+228]
	RtlGetAppContainerNamedObjectPath [0x77D17684+180]

	at org.openqa.selenium.remote.W3CHandshakeResponse.lambda$errorHandler$0(W3CHandshakeResponse.java:62)
	at org.openqa.selenium.remote.HandshakeResponse.lambda$getResponseFunction$0(HandshakeResponse.java:30)
	at org.openqa.selenium.remote.ProtocolHandshake.lambda$createSession$0(ProtocolHandshake.java:126)
	at java.util.stream.ReferencePipeline$3$1.accept(ReferencePipeline.java:193)
	at java.util.Spliterators$ArraySpliterator.tryAdvance(Spliterators.java:958)
	at java.util.stream.ReferencePipeline.forEachWithCancel(ReferencePipeline.java:126)
	at java.util.stream.AbstractPipeline.copyIntoWithCancel(AbstractPipeline.java:499)
	at java.util.stream.AbstractPipeline.copyInto(AbstractPipeline.java:486)
	at java.util.stream.AbstractPipeline.wrapAndCopyInto(AbstractPipeline.java:472)
	at java.util.stream.FindOps$FindOp.evaluateSequential(FindOps.java:152)
	at java.util.stream.AbstractPipeline.evaluate(AbstractPipeline.java:234)
	at java.util.stream.ReferencePipeline.findFirst(ReferencePipeline.java:464)
	at org.openqa.selenium.remote.ProtocolHandshake.createSession(ProtocolHandshake.java:128)
	at org.openqa.selenium.remote.ProtocolHandshake.createSession(ProtocolHandshake.java:74)
	at org.openqa.selenium.remote.HttpCommandExecutor.execute(HttpCommandExecutor.java:136)
	at org.openqa.selenium.remote.service.DriverCommandExecutor.execute(DriverCommandExecutor.java:83)
	at org.openqa.selenium.remote.RemoteWebDriver.execute(RemoteWebDriver.java:552)
	at org.openqa.selenium.remote.RemoteWebDriver.startSession(RemoteWebDriver.java:213)
	at org.openqa.selenium.remote.RemoteWebDriver.&lt;init&gt;(RemoteWebDriver.java:131)
	at org.openqa.selenium.chrome.ChromeDriver.&lt;init&gt;(ChromeDriver.java:181)
	at org.openqa.selenium.chrome.ChromeDriver.&lt;init&gt;(ChromeDriver.java:168)
	at org.openqa.selenium.chrome.ChromeDriver.&lt;init&gt;(ChromeDriver.java:157)
	at resources.base.initializeDriver(base.java:41)
	at Academy.HomePage.initialize(HomePage.java:29)
	at java.util.concurrent.FutureTask.run(FutureTask.java:266)
	at java.util.concurrent.ThreadPoolExecutor.runWorker(ThreadPoolExecutor.java:1149)
	at java.util.concurrent.ThreadPoolExecutor$Worker.run(ThreadPoolExecutor.java:624)
	at java.lang.Thread.run(Thread.java:748)
... Removed 19 stack frames</pre></div><a href='#' onClick='toggleBox("stack-trace9681667", this, "Click to show all stack frames", "Click to hide stack frames")'>Click to show all stack frames</a>
<div class='stack-trace' id='stack-trace9681667'><pre>org.openqa.selenium.SessionNotCreatedException: session not created
from timeout: Timed out receiving message from renderer: 600.000
  (Session info: chrome=88.0.4324.150)
Build info: version: &apos;3.141.59&apos;, revision: &apos;e82be7d358&apos;, time: &apos;2018-11-14T08:17:03&apos;
System info: host: &apos;SHANOO&apos;, ip: &apos;192.168.1.6&apos;, os.name: &apos;Windows 10&apos;, os.arch: &apos;amd64&apos;, os.version: &apos;10.0&apos;, java.version: &apos;1.8.0_271&apos;
Driver info: driver.version: ChromeDriver
remote stacktrace: Backtrace:
	Ordinal0 [0x0069C0C3+3326147]
	Ordinal0 [0x00580851+2164817]
	Ordinal0 [0x00407298+619160]
	Ordinal0 [0x003FB17F+569727]
	Ordinal0 [0x003FA421+566305]
	Ordinal0 [0x003FA815+567317]
	Ordinal0 [0x003FA135+565557]
	Ordinal0 [0x004038B1+604337]
	Ordinal0 [0x003FA0F1+565489]
	Ordinal0 [0x003FAEA2+568994]
	Ordinal0 [0x003FA421+566305]
	Ordinal0 [0x003FA815+567317]
	Ordinal0 [0x003FA135+565557]
	Ordinal0 [0x00401D2C+597292]
	Ordinal0 [0x003FA0F1+565489]
	Ordinal0 [0x003FAEA2+568994]
	Ordinal0 [0x003FA421+566305]
	Ordinal0 [0x003FA815+567317]
	Ordinal0 [0x003FA135+565557]
	Ordinal0 [0x003FFE62+589410]
	Ordinal0 [0x003FA0F1+565489]
	Ordinal0 [0x003FAEA2+568994]
	Ordinal0 [0x003FA421+566305]
	Ordinal0 [0x003FA815+567317]
	Ordinal0 [0x003FA135+565557]
	Ordinal0 [0x003FF075+585845]
	Ordinal0 [0x003FA0F1+565489]
	Ordinal0 [0x003FAEA2+568994]
	Ordinal0 [0x003FA421+566305]
	Ordinal0 [0x003FA815+567317]
	Ordinal0 [0x003FA135+565557]
	Ordinal0 [0x003F6776+550774]
	Ordinal0 [0x003FA0F1+565489]
	Ordinal0 [0x003F9F13+565011]
	Ordinal0 [0x003F9D07+564487]
	Ordinal0 [0x004082C0+623296]
	Ordinal0 [0x003A6BDD+224221]
	Ordinal0 [0x003A5CAC+220332]
	Ordinal0 [0x003A189B+202907]
	Ordinal0 [0x00383DF4+81396]
	Ordinal0 [0x00384DEE+85486]
	Ordinal0 [0x00384D79+85369]
	Ordinal0 [0x005985DC+2262492]
	GetHandleVerifier [0x00822874+1487204]
	GetHandleVerifier [0x008223CD+1486013]
	GetHandleVerifier [0x0082A368+1518680]
	GetHandleVerifier [0x00822F4E+1488958]
	Ordinal0 [0x0058ED0D+2223373]
	Ordinal0 [0x0059A12B+2269483]
	Ordinal0 [0x0059A26F+2269807]
	Ordinal0 [0x005AECB8+2354360]
	BaseThreadInitThunk [0x75AFFA29+25]
	RtlGetAppContainerNamedObjectPath [0x77D176B4+228]
	RtlGetAppContainerNamedObjectPath [0x77D17684+180]

	at sun.reflect.NativeConstructorAccessorImpl.newInstance0(Native Method)
	at sun.reflect.NativeConstructorAccessorImpl.newInstance(NativeConstructorAccessorImpl.java:62)
	at sun.reflect.DelegatingConstructorAccessorImpl.newInstance(DelegatingConstructorAccessorImpl.java:45)
	at java.lang.reflect.Constructor.newInstance(Constructor.java:423)
	at org.openqa.selenium.remote.W3CHandshakeResponse.lambda$errorHandler$0(W3CHandshakeResponse.java:62)
	at org.openqa.selenium.remote.HandshakeResponse.lambda$getResponseFunction$0(HandshakeResponse.java:30)
	at org.openqa.selenium.remote.ProtocolHandshake.lambda$createSession$0(ProtocolHandshake.java:126)
	at java.util.stream.ReferencePipeline$3$1.accept(ReferencePipeline.java:193)
	at java.util.Spliterators$ArraySpliterator.tryAdvance(Spliterators.java:958)
	at java.util.stream.ReferencePipeline.forEachWithCancel(ReferencePipeline.java:126)
	at java.util.stream.AbstractPipeline.copyIntoWithCancel(AbstractPipeline.java:499)
	at java.util.stream.AbstractPipeline.copyInto(AbstractPipeline.java:486)
	at java.util.stream.AbstractPipeline.wrapAndCopyInto(AbstractPipeline.java:472)
	at java.util.stream.FindOps$FindOp.evaluateSequential(FindOps.java:152)
	at java.util.stream.AbstractPipeline.evaluate(AbstractPipeline.java:234)
	at java.util.stream.ReferencePipeline.findFirst(ReferencePipeline.java:464)
	at org.openqa.selenium.remote.ProtocolHandshake.createSession(ProtocolHandshake.java:128)
	at org.openqa.selenium.remote.ProtocolHandshake.createSession(ProtocolHandshake.java:74)
	at org.openqa.selenium.remote.HttpCommandExecutor.execute(HttpCommandExecutor.java:136)
	at org.openqa.selenium.remote.service.DriverCommandExecutor.execute(DriverCommandExecutor.java:83)
	at org.openqa.selenium.remote.RemoteWebDriver.execute(RemoteWebDriver.java:552)
	at org.openqa.selenium.remote.RemoteWebDriver.startSession(RemoteWebDriver.java:213)
	at org.openqa.selenium.remote.RemoteWebDriver.&lt;init&gt;(RemoteWebDriver.java:131)
	at org.openqa.selenium.chrome.ChromeDriver.&lt;init&gt;(ChromeDriver.java:181)
	at org.openqa.selenium.chrome.ChromeDriver.&lt;init&gt;(ChromeDriver.java:168)
	at org.openqa.selenium.chrome.ChromeDriver.&lt;init&gt;(ChromeDriver.java:157)
	at resources.base.initializeDriver(base.java:41)
	at Academy.HomePage.initialize(HomePage.java:29)
	at sun.reflect.NativeMethodAccessorImpl.invoke0(Native Method)
	at sun.reflect.NativeMethodAccessorImpl.invoke(NativeMethodAccessorImpl.java:62)
	at sun.reflect.DelegatingMethodAccessorImpl.invoke(DelegatingMethodAccessorImpl.java:43)
	at java.lang.reflect.Method.invoke(Method.java:498)
	at org.testng.internal.MethodInvocationHelper.invokeMethod(MethodInvocationHelper.java:132)
	at org.testng.internal.MethodInvocationHelper.invokeMethodConsideringTimeout(MethodInvocationHelper.java:61)
	at org.testng.internal.ConfigInvoker.invokeConfigurationMethod(ConfigInvoker.java:366)
	at org.testng.internal.ConfigInvoker.invokeConfigurations(ConfigInvoker.java:320)
	at org.testng.TestRunner.invokeTestConfigurations(TestRunner.java:617)
	at org.testng.TestRunner.beforeRun(TestRunner.java:607)
	at org.testng.TestRunner.run(TestRunner.java:578)
	at org.testng.SuiteRunner.runTest(SuiteRunner.java:384)
	at org.testng.SuiteRunner.access$000(SuiteRunner.java:28)
	at org.testng.SuiteRunner$SuiteWorker.run(SuiteRunner.java:425)
	at org.testng.internal.thread.ThreadUtil.lambda$execute$0(ThreadUtil.java:66)
	at java.util.concurrent.FutureTask.run(FutureTask.java:266)
	at java.util.concurrent.ThreadPoolExecutor.runWorker(ThreadPoolExecutor.java:1149)
	at java.util.concurrent.ThreadPoolExecutor$Worker.run(ThreadPoolExecutor.java:624)
	at java.lang.Thread.run(Thread.java:748)
</pre></div></td>
<td>621</td>
<td>Academy.HomePage@4f67eb2a</td></tr>
</table><p>
<table width='100%' border='1' class='invocation-skipped'>
<tr><td colspan='4' align='center'><b>SKIPPED CONFIGURATIONS</b></td></tr>
<tr><td><b>Test method</b></td>
<td width="30%"><b>Exception</b></td>
<td width="10%"><b>Time (seconds)</b></td>
<td><b>Instance</b></td>
</tr>
<tr>
<td title='Academy.validateTitle.teardown()'><b>teardown</b><br>Test class: Academy.validateTitle</td>
<td></td>
<td>-1613360813</td>
<td>Academy.validateTitle@6f27a732</td></tr>
<tr>
<td title='Academy.HomePage.teardown()'><b>teardown</b><br>Test class: Academy.HomePage</td>
<td></td>
<td>-1613360813</td>
<td>Academy.HomePage@4f67eb2a</td></tr>
</table><p>
<table width='100%' border='1' class='invocation-skipped'>
<tr><td colspan='4' align='center'><b>SKIPPED TESTS</b></td></tr>
<tr><td><b>Test method</b></td>
<td width="30%"><b>Exception</b></td>
<td width="10%"><b>Time (seconds)</b></td>
<td><b>Instance</b></td>
</tr>
<tr>
<td title='Academy.HomePage.basePageNavigation()'><b>basePageNavigation</b><br>Test class: Academy.HomePage<br>Parameters: nonrestricteduser@qw.com, 123456, Restrcited User</td>
<td><div><pre>org.openqa.selenium.SessionNotCreatedException: session not created
from timeout: Timed out receiving message from renderer: 600.000
  (Session info: chrome=88.0.4324.150)
Build info: version: &apos;3.141.59&apos;, revision: &apos;e82be7d358&apos;, time: &apos;2018-11-14T08:17:03&apos;
System info: host: &apos;SHANOO&apos;, ip: &apos;192.168.1.6&apos;, os.name: &apos;Windows 10&apos;, os.arch: &apos;amd64&apos;, os.version: &apos;10.0&apos;, java.version: &apos;1.8.0_271&apos;
Driver info: driver.version: ChromeDriver
remote stacktrace: Backtrace:
	Ordinal0 [0x0069C0C3+3326147]
	Ordinal0 [0x00580851+2164817]
	Ordinal0 [0x00407298+619160]
	Ordinal0 [0x003FB17F+569727]
	Ordinal0 [0x003FA421+566305]
	Ordinal0 [0x003FA815+567317]
	Ordinal0 [0x003FA135+565557]
	Ordinal0 [0x004038B1+604337]
	Ordinal0 [0x003FA0F1+565489]
	Ordinal0 [0x003FAEA2+568994]
	Ordinal0 [0x003FA421+566305]
	Ordinal0 [0x003FA815+567317]
	Ordinal0 [0x003FA135+565557]
	Ordinal0 [0x00401D2C+597292]
	Ordinal0 [0x003FA0F1+565489]
	Ordinal0 [0x003FAEA2+568994]
	Ordinal0 [0x003FA421+566305]
	Ordinal0 [0x003FA815+567317]
	Ordinal0 [0x003FA135+565557]
	Ordinal0 [0x003FFE62+589410]
	Ordinal0 [0x003FA0F1+565489]
	Ordinal0 [0x003FAEA2+568994]
	Ordinal0 [0x003FA421+566305]
	Ordinal0 [0x003FA815+567317]
	Ordinal0 [0x003FA135+565557]
	Ordinal0 [0x003FF075+585845]
	Ordinal0 [0x003FA0F1+565489]
	Ordinal0 [0x003FAEA2+568994]
	Ordinal0 [0x003FA421+566305]
	Ordinal0 [0x003FA815+567317]
	Ordinal0 [0x003FA135+565557]
	Ordinal0 [0x003F6776+550774]
	Ordinal0 [0x003FA0F1+565489]
	Ordinal0 [0x003F9F13+565011]
	Ordinal0 [0x003F9D07+564487]
	Ordinal0 [0x004082C0+623296]
	Ordinal0 [0x003A6BDD+224221]
	Ordinal0 [0x003A5CAC+220332]
	Ordinal0 [0x003A189B+202907]
	Ordinal0 [0x00383DF4+81396]
	Ordinal0 [0x00384DEE+85486]
	Ordinal0 [0x00384D79+85369]
	Ordinal0 [0x005985DC+2262492]
	GetHandleVerifier [0x00822874+1487204]
	GetHandleVerifier [0x008223CD+1486013]
	GetHandleVerifier [0x0082A368+1518680]
	GetHandleVerifier [0x00822F4E+1488958]
	Ordinal0 [0x0058ED0D+2223373]
	Ordinal0 [0x0059A12B+2269483]
	Ordinal0 [0x0059A26F+2269807]
	Ordinal0 [0x005AECB8+2354360]
	BaseThreadInitThunk [0x75AFFA29+25]
	RtlGetAppContainerNamedObjectPath [0x77D176B4+228]
	RtlGetAppContainerNamedObjectPath [0x77D17684+180]

	at org.openqa.selenium.remote.W3CHandshakeResponse.lambda$errorHandler$0(W3CHandshakeResponse.java:62)
	at org.openqa.selenium.remote.HandshakeResponse.lambda$getResponseFunction$0(HandshakeResponse.java:30)
	at org.openqa.selenium.remote.ProtocolHandshake.lambda$createSession$0(ProtocolHandshake.java:126)
	at java.util.stream.ReferencePipeline$3$1.accept(ReferencePipeline.java:193)
	at java.util.Spliterators$ArraySpliterator.tryAdvance(Spliterators.java:958)
	at java.util.stream.ReferencePipeline.forEachWithCancel(ReferencePipeline.java:126)
	at java.util.stream.AbstractPipeline.copyIntoWithCancel(AbstractPipeline.java:499)
	at java.util.stream.AbstractPipeline.copyInto(AbstractPipeline.java:486)
	at java.util.stream.AbstractPipeline.wrapAndCopyInto(AbstractPipeline.java:472)
	at java.util.stream.FindOps$FindOp.evaluateSequential(FindOps.java:152)
	at java.util.stream.AbstractPipeline.evaluate(AbstractPipeline.java:234)
	at java.util.stream.ReferencePipeline.findFirst(ReferencePipeline.java:464)
	at org.openqa.selenium.remote.ProtocolHandshake.createSession(ProtocolHandshake.java:128)
	at org.openqa.selenium.remote.ProtocolHandshake.createSession(ProtocolHandshake.java:74)
	at org.openqa.selenium.remote.HttpCommandExecutor.execute(HttpCommandExecutor.java:136)
	at org.openqa.selenium.remote.service.DriverCommandExecutor.execute(DriverCommandExecutor.java:83)
	at org.openqa.selenium.remote.RemoteWebDriver.execute(RemoteWebDriver.java:552)
	at org.openqa.selenium.remote.RemoteWebDriver.startSession(RemoteWebDriver.java:213)
	at org.openqa.selenium.remote.RemoteWebDriver.&lt;init&gt;(RemoteWebDriver.java:131)
	at org.openqa.selenium.chrome.ChromeDriver.&lt;init&gt;(ChromeDriver.java:181)
	at org.openqa.selenium.chrome.ChromeDriver.&lt;init&gt;(ChromeDriver.java:168)
	at org.openqa.selenium.chrome.ChromeDriver.&lt;init&gt;(ChromeDriver.java:157)
	at resources.base.initializeDriver(base.java:41)
	at Academy.HomePage.initialize(HomePage.java:29)
	at java.util.concurrent.FutureTask.run(FutureTask.java:266)
	at java.util.concurrent.ThreadPoolExecutor.runWorker(ThreadPoolExecutor.java:1149)
	at java.util.concurrent.ThreadPoolExecutor$Worker.run(ThreadPoolExecutor.java:624)
	at java.lang.Thread.run(Thread.java:748)
... Removed 19 stack frames</pre></div><a href='#' onClick='toggleBox("stack-trace539416320", this, "Click to show all stack frames", "Click to hide stack frames")'>Click to show all stack frames</a>
<div class='stack-trace' id='stack-trace539416320'><pre>org.openqa.selenium.SessionNotCreatedException: session not created
from timeout: Timed out receiving message from renderer: 600.000
  (Session info: chrome=88.0.4324.150)
Build info: version: &apos;3.141.59&apos;, revision: &apos;e82be7d358&apos;, time: &apos;2018-11-14T08:17:03&apos;
System info: host: &apos;SHANOO&apos;, ip: &apos;192.168.1.6&apos;, os.name: &apos;Windows 10&apos;, os.arch: &apos;amd64&apos;, os.version: &apos;10.0&apos;, java.version: &apos;1.8.0_271&apos;
Driver info: driver.version: ChromeDriver
remote stacktrace: Backtrace:
	Ordinal0 [0x0069C0C3+3326147]
	Ordinal0 [0x00580851+2164817]
	Ordinal0 [0x00407298+619160]
	Ordinal0 [0x003FB17F+569727]
	Ordinal0 [0x003FA421+566305]
	Ordinal0 [0x003FA815+567317]
	Ordinal0 [0x003FA135+565557]
	Ordinal0 [0x004038B1+604337]
	Ordinal0 [0x003FA0F1+565489]
	Ordinal0 [0x003FAEA2+568994]
	Ordinal0 [0x003FA421+566305]
	Ordinal0 [0x003FA815+567317]
	Ordinal0 [0x003FA135+565557]
	Ordinal0 [0x00401D2C+597292]
	Ordinal0 [0x003FA0F1+565489]
	Ordinal0 [0x003FAEA2+568994]
	Ordinal0 [0x003FA421+566305]
	Ordinal0 [0x003FA815+567317]
	Ordinal0 [0x003FA135+565557]
	Ordinal0 [0x003FFE62+589410]
	Ordinal0 [0x003FA0F1+565489]
	Ordinal0 [0x003FAEA2+568994]
	Ordinal0 [0x003FA421+566305]
	Ordinal0 [0x003FA815+567317]
	Ordinal0 [0x003FA135+565557]
	Ordinal0 [0x003FF075+585845]
	Ordinal0 [0x003FA0F1+565489]
	Ordinal0 [0x003FAEA2+568994]
	Ordinal0 [0x003FA421+566305]
	Ordinal0 [0x003FA815+567317]
	Ordinal0 [0x003FA135+565557]
	Ordinal0 [0x003F6776+550774]
	Ordinal0 [0x003FA0F1+565489]
	Ordinal0 [0x003F9F13+565011]
	Ordinal0 [0x003F9D07+564487]
	Ordinal0 [0x004082C0+623296]
	Ordinal0 [0x003A6BDD+224221]
	Ordinal0 [0x003A5CAC+220332]
	Ordinal0 [0x003A189B+202907]
	Ordinal0 [0x00383DF4+81396]
	Ordinal0 [0x00384DEE+85486]
	Ordinal0 [0x00384D79+85369]
	Ordinal0 [0x005985DC+2262492]
	GetHandleVerifier [0x00822874+1487204]
	GetHandleVerifier [0x008223CD+1486013]
	GetHandleVerifier [0x0082A368+1518680]
	GetHandleVerifier [0x00822F4E+1488958]
	Ordinal0 [0x0058ED0D+2223373]
	Ordinal0 [0x0059A12B+2269483]
	Ordinal0 [0x0059A26F+2269807]
	Ordinal0 [0x005AECB8+2354360]
	BaseThreadInitThunk [0x75AFFA29+25]
	RtlGetAppContainerNamedObjectPath [0x77D176B4+228]
	RtlGetAppContainerNamedObjectPath [0x77D17684+180]

	at sun.reflect.NativeConstructorAccessorImpl.newInstance0(Native Method)
	at sun.reflect.NativeConstructorAccessorImpl.newInstance(NativeConstructorAccessorImpl.java:62)
	at sun.reflect.DelegatingConstructorAccessorImpl.newInstance(DelegatingConstructorAccessorImpl.java:45)
	at java.lang.reflect.Constructor.newInstance(Constructor.java:423)
	at org.openqa.selenium.remote.W3CHandshakeResponse.lambda$errorHandler$0(W3CHandshakeResponse.java:62)
	at org.openqa.selenium.remote.HandshakeResponse.lambda$getResponseFunction$0(HandshakeResponse.java:30)
	at org.openqa.selenium.remote.ProtocolHandshake.lambda$createSession$0(ProtocolHandshake.java:126)
	at java.util.stream.ReferencePipeline$3$1.accept(ReferencePipeline.java:193)
	at java.util.Spliterators$ArraySpliterator.tryAdvance(Spliterators.java:958)
	at java.util.stream.ReferencePipeline.forEachWithCancel(ReferencePipeline.java:126)
	at java.util.stream.AbstractPipeline.copyIntoWithCancel(AbstractPipeline.java:499)
	at java.util.stream.AbstractPipeline.copyInto(AbstractPipeline.java:486)
	at java.util.stream.AbstractPipeline.wrapAndCopyInto(AbstractPipeline.java:472)
	at java.util.stream.FindOps$FindOp.evaluateSequential(FindOps.java:152)
	at java.util.stream.AbstractPipeline.evaluate(AbstractPipeline.java:234)
	at java.util.stream.ReferencePipeline.findFirst(ReferencePipeline.java:464)
	at org.openqa.selenium.remote.ProtocolHandshake.createSession(ProtocolHandshake.java:128)
	at org.openqa.selenium.remote.ProtocolHandshake.createSession(ProtocolHandshake.java:74)
	at org.openqa.selenium.remote.HttpCommandExecutor.execute(HttpCommandExecutor.java:136)
	at org.openqa.selenium.remote.service.DriverCommandExecutor.execute(DriverCommandExecutor.java:83)
	at org.openqa.selenium.remote.RemoteWebDriver.execute(RemoteWebDriver.java:552)
	at org.openqa.selenium.remote.RemoteWebDriver.startSession(RemoteWebDriver.java:213)
	at org.openqa.selenium.remote.RemoteWebDriver.&lt;init&gt;(RemoteWebDriver.java:131)
	at org.openqa.selenium.chrome.ChromeDriver.&lt;init&gt;(ChromeDriver.java:181)
	at org.openqa.selenium.chrome.ChromeDriver.&lt;init&gt;(ChromeDriver.java:168)
	at org.openqa.selenium.chrome.ChromeDriver.&lt;init&gt;(ChromeDriver.java:157)
	at resources.base.initializeDriver(base.java:41)
	at Academy.HomePage.initialize(HomePage.java:29)
	at sun.reflect.NativeMethodAccessorImpl.invoke0(Native Method)
	at sun.reflect.NativeMethodAccessorImpl.invoke(NativeMethodAccessorImpl.java:62)
	at sun.reflect.DelegatingMethodAccessorImpl.invoke(DelegatingMethodAccessorImpl.java:43)
	at java.lang.reflect.Method.invoke(Method.java:498)
	at org.testng.internal.MethodInvocationHelper.invokeMethod(MethodInvocationHelper.java:132)
	at org.testng.internal.MethodInvocationHelper.invokeMethodConsideringTimeout(MethodInvocationHelper.java:61)
	at org.testng.internal.ConfigInvoker.invokeConfigurationMethod(ConfigInvoker.java:366)
	at org.testng.internal.ConfigInvoker.invokeConfigurations(ConfigInvoker.java:320)
	at org.testng.TestRunner.invokeTestConfigurations(TestRunner.java:617)
	at org.testng.TestRunner.beforeRun(TestRunner.java:607)
	at org.testng.TestRunner.run(TestRunner.java:578)
	at org.testng.SuiteRunner.runTest(SuiteRunner.java:384)
	at org.testng.SuiteRunner.access$000(SuiteRunner.java:28)
	at org.testng.SuiteRunner$SuiteWorker.run(SuiteRunner.java:425)
	at org.testng.internal.thread.ThreadUtil.lambda$execute$0(ThreadUtil.java:66)
	at java.util.concurrent.FutureTask.run(FutureTask.java:266)
	at java.util.concurrent.ThreadPoolExecutor.runWorker(ThreadPoolExecutor.java:1149)
	at java.util.concurrent.ThreadPoolExecutor$Worker.run(ThreadPoolExecutor.java:624)
	at java.lang.Thread.run(Thread.java:748)
</pre></div></td>
<td>0</td>
<td>Academy.HomePage@4f67eb2a</td></tr>
<tr>
<td title='Academy.HomePage.basePageNavigation()'><b>basePageNavigation</b><br>Test class: Academy.HomePage<br>Parameters: restricteduser@qw.com, 456788, Non restricted user</td>
<td><div><pre>org.openqa.selenium.SessionNotCreatedException: session not created
from timeout: Timed out receiving message from renderer: 600.000
  (Session info: chrome=88.0.4324.150)
Build info: version: &apos;3.141.59&apos;, revision: &apos;e82be7d358&apos;, time: &apos;2018-11-14T08:17:03&apos;
System info: host: &apos;SHANOO&apos;, ip: &apos;192.168.1.6&apos;, os.name: &apos;Windows 10&apos;, os.arch: &apos;amd64&apos;, os.version: &apos;10.0&apos;, java.version: &apos;1.8.0_271&apos;
Driver info: driver.version: ChromeDriver
remote stacktrace: Backtrace:
	Ordinal0 [0x0069C0C3+3326147]
	Ordinal0 [0x00580851+2164817]
	Ordinal0 [0x00407298+619160]
	Ordinal0 [0x003FB17F+569727]
	Ordinal0 [0x003FA421+566305]
	Ordinal0 [0x003FA815+567317]
	Ordinal0 [0x003FA135+565557]
	Ordinal0 [0x004038B1+604337]
	Ordinal0 [0x003FA0F1+565489]
	Ordinal0 [0x003FAEA2+568994]
	Ordinal0 [0x003FA421+566305]
	Ordinal0 [0x003FA815+567317]
	Ordinal0 [0x003FA135+565557]
	Ordinal0 [0x00401D2C+597292]
	Ordinal0 [0x003FA0F1+565489]
	Ordinal0 [0x003FAEA2+568994]
	Ordinal0 [0x003FA421+566305]
	Ordinal0 [0x003FA815+567317]
	Ordinal0 [0x003FA135+565557]
	Ordinal0 [0x003FFE62+589410]
	Ordinal0 [0x003FA0F1+565489]
	Ordinal0 [0x003FAEA2+568994]
	Ordinal0 [0x003FA421+566305]
	Ordinal0 [0x003FA815+567317]
	Ordinal0 [0x003FA135+565557]
	Ordinal0 [0x003FF075+585845]
	Ordinal0 [0x003FA0F1+565489]
	Ordinal0 [0x003FAEA2+568994]
	Ordinal0 [0x003FA421+566305]
	Ordinal0 [0x003FA815+567317]
	Ordinal0 [0x003FA135+565557]
	Ordinal0 [0x003F6776+550774]
	Ordinal0 [0x003FA0F1+565489]
	Ordinal0 [0x003F9F13+565011]
	Ordinal0 [0x003F9D07+564487]
	Ordinal0 [0x004082C0+623296]
	Ordinal0 [0x003A6BDD+224221]
	Ordinal0 [0x003A5CAC+220332]
	Ordinal0 [0x003A189B+202907]
	Ordinal0 [0x00383DF4+81396]
	Ordinal0 [0x00384DEE+85486]
	Ordinal0 [0x00384D79+85369]
	Ordinal0 [0x005985DC+2262492]
	GetHandleVerifier [0x00822874+1487204]
	GetHandleVerifier [0x008223CD+1486013]
	GetHandleVerifier [0x0082A368+1518680]
	GetHandleVerifier [0x00822F4E+1488958]
	Ordinal0 [0x0058ED0D+2223373]
	Ordinal0 [0x0059A12B+2269483]
	Ordinal0 [0x0059A26F+2269807]
	Ordinal0 [0x005AECB8+2354360]
	BaseThreadInitThunk [0x75AFFA29+25]
	RtlGetAppContainerNamedObjectPath [0x77D176B4+228]
	RtlGetAppContainerNamedObjectPath [0x77D17684+180]

	at org.openqa.selenium.remote.W3CHandshakeResponse.lambda$errorHandler$0(W3CHandshakeResponse.java:62)
	at org.openqa.selenium.remote.HandshakeResponse.lambda$getResponseFunction$0(HandshakeResponse.java:30)
	at org.openqa.selenium.remote.ProtocolHandshake.lambda$createSession$0(ProtocolHandshake.java:126)
	at java.util.stream.ReferencePipeline$3$1.accept(ReferencePipeline.java:193)
	at java.util.Spliterators$ArraySpliterator.tryAdvance(Spliterators.java:958)
	at java.util.stream.ReferencePipeline.forEachWithCancel(ReferencePipeline.java:126)
	at java.util.stream.AbstractPipeline.copyIntoWithCancel(AbstractPipeline.java:499)
	at java.util.stream.AbstractPipeline.copyInto(AbstractPipeline.java:486)
	at java.util.stream.AbstractPipeline.wrapAndCopyInto(AbstractPipeline.java:472)
	at java.util.stream.FindOps$FindOp.evaluateSequential(FindOps.java:152)
	at java.util.stream.AbstractPipeline.evaluate(AbstractPipeline.java:234)
	at java.util.stream.ReferencePipeline.findFirst(ReferencePipeline.java:464)
	at org.openqa.selenium.remote.ProtocolHandshake.createSession(ProtocolHandshake.java:128)
	at org.openqa.selenium.remote.ProtocolHandshake.createSession(ProtocolHandshake.java:74)
	at org.openqa.selenium.remote.HttpCommandExecutor.execute(HttpCommandExecutor.java:136)
	at org.openqa.selenium.remote.service.DriverCommandExecutor.execute(DriverCommandExecutor.java:83)
	at org.openqa.selenium.remote.RemoteWebDriver.execute(RemoteWebDriver.java:552)
	at org.openqa.selenium.remote.RemoteWebDriver.startSession(RemoteWebDriver.java:213)
	at org.openqa.selenium.remote.RemoteWebDriver.&lt;init&gt;(RemoteWebDriver.java:131)
	at org.openqa.selenium.chrome.ChromeDriver.&lt;init&gt;(ChromeDriver.java:181)
	at org.openqa.selenium.chrome.ChromeDriver.&lt;init&gt;(ChromeDriver.java:168)
	at org.openqa.selenium.chrome.ChromeDriver.&lt;init&gt;(ChromeDriver.java:157)
	at resources.base.initializeDriver(base.java:41)
	at Academy.HomePage.initialize(HomePage.java:29)
	at java.util.concurrent.FutureTask.run(FutureTask.java:266)
	at java.util.concurrent.ThreadPoolExecutor.runWorker(ThreadPoolExecutor.java:1149)
	at java.util.concurrent.ThreadPoolExecutor$Worker.run(ThreadPoolExecutor.java:624)
	at java.lang.Thread.run(Thread.java:748)
... Removed 19 stack frames</pre></div><a href='#' onClick='toggleBox("stack-trace716732668", this, "Click to show all stack frames", "Click to hide stack frames")'>Click to show all stack frames</a>
<div class='stack-trace' id='stack-trace716732668'><pre>org.openqa.selenium.SessionNotCreatedException: session not created
from timeout: Timed out receiving message from renderer: 600.000
  (Session info: chrome=88.0.4324.150)
Build info: version: &apos;3.141.59&apos;, revision: &apos;e82be7d358&apos;, time: &apos;2018-11-14T08:17:03&apos;
System info: host: &apos;SHANOO&apos;, ip: &apos;192.168.1.6&apos;, os.name: &apos;Windows 10&apos;, os.arch: &apos;amd64&apos;, os.version: &apos;10.0&apos;, java.version: &apos;1.8.0_271&apos;
Driver info: driver.version: ChromeDriver
remote stacktrace: Backtrace:
	Ordinal0 [0x0069C0C3+3326147]
	Ordinal0 [0x00580851+2164817]
	Ordinal0 [0x00407298+619160]
	Ordinal0 [0x003FB17F+569727]
	Ordinal0 [0x003FA421+566305]
	Ordinal0 [0x003FA815+567317]
	Ordinal0 [0x003FA135+565557]
	Ordinal0 [0x004038B1+604337]
	Ordinal0 [0x003FA0F1+565489]
	Ordinal0 [0x003FAEA2+568994]
	Ordinal0 [0x003FA421+566305]
	Ordinal0 [0x003FA815+567317]
	Ordinal0 [0x003FA135+565557]
	Ordinal0 [0x00401D2C+597292]
	Ordinal0 [0x003FA0F1+565489]
	Ordinal0 [0x003FAEA2+568994]
	Ordinal0 [0x003FA421+566305]
	Ordinal0 [0x003FA815+567317]
	Ordinal0 [0x003FA135+565557]
	Ordinal0 [0x003FFE62+589410]
	Ordinal0 [0x003FA0F1+565489]
	Ordinal0 [0x003FAEA2+568994]
	Ordinal0 [0x003FA421+566305]
	Ordinal0 [0x003FA815+567317]
	Ordinal0 [0x003FA135+565557]
	Ordinal0 [0x003FF075+585845]
	Ordinal0 [0x003FA0F1+565489]
	Ordinal0 [0x003FAEA2+568994]
	Ordinal0 [0x003FA421+566305]
	Ordinal0 [0x003FA815+567317]
	Ordinal0 [0x003FA135+565557]
	Ordinal0 [0x003F6776+550774]
	Ordinal0 [0x003FA0F1+565489]
	Ordinal0 [0x003F9F13+565011]
	Ordinal0 [0x003F9D07+564487]
	Ordinal0 [0x004082C0+623296]
	Ordinal0 [0x003A6BDD+224221]
	Ordinal0 [0x003A5CAC+220332]
	Ordinal0 [0x003A189B+202907]
	Ordinal0 [0x00383DF4+81396]
	Ordinal0 [0x00384DEE+85486]
	Ordinal0 [0x00384D79+85369]
	Ordinal0 [0x005985DC+2262492]
	GetHandleVerifier [0x00822874+1487204]
	GetHandleVerifier [0x008223CD+1486013]
	GetHandleVerifier [0x0082A368+1518680]
	GetHandleVerifier [0x00822F4E+1488958]
	Ordinal0 [0x0058ED0D+2223373]
	Ordinal0 [0x0059A12B+2269483]
	Ordinal0 [0x0059A26F+2269807]
	Ordinal0 [0x005AECB8+2354360]
	BaseThreadInitThunk [0x75AFFA29+25]
	RtlGetAppContainerNamedObjectPath [0x77D176B4+228]
	RtlGetAppContainerNamedObjectPath [0x77D17684+180]

	at sun.reflect.NativeConstructorAccessorImpl.newInstance0(Native Method)
	at sun.reflect.NativeConstructorAccessorImpl.newInstance(NativeConstructorAccessorImpl.java:62)
	at sun.reflect.DelegatingConstructorAccessorImpl.newInstance(DelegatingConstructorAccessorImpl.java:45)
	at java.lang.reflect.Constructor.newInstance(Constructor.java:423)
	at org.openqa.selenium.remote.W3CHandshakeResponse.lambda$errorHandler$0(W3CHandshakeResponse.java:62)
	at org.openqa.selenium.remote.HandshakeResponse.lambda$getResponseFunction$0(HandshakeResponse.java:30)
	at org.openqa.selenium.remote.ProtocolHandshake.lambda$createSession$0(ProtocolHandshake.java:126)
	at java.util.stream.ReferencePipeline$3$1.accept(ReferencePipeline.java:193)
	at java.util.Spliterators$ArraySpliterator.tryAdvance(Spliterators.java:958)
	at java.util.stream.ReferencePipeline.forEachWithCancel(ReferencePipeline.java:126)
	at java.util.stream.AbstractPipeline.copyIntoWithCancel(AbstractPipeline.java:499)
	at java.util.stream.AbstractPipeline.copyInto(AbstractPipeline.java:486)
	at java.util.stream.AbstractPipeline.wrapAndCopyInto(AbstractPipeline.java:472)
	at java.util.stream.FindOps$FindOp.evaluateSequential(FindOps.java:152)
	at java.util.stream.AbstractPipeline.evaluate(AbstractPipeline.java:234)
	at java.util.stream.ReferencePipeline.findFirst(ReferencePipeline.java:464)
	at org.openqa.selenium.remote.ProtocolHandshake.createSession(ProtocolHandshake.java:128)
	at org.openqa.selenium.remote.ProtocolHandshake.createSession(ProtocolHandshake.java:74)
	at org.openqa.selenium.remote.HttpCommandExecutor.execute(HttpCommandExecutor.java:136)
	at org.openqa.selenium.remote.service.DriverCommandExecutor.execute(DriverCommandExecutor.java:83)
	at org.openqa.selenium.remote.RemoteWebDriver.execute(RemoteWebDriver.java:552)
	at org.openqa.selenium.remote.RemoteWebDriver.startSession(RemoteWebDriver.java:213)
	at org.openqa.selenium.remote.RemoteWebDriver.&lt;init&gt;(RemoteWebDriver.java:131)
	at org.openqa.selenium.chrome.ChromeDriver.&lt;init&gt;(ChromeDriver.java:181)
	at org.openqa.selenium.chrome.ChromeDriver.&lt;init&gt;(ChromeDriver.java:168)
	at org.openqa.selenium.chrome.ChromeDriver.&lt;init&gt;(ChromeDriver.java:157)
	at resources.base.initializeDriver(base.java:41)
	at Academy.HomePage.initialize(HomePage.java:29)
	at sun.reflect.NativeMethodAccessorImpl.invoke0(Native Method)
	at sun.reflect.NativeMethodAccessorImpl.invoke(NativeMethodAccessorImpl.java:62)
	at sun.reflect.DelegatingMethodAccessorImpl.invoke(DelegatingMethodAccessorImpl.java:43)
	at java.lang.reflect.Method.invoke(Method.java:498)
	at org.testng.internal.MethodInvocationHelper.invokeMethod(MethodInvocationHelper.java:132)
	at org.testng.internal.MethodInvocationHelper.invokeMethodConsideringTimeout(MethodInvocationHelper.java:61)
	at org.testng.internal.ConfigInvoker.invokeConfigurationMethod(ConfigInvoker.java:366)
	at org.testng.internal.ConfigInvoker.invokeConfigurations(ConfigInvoker.java:320)
	at org.testng.TestRunner.invokeTestConfigurations(TestRunner.java:617)
	at org.testng.TestRunner.beforeRun(TestRunner.java:607)
	at org.testng.TestRunner.run(TestRunner.java:578)
	at org.testng.SuiteRunner.runTest(SuiteRunner.java:384)
	at org.testng.SuiteRunner.access$000(SuiteRunner.java:28)
	at org.testng.SuiteRunner$SuiteWorker.run(SuiteRunner.java:425)
	at org.testng.internal.thread.ThreadUtil.lambda$execute$0(ThreadUtil.java:66)
	at java.util.concurrent.FutureTask.run(FutureTask.java:266)
	at java.util.concurrent.ThreadPoolExecutor.runWorker(ThreadPoolExecutor.java:1149)
	at java.util.concurrent.ThreadPoolExecutor$Worker.run(ThreadPoolExecutor.java:624)
	at java.lang.Thread.run(Thread.java:748)
</pre></div></td>
<td>0</td>
<td>Academy.HomePage@4f67eb2a</td></tr>
</table><p>
</body>
</html>