<!DOCTYPE html PUBLIC "-//W3C//DTD XHTML 1.1//EN" "https://www.w3.org/TR/xhtml11/DTD/xhtml11.dtd">
<html xmlns="https://www.w3.org/1999/xhtml">
<head>
<meta http-equiv="content-type" content="text/html; charset=UTF-8"/>
<title>TestNG Report</title>
<style type="text/css">table {margin-bottom:10px;border-collapse:collapse;empty-cells:show}th,td {border:1px solid #009;padding:.25em .5em}th {vertical-align:bottom}td {vertical-align:top}table a {font-weight:bold}.stripe td {background-color: #E6EBF9}.num {text-align:right}.passedodd td {background-color: #3F3}.passedeven td {background-color: #0A0}.skippedodd td {background-color: #DDD}.skippedeven td {background-color: #CCC}.failedodd td,.attn {background-color: #F33}.failedeven td,.stripe .attn {background-color: #D00}.stacktrace {white-space:pre;font-family:monospace}.totop {font-size:85%;text-align:center;border-bottom:2px solid #000}.invisible {display:none}</style>
</head>
<body>
<table>
<tr><th>Test</th><th># Passed</th><th># Skipped</th><th># Retried</th><th># Failed</th><th>Time (ms)</th><th>Included Groups</th><th>Excluded Groups</th></tr>
<tr><th colspan="8">Suite</th></tr>
<tr><td><a href="#t0">App test 2</a></td><td class="num">1</td><td class="num">0</td><td class="num">0</td><td class="num">0</td><td class="num">344</td><td></td><td></td></tr>
<tr class="stripe"><td><a href="#t1">Validating title</a></td><td class="num">0</td><td class="num attn">1</td><td class="num">0</td><td class="num">0</td><td class="num">621,127</td><td></td><td></td></tr>
<tr><td><a href="#t2">Validating user login</a></td><td class="num">0</td><td class="num attn">2</td><td class="num">0</td><td class="num">0</td><td class="num">621,342</td><td></td><td></td></tr>
<tr class="stripe"><td><a href="#t3">Validating nevigation</a></td><td class="num">0</td><td class="num attn">1</td><td class="num">0</td><td class="num">0</td><td class="num">621,568</td><td></td><td></td></tr>
<tr><th>Total</th><th class="num">1</th><th class="num attn">4</th><th class="num">0</th><th class="num">0</th><th class="num">1,864,381</th><th colspan="2"></th></tr>
</table>
<table id='summary'><thead><tr><th>Class</th><th>Method</th><th>Start</th><th>Time (ms)</th></tr></thead><tbody><tr><th colspan="4">Suite</th></tr></tbody><tbody id="t0"><tr><th colspan="4">App test 2 &#8212; passed</th></tr><tr class="passedeven"><td rowspan="1">Academy.AppTest</td><td><a href="#m0">testApp</a></td><td rowspan="1">1613360192311</td><td rowspan="1">94</td></tr></tbody>
<tbody id="t1"><tr><th colspan="4">Validating title &#8212; failed (configuration methods)</th></tr><tr class="failedeven"><td rowspan="1">Academy.validateTitle</td><td><a href="#m1">initialize</a></td><td rowspan="1">1613360192139</td><td rowspan="1">621061</td></tr><tr><th colspan="4">Validating title &#8212; skipped (configuration methods)</th></tr><tr class="skippedeven"><td rowspan="1">Academy.validateTitle</td><td><a href="#m2">teardown</a></td><td rowspan="1">1613360813265</td><td rowspan="1">-1613360813265</td></tr><tr><th colspan="4">Validating title &#8212; skipped</th></tr><tr class="skippedeven"><td rowspan="1">Academy.validateTitle</td><td><a href="#m3">validateAppTitle</a></td><td rowspan="1">1613360813262</td><td rowspan="1">0</td></tr></tbody>
<tbody id="t2"><tr><th colspan="4">Validating user login &#8212; failed (configuration methods)</th></tr><tr class="failedeven"><td rowspan="1">Academy.HomePage</td><td><a href="#m4">initialize</a></td><td rowspan="1">1613360192139</td><td rowspan="1">621313</td></tr><tr><th colspan="4">Validating user login &#8212; skipped (configuration methods)</th></tr><tr class="skippedeven"><td rowspan="1">Academy.HomePage</td><td><a href="#m5">teardown</a></td><td rowspan="1">1613360813465</td><td rowspan="1">-1613360813465</td></tr><tr><th colspan="4">Validating user login &#8212; skipped</th></tr><tr class="skippedeven"><td rowspan="2">Academy.HomePage</td><td><a href="#m6">basePageNavigation</a></td><td rowspan="2">1613360813464</td><td rowspan="2">0</td></tr><tr class="skippedeven"><td><a href="#m7">basePageNavigation</a></td></tr></tbody>
<tbody id="t3"><tr><th colspan="4">Validating nevigation &#8212; failed (configuration methods)</th></tr><tr class="failedeven"><td rowspan="1">Academy.validateNavigationBar</td><td><a href="#m8">initialize</a></td><td rowspan="1">1613360192139</td><td rowspan="1">621538</td></tr><tr><th colspan="4">Validating nevigation &#8212; skipped (configuration methods)</th></tr><tr class="skippedeven"><td rowspan="1">Academy.validateNavigationBar</td><td><a href="#m9">teardown</a></td><td rowspan="1">1613360813692</td><td rowspan="1">-1613360813692</td></tr><tr><th colspan="4">Validating nevigation &#8212; skipped</th></tr><tr class="skippedeven"><td rowspan="1">Academy.validateNavigationBar</td><td><a href="#m10">validateAppNavBar</a></td><td rowspan="1">1613360813692</td><td rowspan="1">0</td></tr></tbody>
</table>
<h2>App test 2</h2><h3 id="m0">Academy.AppTest#testApp</h3><table class="result"><tr><th class="invisible"/></tr></table><p class="totop"><a href="#summary">back to summary</a></p>
<h2>Validating title</h2><h3 id="m1">Academy.validateTitle#initialize</h3><table class="result"><tr><th>Exception</th></tr><tr><td><div class="stacktrace">org.openqa.selenium.SessionNotCreatedException: session not created
from timeout: Timed out receiving message from renderer: 600.000
  (Session info: chrome=88.0.4324.150)
Build info: version: &apos;3.141.59&apos;, revision: &apos;e82be7d358&apos;, time: &apos;2018-11-14T08:17:03&apos;
System info: host: &apos;SHANOO&apos;, ip: &apos;192.168.1.6&apos;, os.name: &apos;Windows 10&apos;, os.arch: &apos;amd64&apos;, os.version: &apos;10.0&apos;, java.version: &apos;1.8.0_271&apos;
Driver info: driver.version: ChromeDriver
remote stacktrace: Backtrace:
	Ordinal0 [0x0069C0C3+3326147]
	Ordinal0 [0x00580851+2164817]
	Ordinal0 [0x00407298+619160]
	Ordinal0 [0x003FB17F+569727]
	Ordinal0 [0x003FA421+566305]
	Ordinal0 [0x003FA815+567317]
	Ordinal0 [0x003FA135+565557]
	Ordinal0 [0x004038B1+604337]
	Ordinal0 [0x003FA0F1+565489]
	Ordinal0 [0x003FAEA2+568994]
	Ordinal0 [0x003FA421+566305]
	Ordinal0 [0x003FA815+567317]
	Ordinal0 [0x003FA135+565557]
	Ordinal0 [0x00401D2C+597292]
	Ordinal0 [0x003FA0F1+565489]
	Ordinal0 [0x003FAEA2+568994]
	Ordinal0 [0x003FA421+566305]
	Ordinal0 [0x003FA815+567317]
	Ordinal0 [0x003FA135+565557]
	Ordinal0 [0x003FFE62+589410]
	Ordinal0 [0x003FA0F1+565489]
	Ordinal0 [0x003FAEA2+568994]
	Ordinal0 [0x003FA421+566305]
	Ordinal0 [0x003FA815+567317]
	Ordinal0 [0x003FA135+565557]
	Ordinal0 [0x003FF075+585845]
	Ordinal0 [0x003FA0F1+565489]
	Ordinal0 [0x003FAEA2+568994]
	Ordinal0 [0x003FA421+566305]
	Ordinal0 [0x003FA815+567317]
	Ordinal0 [0x003FA135+565557]
	Ordinal0 [0x003F6776+550774]
	Ordinal0 [0x003FA0F1+565489]
	Ordinal0 [0x003F9F13+565011]
	Ordinal0 [0x003F9D07+564487]
	Ordinal0 [0x004082C0+623296]
	Ordinal0 [0x003A6BDD+224221]
	Ordinal0 [0x003A5CAC+220332]
	Ordinal0 [0x003A189B+202907]
	Ordinal0 [0x00383DF4+81396]
	Ordinal0 [0x00384DEE+85486]
	Ordinal0 [0x00384D79+85369]
	Ordinal0 [0x005985DC+2262492]
	GetHandleVerifier [0x00822874+1487204]
	GetHandleVerifier [0x008223CD+1486013]
	GetHandleVerifier [0x0082A368+1518680]
	GetHandleVerifier [0x00822F4E+1488958]
	Ordinal0 [0x0058ED0D+2223373]
	Ordinal0 [0x0059A12B+2269483]
	Ordinal0 [0x0059A26F+2269807]
	Ordinal0 [0x005AECB8+2354360]
	BaseThreadInitThunk [0x75AFFA29+25]
	RtlGetAppContainerNamedObjectPath [0x77D176B4+228]
	RtlGetAppContainerNamedObjectPath [0x77D17684+180]

	at org.openqa.selenium.remote.W3CHandshakeResponse.lambda$errorHandler$0(W3CHandshakeResponse.java:62)
	at org.openqa.selenium.remote.HandshakeResponse.lambda$getResponseFunction$0(HandshakeResponse.java:30)
	at org.openqa.selenium.remote.ProtocolHandshake.lambda$createSession$0(ProtocolHandshake.java:126)
	at java.util.stream.ReferencePipeline$3$1.accept(ReferencePipeline.java:193)
	at java.util.Spliterators$ArraySpliterator.tryAdvance(Spliterators.java:958)
	at java.util.stream.ReferencePipeline.forEachWithCancel(ReferencePipeline.java:126)
	at java.util.stream.AbstractPipeline.copyIntoWithCancel(AbstractPipeline.java:499)
	at java.util.stream.AbstractPipeline.copyInto(AbstractPipeline.java:486)
	at java.util.stream.AbstractPipeline.wrapAndCopyInto(AbstractPipeline.java:472)
	at java.util.stream.FindOps$FindOp.evaluateSequential(FindOps.java:152)
	at java.util.stream.AbstractPipeline.evaluate(AbstractPipeline.java:234)
	at java.util.stream.ReferencePipeline.findFirst(ReferencePipeline.java:464)
	at org.openqa.selenium.remote.ProtocolHandshake.createSession(ProtocolHandshake.java:128)
	at org.openqa.selenium.remote.ProtocolHandshake.createSession(ProtocolHandshake.java:74)
	at org.openqa.selenium.remote.HttpCommandExecutor.execute(HttpCommandExecutor.java:136)
	at org.openqa.selenium.remote.service.DriverCommandExecutor.execute(DriverCommandExecutor.java:83)
	at org.openqa.selenium.remote.RemoteWebDriver.execute(RemoteWebDriver.java:552)
	at org.openqa.selenium.remote.RemoteWebDriver.startSession(RemoteWebDriver.java:213)
	at org.openqa.selenium.remote.RemoteWebDriver.&lt;init&gt;(RemoteWebDriver.java:131)
	at org.openqa.selenium.chrome.ChromeDriver.&lt;init&gt;(ChromeDriver.java:181)
	at org.openqa.selenium.chrome.ChromeDriver.&lt;init&gt;(ChromeDriver.java:168)
	at org.openqa.selenium.chrome.ChromeDriver.&lt;init&gt;(ChromeDriver.java:157)
	at resources.base.initializeDriver(base.java:41)
	at Academy.validateTitle.initialize(validateTitle.java:30)
	at java.util.concurrent.FutureTask.run(FutureTask.java:266)
	at java.util.concurrent.ThreadPoolExecutor.runWorker(ThreadPoolExecutor.java:1149)
	at java.util.concurrent.ThreadPoolExecutor$Worker.run(ThreadPoolExecutor.java:624)
	at java.lang.Thread.run(Thread.java:748)
... Removed 19 stack frames</div></td></tr></table><p class="totop"><a href="#summary">back to summary</a></p>
<h3 id="m2">Academy.validateTitle#teardown</h3><table class="result"><tr><th class="invisible"/></tr></table><p class="totop"><a href="#summary">back to summary</a></p>
<h3 id="m3">Academy.validateTitle#validateAppTitle</h3><table class="result"><tr><th>Exception</th></tr><tr><td><div class="stacktrace">org.openqa.selenium.SessionNotCreatedException: session not created
from timeout: Timed out receiving message from renderer: 600.000
  (Session info: chrome=88.0.4324.150)
Build info: version: &apos;3.141.59&apos;, revision: &apos;e82be7d358&apos;, time: &apos;2018-11-14T08:17:03&apos;
System info: host: &apos;SHANOO&apos;, ip: &apos;192.168.1.6&apos;, os.name: &apos;Windows 10&apos;, os.arch: &apos;amd64&apos;, os.version: &apos;10.0&apos;, java.version: &apos;1.8.0_271&apos;
Driver info: driver.version: ChromeDriver
remote stacktrace: Backtrace:
	Ordinal0 [0x0069C0C3+3326147]
	Ordinal0 [0x00580851+2164817]
	Ordinal0 [0x00407298+619160]
	Ordinal0 [0x003FB17F+569727]
	Ordinal0 [0x003FA421+566305]
	Ordinal0 [0x003FA815+567317]
	Ordinal0 [0x003FA135+565557]
	Ordinal0 [0x004038B1+604337]
	Ordinal0 [0x003FA0F1+565489]
	Ordinal0 [0x003FAEA2+568994]
	Ordinal0 [0x003FA421+566305]
	Ordinal0 [0x003FA815+567317]
	Ordinal0 [0x003FA135+565557]
	Ordinal0 [0x00401D2C+597292]
	Ordinal0 [0x003FA0F1+565489]
	Ordinal0 [0x003FAEA2+568994]
	Ordinal0 [0x003FA421+566305]
	Ordinal0 [0x003FA815+567317]
	Ordinal0 [0x003FA135+565557]
	Ordinal0 [0x003FFE62+589410]
	Ordinal0 [0x003FA0F1+565489]
	Ordinal0 [0x003FAEA2+568994]
	Ordinal0 [0x003FA421+566305]
	Ordinal0 [0x003FA815+567317]
	Ordinal0 [0x003FA135+565557]
	Ordinal0 [0x003FF075+585845]
	Ordinal0 [0x003FA0F1+565489]
	Ordinal0 [0x003FAEA2+568994]
	Ordinal0 [0x003FA421+566305]
	Ordinal0 [0x003FA815+567317]
	Ordinal0 [0x003FA135+565557]
	Ordinal0 [0x003F6776+550774]
	Ordinal0 [0x003FA0F1+565489]
	Ordinal0 [0x003F9F13+565011]
	Ordinal0 [0x003F9D07+564487]
	Ordinal0 [0x004082C0+623296]
	Ordinal0 [0x003A6BDD+224221]
	Ordinal0 [0x003A5CAC+220332]
	Ordinal0 [0x003A189B+202907]
	Ordinal0 [0x00383DF4+81396]
	Ordinal0 [0x00384DEE+85486]
	Ordinal0 [0x00384D79+85369]
	Ordinal0 [0x005985DC+2262492]
	GetHandleVerifier [0x00822874+1487204]
	GetHandleVerifier [0x008223CD+1486013]
	GetHandleVerifier [0x0082A368+1518680]
	GetHandleVerifier [0x00822F4E+1488958]
	Ordinal0 [0x0058ED0D+2223373]
	Ordinal0 [0x0059A12B+2269483]
	Ordinal0 [0x0059A26F+2269807]
	Ordinal0 [0x005AECB8+2354360]
	BaseThreadInitThunk [0x75AFFA29+25]
	RtlGetAppContainerNamedObjectPath [0x77D176B4+228]
	RtlGetAppContainerNamedObjectPath [0x77D17684+180]

	at org.openqa.selenium.remote.W3CHandshakeResponse.lambda$errorHandler$0(W3CHandshakeResponse.java:62)
	at org.openqa.selenium.remote.HandshakeResponse.lambda$getResponseFunction$0(HandshakeResponse.java:30)
	at org.openqa.selenium.remote.ProtocolHandshake.lambda$createSession$0(ProtocolHandshake.java:126)
	at java.util.stream.ReferencePipeline$3$1.accept(ReferencePipeline.java:193)
	at java.util.Spliterators$ArraySpliterator.tryAdvance(Spliterators.java:958)
	at java.util.stream.ReferencePipeline.forEachWithCancel(ReferencePipeline.java:126)
	at java.util.stream.AbstractPipeline.copyIntoWithCancel(AbstractPipeline.java:499)
	at java.util.stream.AbstractPipeline.copyInto(AbstractPipeline.java:486)
	at java.util.stream.AbstractPipeline.wrapAndCopyInto(AbstractPipeline.java:472)
	at java.util.stream.FindOps$FindOp.evaluateSequential(FindOps.java:152)
	at java.util.stream.AbstractPipeline.evaluate(AbstractPipeline.java:234)
	at java.util.stream.ReferencePipeline.findFirst(ReferencePipeline.java:464)
	at org.openqa.selenium.remote.ProtocolHandshake.createSession(ProtocolHandshake.java:128)
	at org.openqa.selenium.remote.ProtocolHandshake.createSession(ProtocolHandshake.java:74)
	at org.openqa.selenium.remote.HttpCommandExecutor.execute(HttpCommandExecutor.java:136)
	at org.openqa.selenium.remote.service.DriverCommandExecutor.execute(DriverCommandExecutor.java:83)
	at org.openqa.selenium.remote.RemoteWebDriver.execute(RemoteWebDriver.java:552)
	at org.openqa.selenium.remote.RemoteWebDriver.startSession(RemoteWebDriver.java:213)
	at org.openqa.selenium.remote.RemoteWebDriver.&lt;init&gt;(RemoteWebDriver.java:131)
	at org.openqa.selenium.chrome.ChromeDriver.&lt;init&gt;(ChromeDriver.java:181)
	at org.openqa.selenium.chrome.ChromeDriver.&lt;init&gt;(ChromeDriver.java:168)
	at org.openqa.selenium.chrome.ChromeDriver.&lt;init&gt;(ChromeDriver.java:157)
	at resources.base.initializeDriver(base.java:41)
	at Academy.validateTitle.initialize(validateTitle.java:30)
	at java.util.concurrent.FutureTask.run(FutureTask.java:266)
	at java.util.concurrent.ThreadPoolExecutor.runWorker(ThreadPoolExecutor.java:1149)
	at java.util.concurrent.ThreadPoolExecutor$Worker.run(ThreadPoolExecutor.java:624)
	at java.lang.Thread.run(Thread.java:748)
... Removed 19 stack frames</div></td></tr></table><p class="totop"><a href="#summary">back to summary</a></p>
<h2>Validating user login</h2><h3 id="m4">Academy.HomePage#initialize</h3><table class="result"><tr><th>Exception</th></tr><tr><td><div class="stacktrace">org.openqa.selenium.SessionNotCreatedException: session not created
from timeout: Timed out receiving message from renderer: 600.000
  (Session info: chrome=88.0.4324.150)
Build info: version: &apos;3.141.59&apos;, revision: &apos;e82be7d358&apos;, time: &apos;2018-11-14T08:17:03&apos;
System info: host: &apos;SHANOO&apos;, ip: &apos;192.168.1.6&apos;, os.name: &apos;Windows 10&apos;, os.arch: &apos;amd64&apos;, os.version: &apos;10.0&apos;, java.version: &apos;1.8.0_271&apos;
Driver info: driver.version: ChromeDriver
remote stacktrace: Backtrace:
	Ordinal0 [0x0069C0C3+3326147]
	Ordinal0 [0x00580851+2164817]
	Ordinal0 [0x00407298+619160]
	Ordinal0 [0x003FB17F+569727]
	Ordinal0 [0x003FA421+566305]
	Ordinal0 [0x003FA815+567317]
	Ordinal0 [0x003FA135+565557]
	Ordinal0 [0x004038B1+604337]
	Ordinal0 [0x003FA0F1+565489]
	Ordinal0 [0x003FAEA2+568994]
	Ordinal0 [0x003FA421+566305]
	Ordinal0 [0x003FA815+567317]
	Ordinal0 [0x003FA135+565557]
	Ordinal0 [0x00401D2C+597292]
	Ordinal0 [0x003FA0F1+565489]
	Ordinal0 [0x003FAEA2+568994]
	Ordinal0 [0x003FA421+566305]
	Ordinal0 [0x003FA815+567317]
	Ordinal0 [0x003FA135+565557]
	Ordinal0 [0x003FFE62+589410]
	Ordinal0 [0x003FA0F1+565489]
	Ordinal0 [0x003FAEA2+568994]
	Ordinal0 [0x003FA421+566305]
	Ordinal0 [0x003FA815+567317]
	Ordinal0 [0x003FA135+565557]
	Ordinal0 [0x003FF075+585845]
	Ordinal0 [0x003FA0F1+565489]
	Ordinal0 [0x003FAEA2+568994]
	Ordinal0 [0x003FA421+566305]
	Ordinal0 [0x003FA815+567317]
	Ordinal0 [0x003FA135+565557]
	Ordinal0 [0x003F6776+550774]
	Ordinal0 [0x003FA0F1+565489]
	Ordinal0 [0x003F9F13+565011]
	Ordinal0 [0x003F9D07+564487]
	Ordinal0 [0x004082C0+623296]
	Ordinal0 [0x003A6BDD+224221]
	Ordinal0 [0x003A5CAC+220332]
	Ordinal0 [0x003A189B+202907]
	Ordinal0 [0x00383DF4+81396]
	Ordinal0 [0x00384DEE+85486]
	Ordinal0 [0x00384D79+85369]
	Ordinal0 [0x005985DC+2262492]
	GetHandleVerifier [0x00822874+1487204]
	GetHandleVerifier [0x008223CD+1486013]
	GetHandleVerifier [0x0082A368+1518680]
	GetHandleVerifier [0x00822F4E+1488958]
	Ordinal0 [0x0058ED0D+2223373]
	Ordinal0 [0x0059A12B+2269483]
	Ordinal0 [0x0059A26F+2269807]
	Ordinal0 [0x005AECB8+2354360]
	BaseThreadInitThunk [0x75AFFA29+25]
	RtlGetAppContainerNamedObjectPath [0x77D176B4+228]
	RtlGetAppContainerNamedObjectPath [0x77D17684+180]

	at org.openqa.selenium.remote.W3CHandshakeResponse.lambda$errorHandler$0(W3CHandshakeResponse.java:62)
	at org.openqa.selenium.remote.HandshakeResponse.lambda$getResponseFunction$0(HandshakeResponse.java:30)
	at org.openqa.selenium.remote.ProtocolHandshake.lambda$createSession$0(ProtocolHandshake.java:126)
	at java.util.stream.ReferencePipeline$3$1.accept(ReferencePipeline.java:193)
	at java.util.Spliterators$ArraySpliterator.tryAdvance(Spliterators.java:958)
	at java.util.stream.ReferencePipeline.forEachWithCancel(ReferencePipeline.java:126)
	at java.util.stream.AbstractPipeline.copyIntoWithCancel(AbstractPipeline.java:499)
	at java.util.stream.AbstractPipeline.copyInto(AbstractPipeline.java:486)
	at java.util.stream.AbstractPipeline.wrapAndCopyInto(AbstractPipeline.java:472)
	at java.util.stream.FindOps$FindOp.evaluateSequential(FindOps.java:152)
	at java.util.stream.AbstractPipeline.evaluate(AbstractPipeline.java:234)
	at java.util.stream.ReferencePipeline.findFirst(ReferencePipeline.java:464)
	at org.openqa.selenium.remote.ProtocolHandshake.createSession(ProtocolHandshake.java:128)
	at org.openqa.selenium.remote.ProtocolHandshake.createSession(ProtocolHandshake.java:74)
	at org.openqa.selenium.remote.HttpCommandExecutor.execute(HttpCommandExecutor.java:136)
	at org.openqa.selenium.remote.service.DriverCommandExecutor.execute(DriverCommandExecutor.java:83)
	at org.openqa.selenium.remote.RemoteWebDriver.execute(RemoteWebDriver.java:552)
	at org.openqa.selenium.remote.RemoteWebDriver.startSession(RemoteWebDriver.java:213)
	at org.openqa.selenium.remote.RemoteWebDriver.&lt;init&gt;(RemoteWebDriver.java:131)
	at org.openqa.selenium.chrome.ChromeDriver.&lt;init&gt;(ChromeDriver.java:181)
	at org.openqa.selenium.chrome.ChromeDriver.&lt;init&gt;(ChromeDriver.java:168)
	at org.openqa.selenium.chrome.ChromeDriver.&lt;init&gt;(ChromeDriver.java:157)
	at resources.base.initializeDriver(base.java:41)
	at Academy.HomePage.initialize(HomePage.java:29)
	at java.util.concurrent.FutureTask.run(FutureTask.java:266)
	at java.util.concurrent.ThreadPoolExecutor.runWorker(ThreadPoolExecutor.java:1149)
	at java.util.concurrent.ThreadPoolExecutor$Worker.run(ThreadPoolExecutor.java:624)
	at java.lang.Thread.run(Thread.java:748)
... Removed 19 stack frames</div></td></tr></table><p class="totop"><a href="#summary">back to summary</a></p>
<h3 id="m5">Academy.HomePage#teardown</h3><table class="result"><tr><th class="invisible"/></tr></table><p class="totop"><a href="#summary">back to summary</a></p>
<h3 id="m6">Academy.HomePage#basePageNavigation</h3><table class="result"><tr class="param"><th>Parameter #1</th><th>Parameter #2</th><th>Parameter #3</th></tr><tr class="param stripe"><td>restricteduser@qw.com</td><td>456788</td><td>Non restricted user</td></tr><tr><th colspan="3">Exception</th></tr><tr><td colspan="3"><div class="stacktrace">org.openqa.selenium.SessionNotCreatedException: session not created
from timeout: Timed out receiving message from renderer: 600.000
  (Session info: chrome=88.0.4324.150)
Build info: version: &apos;3.141.59&apos;, revision: &apos;e82be7d358&apos;, time: &apos;2018-11-14T08:17:03&apos;
System info: host: &apos;SHANOO&apos;, ip: &apos;192.168.1.6&apos;, os.name: &apos;Windows 10&apos;, os.arch: &apos;amd64&apos;, os.version: &apos;10.0&apos;, java.version: &apos;1.8.0_271&apos;
Driver info: driver.version: ChromeDriver
remote stacktrace: Backtrace:
	Ordinal0 [0x0069C0C3+3326147]
	Ordinal0 [0x00580851+2164817]
	Ordinal0 [0x00407298+619160]
	Ordinal0 [0x003FB17F+569727]
	Ordinal0 [0x003FA421+566305]
	Ordinal0 [0x003FA815+567317]
	Ordinal0 [0x003FA135+565557]
	Ordinal0 [0x004038B1+604337]
	Ordinal0 [0x003FA0F1+565489]
	Ordinal0 [0x003FAEA2+568994]
	Ordinal0 [0x003FA421+566305]
	Ordinal0 [0x003FA815+567317]
	Ordinal0 [0x003FA135+565557]
	Ordinal0 [0x00401D2C+597292]
	Ordinal0 [0x003FA0F1+565489]
	Ordinal0 [0x003FAEA2+568994]
	Ordinal0 [0x003FA421+566305]
	Ordinal0 [0x003FA815+567317]
	Ordinal0 [0x003FA135+565557]
	Ordinal0 [0x003FFE62+589410]
	Ordinal0 [0x003FA0F1+565489]
	Ordinal0 [0x003FAEA2+568994]
	Ordinal0 [0x003FA421+566305]
	Ordinal0 [0x003FA815+567317]
	Ordinal0 [0x003FA135+565557]
	Ordinal0 [0x003FF075+585845]
	Ordinal0 [0x003FA0F1+565489]
	Ordinal0 [0x003FAEA2+568994]
	Ordinal0 [0x003FA421+566305]
	Ordinal0 [0x003FA815+567317]
	Ordinal0 [0x003FA135+565557]
	Ordinal0 [0x003F6776+550774]
	Ordinal0 [0x003FA0F1+565489]
	Ordinal0 [0x003F9F13+565011]
	Ordinal0 [0x003F9D07+564487]
	Ordinal0 [0x004082C0+623296]
	Ordinal0 [0x003A6BDD+224221]
	Ordinal0 [0x003A5CAC+220332]
	Ordinal0 [0x003A189B+202907]
	Ordinal0 [0x00383DF4+81396]
	Ordinal0 [0x00384DEE+85486]
	Ordinal0 [0x00384D79+85369]
	Ordinal0 [0x005985DC+2262492]
	GetHandleVerifier [0x00822874+1487204]
	GetHandleVerifier [0x008223CD+1486013]
	GetHandleVerifier [0x0082A368+1518680]
	GetHandleVerifier [0x00822F4E+1488958]
	Ordinal0 [0x0058ED0D+2223373]
	Ordinal0 [0x0059A12B+2269483]
	Ordinal0 [0x0059A26F+2269807]
	Ordinal0 [0x005AECB8+2354360]
	BaseThreadInitThunk [0x75AFFA29+25]
	RtlGetAppContainerNamedObjectPath [0x77D176B4+228]
	RtlGetAppContainerNamedObjectPath [0x77D17684+180]

	at org.openqa.selenium.remote.W3CHandshakeResponse.lambda$errorHandler$0(W3CHandshakeResponse.java:62)
	at org.openqa.selenium.remote.HandshakeResponse.lambda$getResponseFunction$0(HandshakeResponse.java:30)
	at org.openqa.selenium.remote.ProtocolHandshake.lambda$createSession$0(ProtocolHandshake.java:126)
	at java.util.stream.ReferencePipeline$3$1.accept(ReferencePipeline.java:193)
	at java.util.Spliterators$ArraySpliterator.tryAdvance(Spliterators.java:958)
	at java.util.stream.ReferencePipeline.forEachWithCancel(ReferencePipeline.java:126)
	at java.util.stream.AbstractPipeline.copyIntoWithCancel(AbstractPipeline.java:499)
	at java.util.stream.AbstractPipeline.copyInto(AbstractPipeline.java:486)
	at java.util.stream.AbstractPipeline.wrapAndCopyInto(AbstractPipeline.java:472)
	at java.util.stream.FindOps$FindOp.evaluateSequential(FindOps.java:152)
	at java.util.stream.AbstractPipeline.evaluate(AbstractPipeline.java:234)
	at java.util.stream.ReferencePipeline.findFirst(ReferencePipeline.java:464)
	at org.openqa.selenium.remote.ProtocolHandshake.createSession(ProtocolHandshake.java:128)
	at org.openqa.selenium.remote.ProtocolHandshake.createSession(ProtocolHandshake.java:74)
	at org.openqa.selenium.remote.HttpCommandExecutor.execute(HttpCommandExecutor.java:136)
	at org.openqa.selenium.remote.service.DriverCommandExecutor.execute(DriverCommandExecutor.java:83)
	at org.openqa.selenium.remote.RemoteWebDriver.execute(RemoteWebDriver.java:552)
	at org.openqa.selenium.remote.RemoteWebDriver.startSession(RemoteWebDriver.java:213)
	at org.openqa.selenium.remote.RemoteWebDriver.&lt;init&gt;(RemoteWebDriver.java:131)
	at org.openqa.selenium.chrome.ChromeDriver.&lt;init&gt;(ChromeDriver.java:181)
	at org.openqa.selenium.chrome.ChromeDriver.&lt;init&gt;(ChromeDriver.java:168)
	at org.openqa.selenium.chrome.ChromeDriver.&lt;init&gt;(ChromeDriver.java:157)
	at resources.base.initializeDriver(base.java:41)
	at Academy.HomePage.initialize(HomePage.java:29)
	at java.util.concurrent.FutureTask.run(FutureTask.java:266)
	at java.util.concurrent.ThreadPoolExecutor.runWorker(ThreadPoolExecutor.java:1149)
	at java.util.concurrent.ThreadPoolExecutor$Worker.run(ThreadPoolExecutor.java:624)
	at java.lang.Thread.run(Thread.java:748)
... Removed 19 stack frames</div></td></tr></table><p class="totop"><a href="#summary">back to summary</a></p>
<h3 id="m7">Academy.HomePage#basePageNavigation</h3><table class="result"><tr class="param"><th>Parameter #1</th><th>Parameter #2</th><th>Parameter #3</th></tr><tr class="param stripe"><td>nonrestricteduser@qw.com</td><td>123456</td><td>Restrcited User</td></tr><tr><th colspan="3">Exception</th></tr><tr><td colspan="3"><div class="stacktrace">org.openqa.selenium.SessionNotCreatedException: session not created
from timeout: Timed out receiving message from renderer: 600.000
  (Session info: chrome=88.0.4324.150)
Build info: version: &apos;3.141.59&apos;, revision: &apos;e82be7d358&apos;, time: &apos;2018-11-14T08:17:03&apos;
System info: host: &apos;SHANOO&apos;, ip: &apos;192.168.1.6&apos;, os.name: &apos;Windows 10&apos;, os.arch: &apos;amd64&apos;, os.version: &apos;10.0&apos;, java.version: &apos;1.8.0_271&apos;
Driver info: driver.version: ChromeDriver
remote stacktrace: Backtrace:
	Ordinal0 [0x0069C0C3+3326147]
	Ordinal0 [0x00580851+2164817]
	Ordinal0 [0x00407298+619160]
	Ordinal0 [0x003FB17F+569727]
	Ordinal0 [0x003FA421+566305]
	Ordinal0 [0x003FA815+567317]
	Ordinal0 [0x003FA135+565557]
	Ordinal0 [0x004038B1+604337]
	Ordinal0 [0x003FA0F1+565489]
	Ordinal0 [0x003FAEA2+568994]
	Ordinal0 [0x003FA421+566305]
	Ordinal0 [0x003FA815+567317]
	Ordinal0 [0x003FA135+565557]
	Ordinal0 [0x00401D2C+597292]
	Ordinal0 [0x003FA0F1+565489]
	Ordinal0 [0x003FAEA2+568994]
	Ordinal0 [0x003FA421+566305]
	Ordinal0 [0x003FA815+567317]
	Ordinal0 [0x003FA135+565557]
	Ordinal0 [0x003FFE62+589410]
	Ordinal0 [0x003FA0F1+565489]
	Ordinal0 [0x003FAEA2+568994]
	Ordinal0 [0x003FA421+566305]
	Ordinal0 [0x003FA815+567317]
	Ordinal0 [0x003FA135+565557]
	Ordinal0 [0x003FF075+585845]
	Ordinal0 [0x003FA0F1+565489]
	Ordinal0 [0x003FAEA2+568994]
	Ordinal0 [0x003FA421+566305]
	Ordinal0 [0x003FA815+567317]
	Ordinal0 [0x003FA135+565557]
	Ordinal0 [0x003F6776+550774]
	Ordinal0 [0x003FA0F1+565489]
	Ordinal0 [0x003F9F13+565011]
	Ordinal0 [0x003F9D07+564487]
	Ordinal0 [0x004082C0+623296]
	Ordinal0 [0x003A6BDD+224221]
	Ordinal0 [0x003A5CAC+220332]
	Ordinal0 [0x003A189B+202907]
	Ordinal0 [0x00383DF4+81396]
	Ordinal0 [0x00384DEE+85486]
	Ordinal0 [0x00384D79+85369]
	Ordinal0 [0x005985DC+2262492]
	GetHandleVerifier [0x00822874+1487204]
	GetHandleVerifier [0x008223CD+1486013]
	GetHandleVerifier [0x0082A368+1518680]
	GetHandleVerifier [0x00822F4E+1488958]
	Ordinal0 [0x0058ED0D+2223373]
	Ordinal0 [0x0059A12B+2269483]
	Ordinal0 [0x0059A26F+2269807]
	Ordinal0 [0x005AECB8+2354360]
	BaseThreadInitThunk [0x75AFFA29+25]
	RtlGetAppContainerNamedObjectPath [0x77D176B4+228]
	RtlGetAppContainerNamedObjectPath [0x77D17684+180]

	at org.openqa.selenium.remote.W3CHandshakeResponse.lambda$errorHandler$0(W3CHandshakeResponse.java:62)
	at org.openqa.selenium.remote.HandshakeResponse.lambda$getResponseFunction$0(HandshakeResponse.java:30)
	at org.openqa.selenium.remote.ProtocolHandshake.lambda$createSession$0(ProtocolHandshake.java:126)
	at java.util.stream.ReferencePipeline$3$1.accept(ReferencePipeline.java:193)
	at java.util.Spliterators$ArraySpliterator.tryAdvance(Spliterators.java:958)
	at java.util.stream.ReferencePipeline.forEachWithCancel(ReferencePipeline.java:126)
	at java.util.stream.AbstractPipeline.copyIntoWithCancel(AbstractPipeline.java:499)
	at java.util.stream.AbstractPipeline.copyInto(AbstractPipeline.java:486)
	at java.util.stream.AbstractPipeline.wrapAndCopyInto(AbstractPipeline.java:472)
	at java.util.stream.FindOps$FindOp.evaluateSequential(FindOps.java:152)
	at java.util.stream.AbstractPipeline.evaluate(AbstractPipeline.java:234)
	at java.util.stream.ReferencePipeline.findFirst(ReferencePipeline.java:464)
	at org.openqa.selenium.remote.ProtocolHandshake.createSession(ProtocolHandshake.java:128)
	at org.openqa.selenium.remote.ProtocolHandshake.createSession(ProtocolHandshake.java:74)
	at org.openqa.selenium.remote.HttpCommandExecutor.execute(HttpCommandExecutor.java:136)
	at org.openqa.selenium.remote.service.DriverCommandExecutor.execute(DriverCommandExecutor.java:83)
	at org.openqa.selenium.remote.RemoteWebDriver.execute(RemoteWebDriver.java:552)
	at org.openqa.selenium.remote.RemoteWebDriver.startSession(RemoteWebDriver.java:213)
	at org.openqa.selenium.remote.RemoteWebDriver.&lt;init&gt;(RemoteWebDriver.java:131)
	at org.openqa.selenium.chrome.ChromeDriver.&lt;init&gt;(ChromeDriver.java:181)
	at org.openqa.selenium.chrome.ChromeDriver.&lt;init&gt;(ChromeDriver.java:168)
	at org.openqa.selenium.chrome.ChromeDriver.&lt;init&gt;(ChromeDriver.java:157)
	at resources.base.initializeDriver(base.java:41)
	at Academy.HomePage.initialize(HomePage.java:29)
	at java.util.concurrent.FutureTask.run(FutureTask.java:266)
	at java.util.concurrent.ThreadPoolExecutor.runWorker(ThreadPoolExecutor.java:1149)
	at java.util.concurrent.ThreadPoolExecutor$Worker.run(ThreadPoolExecutor.java:624)
	at java.lang.Thread.run(Thread.java:748)
... Removed 19 stack frames</div></td></tr></table><p class="totop"><a href="#summary">back to summary</a></p>
<h2>Validating nevigation</h2><h3 id="m8">Academy.validateNavigationBar#initialize</h3><table class="result"><tr><th>Exception</th></tr><tr><td><div class="stacktrace">org.openqa.selenium.SessionNotCreatedException: session not created
from timeout: Timed out receiving message from renderer: 600.000
  (Session info: chrome=88.0.4324.150)
Build info: version: &apos;3.141.59&apos;, revision: &apos;e82be7d358&apos;, time: &apos;2018-11-14T08:17:03&apos;
System info: host: &apos;SHANOO&apos;, ip: &apos;192.168.1.6&apos;, os.name: &apos;Windows 10&apos;, os.arch: &apos;amd64&apos;, os.version: &apos;10.0&apos;, java.version: &apos;1.8.0_271&apos;
Driver info: driver.version: ChromeDriver
remote stacktrace: Backtrace:
	Ordinal0 [0x0069C0C3+3326147]
	Ordinal0 [0x00580851+2164817]
	Ordinal0 [0x00407298+619160]
	Ordinal0 [0x003FB17F+569727]
	Ordinal0 [0x003FA421+566305]
	Ordinal0 [0x003FA815+567317]
	Ordinal0 [0x003FA135+565557]
	Ordinal0 [0x004038B1+604337]
	Ordinal0 [0x003FA0F1+565489]
	Ordinal0 [0x003FAEA2+568994]
	Ordinal0 [0x003FA421+566305]
	Ordinal0 [0x003FA815+567317]
	Ordinal0 [0x003FA135+565557]
	Ordinal0 [0x00401D2C+597292]
	Ordinal0 [0x003FA0F1+565489]
	Ordinal0 [0x003FAEA2+568994]
	Ordinal0 [0x003FA421+566305]
	Ordinal0 [0x003FA815+567317]
	Ordinal0 [0x003FA135+565557]
	Ordinal0 [0x003FFE62+589410]
	Ordinal0 [0x003FA0F1+565489]
	Ordinal0 [0x003FAEA2+568994]
	Ordinal0 [0x003FA421+566305]
	Ordinal0 [0x003FA815+567317]
	Ordinal0 [0x003FA135+565557]
	Ordinal0 [0x003FF075+585845]
	Ordinal0 [0x003FA0F1+565489]
	Ordinal0 [0x003FAEA2+568994]
	Ordinal0 [0x003FA421+566305]
	Ordinal0 [0x003FA815+567317]
	Ordinal0 [0x003FA135+565557]
	Ordinal0 [0x003F6776+550774]
	Ordinal0 [0x003FA0F1+565489]
	Ordinal0 [0x003F9F13+565011]
	Ordinal0 [0x003F9D07+564487]
	Ordinal0 [0x004082C0+623296]
	Ordinal0 [0x003A6BDD+224221]
	Ordinal0 [0x003A5CAC+220332]
	Ordinal0 [0x003A189B+202907]
	Ordinal0 [0x00383DF4+81396]
	Ordinal0 [0x00384DEE+85486]
	Ordinal0 [0x00384D79+85369]
	Ordinal0 [0x005985DC+2262492]
	GetHandleVerifier [0x00822874+1487204]
	GetHandleVerifier [0x008223CD+1486013]
	GetHandleVerifier [0x0082A368+1518680]
	GetHandleVerifier [0x00822F4E+1488958]
	Ordinal0 [0x0058ED0D+2223373]
	Ordinal0 [0x0059A12B+2269483]
	Ordinal0 [0x0059A26F+2269807]
	Ordinal0 [0x005AECB8+2354360]
	BaseThreadInitThunk [0x75AFFA29+25]
	RtlGetAppContainerNamedObjectPath [0x77D176B4+228]
	RtlGetAppContainerNamedObjectPath [0x77D17684+180]

	at org.openqa.selenium.remote.W3CHandshakeResponse.lambda$errorHandler$0(W3CHandshakeResponse.java:62)
	at org.openqa.selenium.remote.HandshakeResponse.lambda$getResponseFunction$0(HandshakeResponse.java:30)
	at org.openqa.selenium.remote.ProtocolHandshake.lambda$createSession$0(ProtocolHandshake.java:126)
	at java.util.stream.ReferencePipeline$3$1.accept(ReferencePipeline.java:193)
	at java.util.Spliterators$ArraySpliterator.tryAdvance(Spliterators.java:958)
	at java.util.stream.ReferencePipeline.forEachWithCancel(ReferencePipeline.java:126)
	at java.util.stream.AbstractPipeline.copyIntoWithCancel(AbstractPipeline.java:499)
	at java.util.stream.AbstractPipeline.copyInto(AbstractPipeline.java:486)
	at java.util.stream.AbstractPipeline.wrapAndCopyInto(AbstractPipeline.java:472)
	at java.util.stream.FindOps$FindOp.evaluateSequential(FindOps.java:152)
	at java.util.stream.AbstractPipeline.evaluate(AbstractPipeline.java:234)
	at java.util.stream.ReferencePipeline.findFirst(ReferencePipeline.java:464)
	at org.openqa.selenium.remote.ProtocolHandshake.createSession(ProtocolHandshake.java:128)
	at org.openqa.selenium.remote.ProtocolHandshake.createSession(ProtocolHandshake.java:74)
	at org.openqa.selenium.remote.HttpCommandExecutor.execute(HttpCommandExecutor.java:136)
	at org.openqa.selenium.remote.service.DriverCommandExecutor.execute(DriverCommandExecutor.java:83)
	at org.openqa.selenium.remote.RemoteWebDriver.execute(RemoteWebDriver.java:552)
	at org.openqa.selenium.remote.RemoteWebDriver.startSession(RemoteWebDriver.java:213)
	at org.openqa.selenium.remote.RemoteWebDriver.&lt;init&gt;(RemoteWebDriver.java:131)
	at org.openqa.selenium.chrome.ChromeDriver.&lt;init&gt;(ChromeDriver.java:181)
	at org.openqa.selenium.chrome.ChromeDriver.&lt;init&gt;(ChromeDriver.java:168)
	at org.openqa.selenium.chrome.ChromeDriver.&lt;init&gt;(ChromeDriver.java:157)
	at resources.base.initializeDriver(base.java:41)
	at Academy.validateNavigationBar.initialize(validateNavigationBar.java:34)
	at java.util.concurrent.FutureTask.run(FutureTask.java:266)
	at java.util.concurrent.ThreadPoolExecutor.runWorker(ThreadPoolExecutor.java:1149)
	at java.util.concurrent.ThreadPoolExecutor$Worker.run(ThreadPoolExecutor.java:624)
	at java.lang.Thread.run(Thread.java:748)
... Removed 19 stack frames</div></td></tr></table><p class="totop"><a href="#summary">back to summary</a></p>
<h3 id="m9">Academy.validateNavigationBar#teardown</h3><table class="result"><tr><th class="invisible"/></tr></table><p class="totop"><a href="#summary">back to summary</a></p>
<h3 id="m10">Academy.validateNavigationBar#validateAppNavBar</h3><table class="result"><tr><th>Exception</th></tr><tr><td><div class="stacktrace">org.openqa.selenium.SessionNotCreatedException: session not created
from timeout: Timed out receiving message from renderer: 600.000
  (Session info: chrome=88.0.4324.150)
Build info: version: &apos;3.141.59&apos;, revision: &apos;e82be7d358&apos;, time: &apos;2018-11-14T08:17:03&apos;
System info: host: &apos;SHANOO&apos;, ip: &apos;192.168.1.6&apos;, os.name: &apos;Windows 10&apos;, os.arch: &apos;amd64&apos;, os.version: &apos;10.0&apos;, java.version: &apos;1.8.0_271&apos;
Driver info: driver.version: ChromeDriver
remote stacktrace: Backtrace:
	Ordinal0 [0x0069C0C3+3326147]
	Ordinal0 [0x00580851+2164817]
	Ordinal0 [0x00407298+619160]
	Ordinal0 [0x003FB17F+569727]
	Ordinal0 [0x003FA421+566305]
	Ordinal0 [0x003FA815+567317]
	Ordinal0 [0x003FA135+565557]
	Ordinal0 [0x004038B1+604337]
	Ordinal0 [0x003FA0F1+565489]
	Ordinal0 [0x003FAEA2+568994]
	Ordinal0 [0x003FA421+566305]
	Ordinal0 [0x003FA815+567317]
	Ordinal0 [0x003FA135+565557]
	Ordinal0 [0x00401D2C+597292]
	Ordinal0 [0x003FA0F1+565489]
	Ordinal0 [0x003FAEA2+568994]
	Ordinal0 [0x003FA421+566305]
	Ordinal0 [0x003FA815+567317]
	Ordinal0 [0x003FA135+565557]
	Ordinal0 [0x003FFE62+589410]
	Ordinal0 [0x003FA0F1+565489]
	Ordinal0 [0x003FAEA2+568994]
	Ordinal0 [0x003FA421+566305]
	Ordinal0 [0x003FA815+567317]
	Ordinal0 [0x003FA135+565557]
	Ordinal0 [0x003FF075+585845]
	Ordinal0 [0x003FA0F1+565489]
	Ordinal0 [0x003FAEA2+568994]
	Ordinal0 [0x003FA421+566305]
	Ordinal0 [0x003FA815+567317]
	Ordinal0 [0x003FA135+565557]
	Ordinal0 [0x003F6776+550774]
	Ordinal0 [0x003FA0F1+565489]
	Ordinal0 [0x003F9F13+565011]
	Ordinal0 [0x003F9D07+564487]
	Ordinal0 [0x004082C0+623296]
	Ordinal0 [0x003A6BDD+224221]
	Ordinal0 [0x003A5CAC+220332]
	Ordinal0 [0x003A189B+202907]
	Ordinal0 [0x00383DF4+81396]
	Ordinal0 [0x00384DEE+85486]
	Ordinal0 [0x00384D79+85369]
	Ordinal0 [0x005985DC+2262492]
	GetHandleVerifier [0x00822874+1487204]
	GetHandleVerifier [0x008223CD+1486013]
	GetHandleVerifier [0x0082A368+1518680]
	GetHandleVerifier [0x00822F4E+1488958]
	Ordinal0 [0x0058ED0D+2223373]
	Ordinal0 [0x0059A12B+2269483]
	Ordinal0 [0x0059A26F+2269807]
	Ordinal0 [0x005AECB8+2354360]
	BaseThreadInitThunk [0x75AFFA29+25]
	RtlGetAppContainerNamedObjectPath [0x77D176B4+228]
	RtlGetAppContainerNamedObjectPath [0x77D17684+180]

	at org.openqa.selenium.remote.W3CHandshakeResponse.lambda$errorHandler$0(W3CHandshakeResponse.java:62)
	at org.openqa.selenium.remote.HandshakeResponse.lambda$getResponseFunction$0(HandshakeResponse.java:30)
	at org.openqa.selenium.remote.ProtocolHandshake.lambda$createSession$0(ProtocolHandshake.java:126)
	at java.util.stream.ReferencePipeline$3$1.accept(ReferencePipeline.java:193)
	at java.util.Spliterators$ArraySpliterator.tryAdvance(Spliterators.java:958)
	at java.util.stream.ReferencePipeline.forEachWithCancel(ReferencePipeline.java:126)
	at java.util.stream.AbstractPipeline.copyIntoWithCancel(AbstractPipeline.java:499)
	at java.util.stream.AbstractPipeline.copyInto(AbstractPipeline.java:486)
	at java.util.stream.AbstractPipeline.wrapAndCopyInto(AbstractPipeline.java:472)
	at java.util.stream.FindOps$FindOp.evaluateSequential(FindOps.java:152)
	at java.util.stream.AbstractPipeline.evaluate(AbstractPipeline.java:234)
	at java.util.stream.ReferencePipeline.findFirst(ReferencePipeline.java:464)
	at org.openqa.selenium.remote.ProtocolHandshake.createSession(ProtocolHandshake.java:128)
	at org.openqa.selenium.remote.ProtocolHandshake.createSession(ProtocolHandshake.java:74)
	at org.openqa.selenium.remote.HttpCommandExecutor.execute(HttpCommandExecutor.java:136)
	at org.openqa.selenium.remote.service.DriverCommandExecutor.execute(DriverCommandExecutor.java:83)
	at org.openqa.selenium.remote.RemoteWebDriver.execute(RemoteWebDriver.java:552)
	at org.openqa.selenium.remote.RemoteWebDriver.startSession(RemoteWebDriver.java:213)
	at org.openqa.selenium.remote.RemoteWebDriver.&lt;init&gt;(RemoteWebDriver.java:131)
	at org.openqa.selenium.chrome.ChromeDriver.&lt;init&gt;(ChromeDriver.java:181)
	at org.openqa.selenium.chrome.ChromeDriver.&lt;init&gt;(ChromeDriver.java:168)
	at org.openqa.selenium.chrome.ChromeDriver.&lt;init&gt;(ChromeDriver.java:157)
	at resources.base.initializeDriver(base.java:41)
	at Academy.validateNavigationBar.initialize(validateNavigationBar.java:34)
	at java.util.concurrent.FutureTask.run(FutureTask.java:266)
	at java.util.concurrent.ThreadPoolExecutor.runWorker(ThreadPoolExecutor.java:1149)
	at java.util.concurrent.ThreadPoolExecutor$Worker.run(ThreadPoolExecutor.java:624)
	at java.lang.Thread.run(Thread.java:748)
... Removed 19 stack frames</div></td></tr></table><p class="totop"><a href="#summary">back to summary</a></p>
</body>
</html>
