<?xml version="1.0" encoding="UTF-8"?>
<testng-results skipped="4" failed="0" ignored="0" total="5" passed="1">
  <reporter-output>
  </reporter-output>
  <suite name="Suite" duration-ms="621568" started-at="2021-02-15T09:06:32 IST" finished-at="2021-02-15T09:16:53 IST">
    <groups>
    </groups>
    <test name="App test 2" duration-ms="344" started-at="2021-02-15T09:06:32 IST" finished-at="2021-02-15T09:06:32 IST">
      <class name="Academy.AppTest">
        <test-method status="PASS" signature="testApp()[pri:0, instance:Academy.AppTest@78ac1102]" name="testApp" duration-ms="94" started-at="2021-02-15T09:06:32 IST" finished-at="2021-02-15T09:06:32 IST">
          <reporter-output>
          </reporter-output>
        </test-method> <!-- testApp -->
      </class> <!-- Academy.AppTest -->
    </test> <!-- App test 2 -->
    <test name="Validating title" duration-ms="621127" started-at="2021-02-15T09:06:32 IST" finished-at="2021-02-15T09:16:53 IST">
      <class name="Academy.validateTitle">
        <test-method status="FAIL" signature="initialize()[pri:0, instance:Academy.validateTitle@6f27a732]" name="initialize" is-config="true" duration-ms="621061" started-at="2021-02-15T09:06:32 IST" finished-at="2021-02-15T09:16:53 IST">
          <exception class="org.openqa.selenium.SessionNotCreatedException">
            <message>
              <![CDATA[session not created
from timeout: Timed out receiving message from renderer: 600.000
  (Session info: chrome=88.0.4324.150)
Build info: version: '3.141.59', revision: 'e82be7d358', time: '2018-11-14T08:17:03'
System info: host: 'SHANOO', ip: '192.168.1.6', os.name: 'Windows 10', os.arch: 'amd64', os.version: '10.0', java.version: '1.8.0_271'
Driver info: driver.version: ChromeDriver
remote stacktrace: Backtrace:
Ordinal0 [0x0069C0C3+3326147]
Ordinal0 [0x00580851+2164817]
Ordinal0 [0x00407298+619160]
Ordinal0 [0x003FB17F+569727]
Ordinal0 [0x003FA421+566305]
Ordinal0 [0x003FA815+567317]
Ordinal0 [0x003FA135+565557]
Ordinal0 [0x004038B1+604337]
Ordinal0 [0x003FA0F1+565489]
Ordinal0 [0x003FAEA2+568994]
Ordinal0 [0x003FA421+566305]
Ordinal0 [0x003FA815+567317]
Ordinal0 [0x003FA135+565557]
Ordinal0 [0x00401D2C+597292]
Ordinal0 [0x003FA0F1+565489]
Ordinal0 [0x003FAEA2+568994]
Ordinal0 [0x003FA421+566305]
Ordinal0 [0x003FA815+567317]
Ordinal0 [0x003FA135+565557]
Ordinal0 [0x003FFE62+589410]
Ordinal0 [0x003FA0F1+565489]
Ordinal0 [0x003FAEA2+568994]
Ordinal0 [0x003FA421+566305]
Ordinal0 [0x003FA815+567317]
Ordinal0 [0x003FA135+565557]
Ordinal0 [0x003FF075+585845]
Ordinal0 [0x003FA0F1+565489]
Ordinal0 [0x003FAEA2+568994]
Ordinal0 [0x003FA421+566305]
Ordinal0 [0x003FA815+567317]
Ordinal0 [0x003FA135+565557]
Ordinal0 [0x003F6776+550774]
Ordinal0 [0x003FA0F1+565489]
Ordinal0 [0x003F9F13+565011]
Ordinal0 [0x003F9D07+564487]
Ordinal0 [0x004082C0+623296]
Ordinal0 [0x003A6BDD+224221]
Ordinal0 [0x003A5CAC+220332]
Ordinal0 [0x003A189B+202907]
Ordinal0 [0x00383DF4+81396]
Ordinal0 [0x00384DEE+85486]
Ordinal0 [0x00384D79+85369]
Ordinal0 [0x005985DC+2262492]
GetHandleVerifier [0x00822874+1487204]
GetHandleVerifier [0x008223CD+1486013]
GetHandleVerifier [0x0082A368+1518680]
GetHandleVerifier [0x00822F4E+1488958]
Ordinal0 [0x0058ED0D+2223373]
Ordinal0 [0x0059A12B+2269483]
Ordinal0 [0x0059A26F+2269807]
Ordinal0 [0x005AECB8+2354360]
BaseThreadInitThunk [0x75AFFA29+25]
RtlGetAppContainerNamedObjectPath [0x77D176B4+228]
RtlGetAppContainerNamedObjectPath [0x77D17684+180]
]]>
            </message>
            <full-stacktrace>
              <![CDATA[org.openqa.selenium.SessionNotCreatedException: session not created
from timeout: Timed out receiving message from renderer: 600.000
  (Session info: chrome=88.0.4324.150)
Build info: version: '3.141.59', revision: 'e82be7d358', time: '2018-11-14T08:17:03'
System info: host: 'SHANOO', ip: '192.168.1.6', os.name: 'Windows 10', os.arch: 'amd64', os.version: '10.0', java.version: '1.8.0_271'
Driver info: driver.version: ChromeDriver
remote stacktrace: Backtrace:
Ordinal0 [0x0069C0C3+3326147]
Ordinal0 [0x00580851+2164817]
Ordinal0 [0x00407298+619160]
Ordinal0 [0x003FB17F+569727]
Ordinal0 [0x003FA421+566305]
Ordinal0 [0x003FA815+567317]
Ordinal0 [0x003FA135+565557]
Ordinal0 [0x004038B1+604337]
Ordinal0 [0x003FA0F1+565489]
Ordinal0 [0x003FAEA2+568994]
Ordinal0 [0x003FA421+566305]
Ordinal0 [0x003FA815+567317]
Ordinal0 [0x003FA135+565557]
Ordinal0 [0x00401D2C+597292]
Ordinal0 [0x003FA0F1+565489]
Ordinal0 [0x003FAEA2+568994]
Ordinal0 [0x003FA421+566305]
Ordinal0 [0x003FA815+567317]
Ordinal0 [0x003FA135+565557]
Ordinal0 [0x003FFE62+589410]
Ordinal0 [0x003FA0F1+565489]
Ordinal0 [0x003FAEA2+568994]
Ordinal0 [0x003FA421+566305]
Ordinal0 [0x003FA815+567317]
Ordinal0 [0x003FA135+565557]
Ordinal0 [0x003FF075+585845]
Ordinal0 [0x003FA0F1+565489]
Ordinal0 [0x003FAEA2+568994]
Ordinal0 [0x003FA421+566305]
Ordinal0 [0x003FA815+567317]
Ordinal0 [0x003FA135+565557]
Ordinal0 [0x003F6776+550774]
Ordinal0 [0x003FA0F1+565489]
Ordinal0 [0x003F9F13+565011]
Ordinal0 [0x003F9D07+564487]
Ordinal0 [0x004082C0+623296]
Ordinal0 [0x003A6BDD+224221]
Ordinal0 [0x003A5CAC+220332]
Ordinal0 [0x003A189B+202907]
Ordinal0 [0x00383DF4+81396]
Ordinal0 [0x00384DEE+85486]
Ordinal0 [0x00384D79+85369]
Ordinal0 [0x005985DC+2262492]
GetHandleVerifier [0x00822874+1487204]
GetHandleVerifier [0x008223CD+1486013]
GetHandleVerifier [0x0082A368+1518680]
GetHandleVerifier [0x00822F4E+1488958]
Ordinal0 [0x0058ED0D+2223373]
Ordinal0 [0x0059A12B+2269483]
Ordinal0 [0x0059A26F+2269807]
Ordinal0 [0x005AECB8+2354360]
BaseThreadInitThunk [0x75AFFA29+25]
RtlGetAppContainerNamedObjectPath [0x77D176B4+228]
RtlGetAppContainerNamedObjectPath [0x77D17684+180]

at sun.reflect.NativeConstructorAccessorImpl.newInstance0(Native Method)
at sun.reflect.NativeConstructorAccessorImpl.newInstance(NativeConstructorAccessorImpl.java:62)
at sun.reflect.DelegatingConstructorAccessorImpl.newInstance(DelegatingConstructorAccessorImpl.java:45)
at java.lang.reflect.Constructor.newInstance(Constructor.java:423)
at org.openqa.selenium.remote.W3CHandshakeResponse.lambda$errorHandler$0(W3CHandshakeResponse.java:62)
at org.openqa.selenium.remote.HandshakeResponse.lambda$getResponseFunction$0(HandshakeResponse.java:30)
at org.openqa.selenium.remote.ProtocolHandshake.lambda$createSession$0(ProtocolHandshake.java:126)
at java.util.stream.ReferencePipeline$3$1.accept(ReferencePipeline.java:193)
at java.util.Spliterators$ArraySpliterator.tryAdvance(Spliterators.java:958)
at java.util.stream.ReferencePipeline.forEachWithCancel(ReferencePipeline.java:126)
at java.util.stream.AbstractPipeline.copyIntoWithCancel(AbstractPipeline.java:499)
at java.util.stream.AbstractPipeline.copyInto(AbstractPipeline.java:486)
at java.util.stream.AbstractPipeline.wrapAndCopyInto(AbstractPipeline.java:472)
at java.util.stream.FindOps$FindOp.evaluateSequential(FindOps.java:152)
at java.util.stream.AbstractPipeline.evaluate(AbstractPipeline.java:234)
at java.util.stream.ReferencePipeline.findFirst(ReferencePipeline.java:464)
at org.openqa.selenium.remote.ProtocolHandshake.createSession(ProtocolHandshake.java:128)
at org.openqa.selenium.remote.ProtocolHandshake.createSession(ProtocolHandshake.java:74)
at org.openqa.selenium.remote.HttpCommandExecutor.execute(HttpCommandExecutor.java:136)
at org.openqa.selenium.remote.service.DriverCommandExecutor.execute(DriverCommandExecutor.java:83)
at org.openqa.selenium.remote.RemoteWebDriver.execute(RemoteWebDriver.java:552)
at org.openqa.selenium.remote.RemoteWebDriver.startSession(RemoteWebDriver.java:213)
at org.openqa.selenium.remote.RemoteWebDriver.<init>(RemoteWebDriver.java:131)
at org.openqa.selenium.chrome.ChromeDriver.<init>(ChromeDriver.java:181)
at org.openqa.selenium.chrome.ChromeDriver.<init>(ChromeDriver.java:168)
at org.openqa.selenium.chrome.ChromeDriver.<init>(ChromeDriver.java:157)
at resources.base.initializeDriver(base.java:41)
at Academy.validateTitle.initialize(validateTitle.java:30)
at sun.reflect.NativeMethodAccessorImpl.invoke0(Native Method)
at sun.reflect.NativeMethodAccessorImpl.invoke(NativeMethodAccessorImpl.java:62)
at sun.reflect.DelegatingMethodAccessorImpl.invoke(DelegatingMethodAccessorImpl.java:43)
at java.lang.reflect.Method.invoke(Method.java:498)
at org.testng.internal.MethodInvocationHelper.invokeMethod(MethodInvocationHelper.java:132)
at org.testng.internal.MethodInvocationHelper.invokeMethodConsideringTimeout(MethodInvocationHelper.java:61)
at org.testng.internal.ConfigInvoker.invokeConfigurationMethod(ConfigInvoker.java:366)
at org.testng.internal.ConfigInvoker.invokeConfigurations(ConfigInvoker.java:320)
at org.testng.TestRunner.invokeTestConfigurations(TestRunner.java:617)
at org.testng.TestRunner.beforeRun(TestRunner.java:607)
at org.testng.TestRunner.run(TestRunner.java:578)
at org.testng.SuiteRunner.runTest(SuiteRunner.java:384)
at org.testng.SuiteRunner.access$000(SuiteRunner.java:28)
at org.testng.SuiteRunner$SuiteWorker.run(SuiteRunner.java:425)
at org.testng.internal.thread.ThreadUtil.lambda$execute$0(ThreadUtil.java:66)
at java.util.concurrent.FutureTask.run(FutureTask.java:266)
at java.util.concurrent.ThreadPoolExecutor.runWorker(ThreadPoolExecutor.java:1149)
at java.util.concurrent.ThreadPoolExecutor$Worker.run(ThreadPoolExecutor.java:624)
at java.lang.Thread.run(Thread.java:748)
]]>
            </full-stacktrace>
          </exception> <!-- org.openqa.selenium.SessionNotCreatedException -->
          <reporter-output>
          </reporter-output>
        </test-method> <!-- initialize -->
        <test-method status="SKIP" signature="validateAppTitle()[pri:0, instance:Academy.validateTitle@6f27a732]" name="validateAppTitle" duration-ms="0" started-at="2021-02-15T09:16:53 IST" finished-at="2021-02-15T09:16:53 IST">
          <exception class="org.openqa.selenium.SessionNotCreatedException">
            <message>
              <![CDATA[session not created
from timeout: Timed out receiving message from renderer: 600.000
  (Session info: chrome=88.0.4324.150)
Build info: version: '3.141.59', revision: 'e82be7d358', time: '2018-11-14T08:17:03'
System info: host: 'SHANOO', ip: '192.168.1.6', os.name: 'Windows 10', os.arch: 'amd64', os.version: '10.0', java.version: '1.8.0_271'
Driver info: driver.version: ChromeDriver
remote stacktrace: Backtrace:
Ordinal0 [0x0069C0C3+3326147]
Ordinal0 [0x00580851+2164817]
Ordinal0 [0x00407298+619160]
Ordinal0 [0x003FB17F+569727]
Ordinal0 [0x003FA421+566305]
Ordinal0 [0x003FA815+567317]
Ordinal0 [0x003FA135+565557]
Ordinal0 [0x004038B1+604337]
Ordinal0 [0x003FA0F1+565489]
Ordinal0 [0x003FAEA2+568994]
Ordinal0 [0x003FA421+566305]
Ordinal0 [0x003FA815+567317]
Ordinal0 [0x003FA135+565557]
Ordinal0 [0x00401D2C+597292]
Ordinal0 [0x003FA0F1+565489]
Ordinal0 [0x003FAEA2+568994]
Ordinal0 [0x003FA421+566305]
Ordinal0 [0x003FA815+567317]
Ordinal0 [0x003FA135+565557]
Ordinal0 [0x003FFE62+589410]
Ordinal0 [0x003FA0F1+565489]
Ordinal0 [0x003FAEA2+568994]
Ordinal0 [0x003FA421+566305]
Ordinal0 [0x003FA815+567317]
Ordinal0 [0x003FA135+565557]
Ordinal0 [0x003FF075+585845]
Ordinal0 [0x003FA0F1+565489]
Ordinal0 [0x003FAEA2+568994]
Ordinal0 [0x003FA421+566305]
Ordinal0 [0x003FA815+567317]
Ordinal0 [0x003FA135+565557]
Ordinal0 [0x003F6776+550774]
Ordinal0 [0x003FA0F1+565489]
Ordinal0 [0x003F9F13+565011]
Ordinal0 [0x003F9D07+564487]
Ordinal0 [0x004082C0+623296]
Ordinal0 [0x003A6BDD+224221]
Ordinal0 [0x003A5CAC+220332]
Ordinal0 [0x003A189B+202907]
Ordinal0 [0x00383DF4+81396]
Ordinal0 [0x00384DEE+85486]
Ordinal0 [0x00384D79+85369]
Ordinal0 [0x005985DC+2262492]
GetHandleVerifier [0x00822874+1487204]
GetHandleVerifier [0x008223CD+1486013]
GetHandleVerifier [0x0082A368+1518680]
GetHandleVerifier [0x00822F4E+1488958]
Ordinal0 [0x0058ED0D+2223373]
Ordinal0 [0x0059A12B+2269483]
Ordinal0 [0x0059A26F+2269807]
Ordinal0 [0x005AECB8+2354360]
BaseThreadInitThunk [0x75AFFA29+25]
RtlGetAppContainerNamedObjectPath [0x77D176B4+228]
RtlGetAppContainerNamedObjectPath [0x77D17684+180]
]]>
            </message>
            <full-stacktrace>
              <![CDATA[org.openqa.selenium.SessionNotCreatedException: session not created
from timeout: Timed out receiving message from renderer: 600.000
  (Session info: chrome=88.0.4324.150)
Build info: version: '3.141.59', revision: 'e82be7d358', time: '2018-11-14T08:17:03'
System info: host: 'SHANOO', ip: '192.168.1.6', os.name: 'Windows 10', os.arch: 'amd64', os.version: '10.0', java.version: '1.8.0_271'
Driver info: driver.version: ChromeDriver
remote stacktrace: Backtrace:
Ordinal0 [0x0069C0C3+3326147]
Ordinal0 [0x00580851+2164817]
Ordinal0 [0x00407298+619160]
Ordinal0 [0x003FB17F+569727]
Ordinal0 [0x003FA421+566305]
Ordinal0 [0x003FA815+567317]
Ordinal0 [0x003FA135+565557]
Ordinal0 [0x004038B1+604337]
Ordinal0 [0x003FA0F1+565489]
Ordinal0 [0x003FAEA2+568994]
Ordinal0 [0x003FA421+566305]
Ordinal0 [0x003FA815+567317]
Ordinal0 [0x003FA135+565557]
Ordinal0 [0x00401D2C+597292]
Ordinal0 [0x003FA0F1+565489]
Ordinal0 [0x003FAEA2+568994]
Ordinal0 [0x003FA421+566305]
Ordinal0 [0x003FA815+567317]
Ordinal0 [0x003FA135+565557]
Ordinal0 [0x003FFE62+589410]
Ordinal0 [0x003FA0F1+565489]
Ordinal0 [0x003FAEA2+568994]
Ordinal0 [0x003FA421+566305]
Ordinal0 [0x003FA815+567317]
Ordinal0 [0x003FA135+565557]
Ordinal0 [0x003FF075+585845]
Ordinal0 [0x003FA0F1+565489]
Ordinal0 [0x003FAEA2+568994]
Ordinal0 [0x003FA421+566305]
Ordinal0 [0x003FA815+567317]
Ordinal0 [0x003FA135+565557]
Ordinal0 [0x003F6776+550774]
Ordinal0 [0x003FA0F1+565489]
Ordinal0 [0x003F9F13+565011]
Ordinal0 [0x003F9D07+564487]
Ordinal0 [0x004082C0+623296]
Ordinal0 [0x003A6BDD+224221]
Ordinal0 [0x003A5CAC+220332]
Ordinal0 [0x003A189B+202907]
Ordinal0 [0x00383DF4+81396]
Ordinal0 [0x00384DEE+85486]
Ordinal0 [0x00384D79+85369]
Ordinal0 [0x005985DC+2262492]
GetHandleVerifier [0x00822874+1487204]
GetHandleVerifier [0x008223CD+1486013]
GetHandleVerifier [0x0082A368+1518680]
GetHandleVerifier [0x00822F4E+1488958]
Ordinal0 [0x0058ED0D+2223373]
Ordinal0 [0x0059A12B+2269483]
Ordinal0 [0x0059A26F+2269807]
Ordinal0 [0x005AECB8+2354360]
BaseThreadInitThunk [0x75AFFA29+25]
RtlGetAppContainerNamedObjectPath [0x77D176B4+228]
RtlGetAppContainerNamedObjectPath [0x77D17684+180]

at sun.reflect.NativeConstructorAccessorImpl.newInstance0(Native Method)
at sun.reflect.NativeConstructorAccessorImpl.newInstance(NativeConstructorAccessorImpl.java:62)
at sun.reflect.DelegatingConstructorAccessorImpl.newInstance(DelegatingConstructorAccessorImpl.java:45)
at java.lang.reflect.Constructor.newInstance(Constructor.java:423)
at org.openqa.selenium.remote.W3CHandshakeResponse.lambda$errorHandler$0(W3CHandshakeResponse.java:62)
at org.openqa.selenium.remote.HandshakeResponse.lambda$getResponseFunction$0(HandshakeResponse.java:30)
at org.openqa.selenium.remote.ProtocolHandshake.lambda$createSession$0(ProtocolHandshake.java:126)
at java.util.stream.ReferencePipeline$3$1.accept(ReferencePipeline.java:193)
at java.util.Spliterators$ArraySpliterator.tryAdvance(Spliterators.java:958)
at java.util.stream.ReferencePipeline.forEachWithCancel(ReferencePipeline.java:126)
at java.util.stream.AbstractPipeline.copyIntoWithCancel(AbstractPipeline.java:499)
at java.util.stream.AbstractPipeline.copyInto(AbstractPipeline.java:486)
at java.util.stream.AbstractPipeline.wrapAndCopyInto(AbstractPipeline.java:472)
at java.util.stream.FindOps$FindOp.evaluateSequential(FindOps.java:152)
at java.util.stream.AbstractPipeline.evaluate(AbstractPipeline.java:234)
at java.util.stream.ReferencePipeline.findFirst(ReferencePipeline.java:464)
at org.openqa.selenium.remote.ProtocolHandshake.createSession(ProtocolHandshake.java:128)
at org.openqa.selenium.remote.ProtocolHandshake.createSession(ProtocolHandshake.java:74)
at org.openqa.selenium.remote.HttpCommandExecutor.execute(HttpCommandExecutor.java:136)
at org.openqa.selenium.remote.service.DriverCommandExecutor.execute(DriverCommandExecutor.java:83)
at org.openqa.selenium.remote.RemoteWebDriver.execute(RemoteWebDriver.java:552)
at org.openqa.selenium.remote.RemoteWebDriver.startSession(RemoteWebDriver.java:213)
at org.openqa.selenium.remote.RemoteWebDriver.<init>(RemoteWebDriver.java:131)
at org.openqa.selenium.chrome.ChromeDriver.<init>(ChromeDriver.java:181)
at org.openqa.selenium.chrome.ChromeDriver.<init>(ChromeDriver.java:168)
at org.openqa.selenium.chrome.ChromeDriver.<init>(ChromeDriver.java:157)
at resources.base.initializeDriver(base.java:41)
at Academy.validateTitle.initialize(validateTitle.java:30)
at sun.reflect.NativeMethodAccessorImpl.invoke0(Native Method)
at sun.reflect.NativeMethodAccessorImpl.invoke(NativeMethodAccessorImpl.java:62)
at sun.reflect.DelegatingMethodAccessorImpl.invoke(DelegatingMethodAccessorImpl.java:43)
at java.lang.reflect.Method.invoke(Method.java:498)
at org.testng.internal.MethodInvocationHelper.invokeMethod(MethodInvocationHelper.java:132)
at org.testng.internal.MethodInvocationHelper.invokeMethodConsideringTimeout(MethodInvocationHelper.java:61)
at org.testng.internal.ConfigInvoker.invokeConfigurationMethod(ConfigInvoker.java:366)
at org.testng.internal.ConfigInvoker.invokeConfigurations(ConfigInvoker.java:320)
at org.testng.TestRunner.invokeTestConfigurations(TestRunner.java:617)
at org.testng.TestRunner.beforeRun(TestRunner.java:607)
at org.testng.TestRunner.run(TestRunner.java:578)
at org.testng.SuiteRunner.runTest(SuiteRunner.java:384)
at org.testng.SuiteRunner.access$000(SuiteRunner.java:28)
at org.testng.SuiteRunner$SuiteWorker.run(SuiteRunner.java:425)
at org.testng.internal.thread.ThreadUtil.lambda$execute$0(ThreadUtil.java:66)
at java.util.concurrent.FutureTask.run(FutureTask.java:266)
at java.util.concurrent.ThreadPoolExecutor.runWorker(ThreadPoolExecutor.java:1149)
at java.util.concurrent.ThreadPoolExecutor$Worker.run(ThreadPoolExecutor.java:624)
at java.lang.Thread.run(Thread.java:748)
]]>
            </full-stacktrace>
          </exception> <!-- org.openqa.selenium.SessionNotCreatedException -->
          <reporter-output>
          </reporter-output>
        </test-method> <!-- validateAppTitle -->
        <test-method status="SKIP" signature="teardown()[pri:0, instance:Academy.validateTitle@6f27a732]" name="teardown" is-config="true" duration-ms="-1613360813265" started-at="2021-02-15T09:16:53 IST" finished-at="1970-01-01T05:30:00 IST">
          <reporter-output>
          </reporter-output>
        </test-method> <!-- teardown -->
      </class> <!-- Academy.validateTitle -->
    </test> <!-- Validating title -->
    <test name="Validating user login" duration-ms="621342" started-at="2021-02-15T09:06:32 IST" finished-at="2021-02-15T09:16:53 IST">
      <class name="Academy.HomePage">
        <test-method status="FAIL" signature="initialize()[pri:0, instance:Academy.HomePage@4f67eb2a]" name="initialize" is-config="true" duration-ms="621313" started-at="2021-02-15T09:06:32 IST" finished-at="2021-02-15T09:16:53 IST">
          <exception class="org.openqa.selenium.SessionNotCreatedException">
            <message>
              <![CDATA[session not created
from timeout: Timed out receiving message from renderer: 600.000
  (Session info: chrome=88.0.4324.150)
Build info: version: '3.141.59', revision: 'e82be7d358', time: '2018-11-14T08:17:03'
System info: host: 'SHANOO', ip: '192.168.1.6', os.name: 'Windows 10', os.arch: 'amd64', os.version: '10.0', java.version: '1.8.0_271'
Driver info: driver.version: ChromeDriver
remote stacktrace: Backtrace:
Ordinal0 [0x0069C0C3+3326147]
Ordinal0 [0x00580851+2164817]
Ordinal0 [0x00407298+619160]
Ordinal0 [0x003FB17F+569727]
Ordinal0 [0x003FA421+566305]
Ordinal0 [0x003FA815+567317]
Ordinal0 [0x003FA135+565557]
Ordinal0 [0x004038B1+604337]
Ordinal0 [0x003FA0F1+565489]
Ordinal0 [0x003FAEA2+568994]
Ordinal0 [0x003FA421+566305]
Ordinal0 [0x003FA815+567317]
Ordinal0 [0x003FA135+565557]
Ordinal0 [0x00401D2C+597292]
Ordinal0 [0x003FA0F1+565489]
Ordinal0 [0x003FAEA2+568994]
Ordinal0 [0x003FA421+566305]
Ordinal0 [0x003FA815+567317]
Ordinal0 [0x003FA135+565557]
Ordinal0 [0x003FFE62+589410]
Ordinal0 [0x003FA0F1+565489]
Ordinal0 [0x003FAEA2+568994]
Ordinal0 [0x003FA421+566305]
Ordinal0 [0x003FA815+567317]
Ordinal0 [0x003FA135+565557]
Ordinal0 [0x003FF075+585845]
Ordinal0 [0x003FA0F1+565489]
Ordinal0 [0x003FAEA2+568994]
Ordinal0 [0x003FA421+566305]
Ordinal0 [0x003FA815+567317]
Ordinal0 [0x003FA135+565557]
Ordinal0 [0x003F6776+550774]
Ordinal0 [0x003FA0F1+565489]
Ordinal0 [0x003F9F13+565011]
Ordinal0 [0x003F9D07+564487]
Ordinal0 [0x004082C0+623296]
Ordinal0 [0x003A6BDD+224221]
Ordinal0 [0x003A5CAC+220332]
Ordinal0 [0x003A189B+202907]
Ordinal0 [0x00383DF4+81396]
Ordinal0 [0x00384DEE+85486]
Ordinal0 [0x00384D79+85369]
Ordinal0 [0x005985DC+2262492]
GetHandleVerifier [0x00822874+1487204]
GetHandleVerifier [0x008223CD+1486013]
GetHandleVerifier [0x0082A368+1518680]
GetHandleVerifier [0x00822F4E+1488958]
Ordinal0 [0x0058ED0D+2223373]
Ordinal0 [0x0059A12B+2269483]
Ordinal0 [0x0059A26F+2269807]
Ordinal0 [0x005AECB8+2354360]
BaseThreadInitThunk [0x75AFFA29+25]
RtlGetAppContainerNamedObjectPath [0x77D176B4+228]
RtlGetAppContainerNamedObjectPath [0x77D17684+180]
]]>
            </message>
            <full-stacktrace>
              <![CDATA[org.openqa.selenium.SessionNotCreatedException: session not created
from timeout: Timed out receiving message from renderer: 600.000
  (Session info: chrome=88.0.4324.150)
Build info: version: '3.141.59', revision: 'e82be7d358', time: '2018-11-14T08:17:03'
System info: host: 'SHANOO', ip: '192.168.1.6', os.name: 'Windows 10', os.arch: 'amd64', os.version: '10.0', java.version: '1.8.0_271'
Driver info: driver.version: ChromeDriver
remote stacktrace: Backtrace:
Ordinal0 [0x0069C0C3+3326147]
Ordinal0 [0x00580851+2164817]
Ordinal0 [0x00407298+619160]
Ordinal0 [0x003FB17F+569727]
Ordinal0 [0x003FA421+566305]
Ordinal0 [0x003FA815+567317]
Ordinal0 [0x003FA135+565557]
Ordinal0 [0x004038B1+604337]
Ordinal0 [0x003FA0F1+565489]
Ordinal0 [0x003FAEA2+568994]
Ordinal0 [0x003FA421+566305]
Ordinal0 [0x003FA815+567317]
Ordinal0 [0x003FA135+565557]
Ordinal0 [0x00401D2C+597292]
Ordinal0 [0x003FA0F1+565489]
Ordinal0 [0x003FAEA2+568994]
Ordinal0 [0x003FA421+566305]
Ordinal0 [0x003FA815+567317]
Ordinal0 [0x003FA135+565557]
Ordinal0 [0x003FFE62+589410]
Ordinal0 [0x003FA0F1+565489]
Ordinal0 [0x003FAEA2+568994]
Ordinal0 [0x003FA421+566305]
Ordinal0 [0x003FA815+567317]
Ordinal0 [0x003FA135+565557]
Ordinal0 [0x003FF075+585845]
Ordinal0 [0x003FA0F1+565489]
Ordinal0 [0x003FAEA2+568994]
Ordinal0 [0x003FA421+566305]
Ordinal0 [0x003FA815+567317]
Ordinal0 [0x003FA135+565557]
Ordinal0 [0x003F6776+550774]
Ordinal0 [0x003FA0F1+565489]
Ordinal0 [0x003F9F13+565011]
Ordinal0 [0x003F9D07+564487]
Ordinal0 [0x004082C0+623296]
Ordinal0 [0x003A6BDD+224221]
Ordinal0 [0x003A5CAC+220332]
Ordinal0 [0x003A189B+202907]
Ordinal0 [0x00383DF4+81396]
Ordinal0 [0x00384DEE+85486]
Ordinal0 [0x00384D79+85369]
Ordinal0 [0x005985DC+2262492]
GetHandleVerifier [0x00822874+1487204]
GetHandleVerifier [0x008223CD+1486013]
GetHandleVerifier [0x0082A368+1518680]
GetHandleVerifier [0x00822F4E+1488958]
Ordinal0 [0x0058ED0D+2223373]
Ordinal0 [0x0059A12B+2269483]
Ordinal0 [0x0059A26F+2269807]
Ordinal0 [0x005AECB8+2354360]
BaseThreadInitThunk [0x75AFFA29+25]
RtlGetAppContainerNamedObjectPath [0x77D176B4+228]
RtlGetAppContainerNamedObjectPath [0x77D17684+180]

at sun.reflect.NativeConstructorAccessorImpl.newInstance0(Native Method)
at sun.reflect.NativeConstructorAccessorImpl.newInstance(NativeConstructorAccessorImpl.java:62)
at sun.reflect.DelegatingConstructorAccessorImpl.newInstance(DelegatingConstructorAccessorImpl.java:45)
at java.lang.reflect.Constructor.newInstance(Constructor.java:423)
at org.openqa.selenium.remote.W3CHandshakeResponse.lambda$errorHandler$0(W3CHandshakeResponse.java:62)
at org.openqa.selenium.remote.HandshakeResponse.lambda$getResponseFunction$0(HandshakeResponse.java:30)
at org.openqa.selenium.remote.ProtocolHandshake.lambda$createSession$0(ProtocolHandshake.java:126)
at java.util.stream.ReferencePipeline$3$1.accept(ReferencePipeline.java:193)
at java.util.Spliterators$ArraySpliterator.tryAdvance(Spliterators.java:958)
at java.util.stream.ReferencePipeline.forEachWithCancel(ReferencePipeline.java:126)
at java.util.stream.AbstractPipeline.copyIntoWithCancel(AbstractPipeline.java:499)
at java.util.stream.AbstractPipeline.copyInto(AbstractPipeline.java:486)
at java.util.stream.AbstractPipeline.wrapAndCopyInto(AbstractPipeline.java:472)
at java.util.stream.FindOps$FindOp.evaluateSequential(FindOps.java:152)
at java.util.stream.AbstractPipeline.evaluate(AbstractPipeline.java:234)
at java.util.stream.ReferencePipeline.findFirst(ReferencePipeline.java:464)
at org.openqa.selenium.remote.ProtocolHandshake.createSession(ProtocolHandshake.java:128)
at org.openqa.selenium.remote.ProtocolHandshake.createSession(ProtocolHandshake.java:74)
at org.openqa.selenium.remote.HttpCommandExecutor.execute(HttpCommandExecutor.java:136)
at org.openqa.selenium.remote.service.DriverCommandExecutor.execute(DriverCommandExecutor.java:83)
at org.openqa.selenium.remote.RemoteWebDriver.execute(RemoteWebDriver.java:552)
at org.openqa.selenium.remote.RemoteWebDriver.startSession(RemoteWebDriver.java:213)
at org.openqa.selenium.remote.RemoteWebDriver.<init>(RemoteWebDriver.java:131)
at org.openqa.selenium.chrome.ChromeDriver.<init>(ChromeDriver.java:181)
at org.openqa.selenium.chrome.ChromeDriver.<init>(ChromeDriver.java:168)
at org.openqa.selenium.chrome.ChromeDriver.<init>(ChromeDriver.java:157)
at resources.base.initializeDriver(base.java:41)
at Academy.HomePage.initialize(HomePage.java:29)
at sun.reflect.NativeMethodAccessorImpl.invoke0(Native Method)
at sun.reflect.NativeMethodAccessorImpl.invoke(NativeMethodAccessorImpl.java:62)
at sun.reflect.DelegatingMethodAccessorImpl.invoke(DelegatingMethodAccessorImpl.java:43)
at java.lang.reflect.Method.invoke(Method.java:498)
at org.testng.internal.MethodInvocationHelper.invokeMethod(MethodInvocationHelper.java:132)
at org.testng.internal.MethodInvocationHelper.invokeMethodConsideringTimeout(MethodInvocationHelper.java:61)
at org.testng.internal.ConfigInvoker.invokeConfigurationMethod(ConfigInvoker.java:366)
at org.testng.internal.ConfigInvoker.invokeConfigurations(ConfigInvoker.java:320)
at org.testng.TestRunner.invokeTestConfigurations(TestRunner.java:617)
at org.testng.TestRunner.beforeRun(TestRunner.java:607)
at org.testng.TestRunner.run(TestRunner.java:578)
at org.testng.SuiteRunner.runTest(SuiteRunner.java:384)
at org.testng.SuiteRunner.access$000(SuiteRunner.java:28)
at org.testng.SuiteRunner$SuiteWorker.run(SuiteRunner.java:425)
at org.testng.internal.thread.ThreadUtil.lambda$execute$0(ThreadUtil.java:66)
at java.util.concurrent.FutureTask.run(FutureTask.java:266)
at java.util.concurrent.ThreadPoolExecutor.runWorker(ThreadPoolExecutor.java:1149)
at java.util.concurrent.ThreadPoolExecutor$Worker.run(ThreadPoolExecutor.java:624)
at java.lang.Thread.run(Thread.java:748)
]]>
            </full-stacktrace>
          </exception> <!-- org.openqa.selenium.SessionNotCreatedException -->
          <reporter-output>
          </reporter-output>
        </test-method> <!-- initialize -->
        <test-method status="SKIP" signature="basePageNavigation(java.lang.String, java.lang.String, java.lang.String)[pri:0, instance:Academy.HomePage@4f67eb2a]" name="basePageNavigation" duration-ms="0" started-at="2021-02-15T09:16:53 IST" data-provider="getData" finished-at="2021-02-15T09:16:53 IST">
          <params>
            <param index="0">
              <value>
                <![CDATA[nonrestricteduser@qw.com]]>
              </value>
            </param>
            <param index="1">
              <value>
                <![CDATA[123456]]>
              </value>
            </param>
            <param index="2">
              <value>
                <![CDATA[Restrcited User]]>
              </value>
            </param>
          </params>
          <exception class="org.openqa.selenium.SessionNotCreatedException">
            <message>
              <![CDATA[session not created
from timeout: Timed out receiving message from renderer: 600.000
  (Session info: chrome=88.0.4324.150)
Build info: version: '3.141.59', revision: 'e82be7d358', time: '2018-11-14T08:17:03'
System info: host: 'SHANOO', ip: '192.168.1.6', os.name: 'Windows 10', os.arch: 'amd64', os.version: '10.0', java.version: '1.8.0_271'
Driver info: driver.version: ChromeDriver
remote stacktrace: Backtrace:
Ordinal0 [0x0069C0C3+3326147]
Ordinal0 [0x00580851+2164817]
Ordinal0 [0x00407298+619160]
Ordinal0 [0x003FB17F+569727]
Ordinal0 [0x003FA421+566305]
Ordinal0 [0x003FA815+567317]
Ordinal0 [0x003FA135+565557]
Ordinal0 [0x004038B1+604337]
Ordinal0 [0x003FA0F1+565489]
Ordinal0 [0x003FAEA2+568994]
Ordinal0 [0x003FA421+566305]
Ordinal0 [0x003FA815+567317]
Ordinal0 [0x003FA135+565557]
Ordinal0 [0x00401D2C+597292]
Ordinal0 [0x003FA0F1+565489]
Ordinal0 [0x003FAEA2+568994]
Ordinal0 [0x003FA421+566305]
Ordinal0 [0x003FA815+567317]
Ordinal0 [0x003FA135+565557]
Ordinal0 [0x003FFE62+589410]
Ordinal0 [0x003FA0F1+565489]
Ordinal0 [0x003FAEA2+568994]
Ordinal0 [0x003FA421+566305]
Ordinal0 [0x003FA815+567317]
Ordinal0 [0x003FA135+565557]
Ordinal0 [0x003FF075+585845]
Ordinal0 [0x003FA0F1+565489]
Ordinal0 [0x003FAEA2+568994]
Ordinal0 [0x003FA421+566305]
Ordinal0 [0x003FA815+567317]
Ordinal0 [0x003FA135+565557]
Ordinal0 [0x003F6776+550774]
Ordinal0 [0x003FA0F1+565489]
Ordinal0 [0x003F9F13+565011]
Ordinal0 [0x003F9D07+564487]
Ordinal0 [0x004082C0+623296]
Ordinal0 [0x003A6BDD+224221]
Ordinal0 [0x003A5CAC+220332]
Ordinal0 [0x003A189B+202907]
Ordinal0 [0x00383DF4+81396]
Ordinal0 [0x00384DEE+85486]
Ordinal0 [0x00384D79+85369]
Ordinal0 [0x005985DC+2262492]
GetHandleVerifier [0x00822874+1487204]
GetHandleVerifier [0x008223CD+1486013]
GetHandleVerifier [0x0082A368+1518680]
GetHandleVerifier [0x00822F4E+1488958]
Ordinal0 [0x0058ED0D+2223373]
Ordinal0 [0x0059A12B+2269483]
Ordinal0 [0x0059A26F+2269807]
Ordinal0 [0x005AECB8+2354360]
BaseThreadInitThunk [0x75AFFA29+25]
RtlGetAppContainerNamedObjectPath [0x77D176B4+228]
RtlGetAppContainerNamedObjectPath [0x77D17684+180]
]]>
            </message>
            <full-stacktrace>
              <![CDATA[org.openqa.selenium.SessionNotCreatedException: session not created
from timeout: Timed out receiving message from renderer: 600.000
  (Session info: chrome=88.0.4324.150)
Build info: version: '3.141.59', revision: 'e82be7d358', time: '2018-11-14T08:17:03'
System info: host: 'SHANOO', ip: '192.168.1.6', os.name: 'Windows 10', os.arch: 'amd64', os.version: '10.0', java.version: '1.8.0_271'
Driver info: driver.version: ChromeDriver
remote stacktrace: Backtrace:
Ordinal0 [0x0069C0C3+3326147]
Ordinal0 [0x00580851+2164817]
Ordinal0 [0x00407298+619160]
Ordinal0 [0x003FB17F+569727]
Ordinal0 [0x003FA421+566305]
Ordinal0 [0x003FA815+567317]
Ordinal0 [0x003FA135+565557]
Ordinal0 [0x004038B1+604337]
Ordinal0 [0x003FA0F1+565489]
Ordinal0 [0x003FAEA2+568994]
Ordinal0 [0x003FA421+566305]
Ordinal0 [0x003FA815+567317]
Ordinal0 [0x003FA135+565557]
Ordinal0 [0x00401D2C+597292]
Ordinal0 [0x003FA0F1+565489]
Ordinal0 [0x003FAEA2+568994]
Ordinal0 [0x003FA421+566305]
Ordinal0 [0x003FA815+567317]
Ordinal0 [0x003FA135+565557]
Ordinal0 [0x003FFE62+589410]
Ordinal0 [0x003FA0F1+565489]
Ordinal0 [0x003FAEA2+568994]
Ordinal0 [0x003FA421+566305]
Ordinal0 [0x003FA815+567317]
Ordinal0 [0x003FA135+565557]
Ordinal0 [0x003FF075+585845]
Ordinal0 [0x003FA0F1+565489]
Ordinal0 [0x003FAEA2+568994]
Ordinal0 [0x003FA421+566305]
Ordinal0 [0x003FA815+567317]
Ordinal0 [0x003FA135+565557]
Ordinal0 [0x003F6776+550774]
Ordinal0 [0x003FA0F1+565489]
Ordinal0 [0x003F9F13+565011]
Ordinal0 [0x003F9D07+564487]
Ordinal0 [0x004082C0+623296]
Ordinal0 [0x003A6BDD+224221]
Ordinal0 [0x003A5CAC+220332]
Ordinal0 [0x003A189B+202907]
Ordinal0 [0x00383DF4+81396]
Ordinal0 [0x00384DEE+85486]
Ordinal0 [0x00384D79+85369]
Ordinal0 [0x005985DC+2262492]
GetHandleVerifier [0x00822874+1487204]
GetHandleVerifier [0x008223CD+1486013]
GetHandleVerifier [0x0082A368+1518680]
GetHandleVerifier [0x00822F4E+1488958]
Ordinal0 [0x0058ED0D+2223373]
Ordinal0 [0x0059A12B+2269483]
Ordinal0 [0x0059A26F+2269807]
Ordinal0 [0x005AECB8+2354360]
BaseThreadInitThunk [0x75AFFA29+25]
RtlGetAppContainerNamedObjectPath [0x77D176B4+228]
RtlGetAppContainerNamedObjectPath [0x77D17684+180]

at sun.reflect.NativeConstructorAccessorImpl.newInstance0(Native Method)
at sun.reflect.NativeConstructorAccessorImpl.newInstance(NativeConstructorAccessorImpl.java:62)
at sun.reflect.DelegatingConstructorAccessorImpl.newInstance(DelegatingConstructorAccessorImpl.java:45)
at java.lang.reflect.Constructor.newInstance(Constructor.java:423)
at org.openqa.selenium.remote.W3CHandshakeResponse.lambda$errorHandler$0(W3CHandshakeResponse.java:62)
at org.openqa.selenium.remote.HandshakeResponse.lambda$getResponseFunction$0(HandshakeResponse.java:30)
at org.openqa.selenium.remote.ProtocolHandshake.lambda$createSession$0(ProtocolHandshake.java:126)
at java.util.stream.ReferencePipeline$3$1.accept(ReferencePipeline.java:193)
at java.util.Spliterators$ArraySpliterator.tryAdvance(Spliterators.java:958)
at java.util.stream.ReferencePipeline.forEachWithCancel(ReferencePipeline.java:126)
at java.util.stream.AbstractPipeline.copyIntoWithCancel(AbstractPipeline.java:499)
at java.util.stream.AbstractPipeline.copyInto(AbstractPipeline.java:486)
at java.util.stream.AbstractPipeline.wrapAndCopyInto(AbstractPipeline.java:472)
at java.util.stream.FindOps$FindOp.evaluateSequential(FindOps.java:152)
at java.util.stream.AbstractPipeline.evaluate(AbstractPipeline.java:234)
at java.util.stream.ReferencePipeline.findFirst(ReferencePipeline.java:464)
at org.openqa.selenium.remote.ProtocolHandshake.createSession(ProtocolHandshake.java:128)
at org.openqa.selenium.remote.ProtocolHandshake.createSession(ProtocolHandshake.java:74)
at org.openqa.selenium.remote.HttpCommandExecutor.execute(HttpCommandExecutor.java:136)
at org.openqa.selenium.remote.service.DriverCommandExecutor.execute(DriverCommandExecutor.java:83)
at org.openqa.selenium.remote.RemoteWebDriver.execute(RemoteWebDriver.java:552)
at org.openqa.selenium.remote.RemoteWebDriver.startSession(RemoteWebDriver.java:213)
at org.openqa.selenium.remote.RemoteWebDriver.<init>(RemoteWebDriver.java:131)
at org.openqa.selenium.chrome.ChromeDriver.<init>(ChromeDriver.java:181)
at org.openqa.selenium.chrome.ChromeDriver.<init>(ChromeDriver.java:168)
at org.openqa.selenium.chrome.ChromeDriver.<init>(ChromeDriver.java:157)
at resources.base.initializeDriver(base.java:41)
at Academy.HomePage.initialize(HomePage.java:29)
at sun.reflect.NativeMethodAccessorImpl.invoke0(Native Method)
at sun.reflect.NativeMethodAccessorImpl.invoke(NativeMethodAccessorImpl.java:62)
at sun.reflect.DelegatingMethodAccessorImpl.invoke(DelegatingMethodAccessorImpl.java:43)
at java.lang.reflect.Method.invoke(Method.java:498)
at org.testng.internal.MethodInvocationHelper.invokeMethod(MethodInvocationHelper.java:132)
at org.testng.internal.MethodInvocationHelper.invokeMethodConsideringTimeout(MethodInvocationHelper.java:61)
at org.testng.internal.ConfigInvoker.invokeConfigurationMethod(ConfigInvoker.java:366)
at org.testng.internal.ConfigInvoker.invokeConfigurations(ConfigInvoker.java:320)
at org.testng.TestRunner.invokeTestConfigurations(TestRunner.java:617)
at org.testng.TestRunner.beforeRun(TestRunner.java:607)
at org.testng.TestRunner.run(TestRunner.java:578)
at org.testng.SuiteRunner.runTest(SuiteRunner.java:384)
at org.testng.SuiteRunner.access$000(SuiteRunner.java:28)
at org.testng.SuiteRunner$SuiteWorker.run(SuiteRunner.java:425)
at org.testng.internal.thread.ThreadUtil.lambda$execute$0(ThreadUtil.java:66)
at java.util.concurrent.FutureTask.run(FutureTask.java:266)
at java.util.concurrent.ThreadPoolExecutor.runWorker(ThreadPoolExecutor.java:1149)
at java.util.concurrent.ThreadPoolExecutor$Worker.run(ThreadPoolExecutor.java:624)
at java.lang.Thread.run(Thread.java:748)
]]>
            </full-stacktrace>
          </exception> <!-- org.openqa.selenium.SessionNotCreatedException -->
          <reporter-output>
          </reporter-output>
        </test-method> <!-- basePageNavigation -->
        <test-method status="SKIP" signature="basePageNavigation(java.lang.String, java.lang.String, java.lang.String)[pri:0, instance:Academy.HomePage@4f67eb2a]" name="basePageNavigation" duration-ms="0" started-at="2021-02-15T09:16:53 IST" data-provider="getData" finished-at="2021-02-15T09:16:53 IST">
          <params>
            <param index="0">
              <value>
                <![CDATA[restricteduser@qw.com]]>
              </value>
            </param>
            <param index="1">
              <value>
                <![CDATA[456788]]>
              </value>
            </param>
            <param index="2">
              <value>
                <![CDATA[Non restricted user]]>
              </value>
            </param>
          </params>
          <exception class="org.openqa.selenium.SessionNotCreatedException">
            <message>
              <![CDATA[session not created
from timeout: Timed out receiving message from renderer: 600.000
  (Session info: chrome=88.0.4324.150)
Build info: version: '3.141.59', revision: 'e82be7d358', time: '2018-11-14T08:17:03'
System info: host: 'SHANOO', ip: '192.168.1.6', os.name: 'Windows 10', os.arch: 'amd64', os.version: '10.0', java.version: '1.8.0_271'
Driver info: driver.version: ChromeDriver
remote stacktrace: Backtrace:
Ordinal0 [0x0069C0C3+3326147]
Ordinal0 [0x00580851+2164817]
Ordinal0 [0x00407298+619160]
Ordinal0 [0x003FB17F+569727]
Ordinal0 [0x003FA421+566305]
Ordinal0 [0x003FA815+567317]
Ordinal0 [0x003FA135+565557]
Ordinal0 [0x004038B1+604337]
Ordinal0 [0x003FA0F1+565489]
Ordinal0 [0x003FAEA2+568994]
Ordinal0 [0x003FA421+566305]
Ordinal0 [0x003FA815+567317]
Ordinal0 [0x003FA135+565557]
Ordinal0 [0x00401D2C+597292]
Ordinal0 [0x003FA0F1+565489]
Ordinal0 [0x003FAEA2+568994]
Ordinal0 [0x003FA421+566305]
Ordinal0 [0x003FA815+567317]
Ordinal0 [0x003FA135+565557]
Ordinal0 [0x003FFE62+589410]
Ordinal0 [0x003FA0F1+565489]
Ordinal0 [0x003FAEA2+568994]
Ordinal0 [0x003FA421+566305]
Ordinal0 [0x003FA815+567317]
Ordinal0 [0x003FA135+565557]
Ordinal0 [0x003FF075+585845]
Ordinal0 [0x003FA0F1+565489]
Ordinal0 [0x003FAEA2+568994]
Ordinal0 [0x003FA421+566305]
Ordinal0 [0x003FA815+567317]
Ordinal0 [0x003FA135+565557]
Ordinal0 [0x003F6776+550774]
Ordinal0 [0x003FA0F1+565489]
Ordinal0 [0x003F9F13+565011]
Ordinal0 [0x003F9D07+564487]
Ordinal0 [0x004082C0+623296]
Ordinal0 [0x003A6BDD+224221]
Ordinal0 [0x003A5CAC+220332]
Ordinal0 [0x003A189B+202907]
Ordinal0 [0x00383DF4+81396]
Ordinal0 [0x00384DEE+85486]
Ordinal0 [0x00384D79+85369]
Ordinal0 [0x005985DC+2262492]
GetHandleVerifier [0x00822874+1487204]
GetHandleVerifier [0x008223CD+1486013]
GetHandleVerifier [0x0082A368+1518680]
GetHandleVerifier [0x00822F4E+1488958]
Ordinal0 [0x0058ED0D+2223373]
Ordinal0 [0x0059A12B+2269483]
Ordinal0 [0x0059A26F+2269807]
Ordinal0 [0x005AECB8+2354360]
BaseThreadInitThunk [0x75AFFA29+25]
RtlGetAppContainerNamedObjectPath [0x77D176B4+228]
RtlGetAppContainerNamedObjectPath [0x77D17684+180]
]]>
            </message>
            <full-stacktrace>
              <![CDATA[org.openqa.selenium.SessionNotCreatedException: session not created
from timeout: Timed out receiving message from renderer: 600.000
  (Session info: chrome=88.0.4324.150)
Build info: version: '3.141.59', revision: 'e82be7d358', time: '2018-11-14T08:17:03'
System info: host: 'SHANOO', ip: '192.168.1.6', os.name: 'Windows 10', os.arch: 'amd64', os.version: '10.0', java.version: '1.8.0_271'
Driver info: driver.version: ChromeDriver
remote stacktrace: Backtrace:
Ordinal0 [0x0069C0C3+3326147]
Ordinal0 [0x00580851+2164817]
Ordinal0 [0x00407298+619160]
Ordinal0 [0x003FB17F+569727]
Ordinal0 [0x003FA421+566305]
Ordinal0 [0x003FA815+567317]
Ordinal0 [0x003FA135+565557]
Ordinal0 [0x004038B1+604337]
Ordinal0 [0x003FA0F1+565489]
Ordinal0 [0x003FAEA2+568994]
Ordinal0 [0x003FA421+566305]
Ordinal0 [0x003FA815+567317]
Ordinal0 [0x003FA135+565557]
Ordinal0 [0x00401D2C+597292]
Ordinal0 [0x003FA0F1+565489]
Ordinal0 [0x003FAEA2+568994]
Ordinal0 [0x003FA421+566305]
Ordinal0 [0x003FA815+567317]
Ordinal0 [0x003FA135+565557]
Ordinal0 [0x003FFE62+589410]
Ordinal0 [0x003FA0F1+565489]
Ordinal0 [0x003FAEA2+568994]
Ordinal0 [0x003FA421+566305]
Ordinal0 [0x003FA815+567317]
Ordinal0 [0x003FA135+565557]
Ordinal0 [0x003FF075+585845]
Ordinal0 [0x003FA0F1+565489]
Ordinal0 [0x003FAEA2+568994]
Ordinal0 [0x003FA421+566305]
Ordinal0 [0x003FA815+567317]
Ordinal0 [0x003FA135+565557]
Ordinal0 [0x003F6776+550774]
Ordinal0 [0x003FA0F1+565489]
Ordinal0 [0x003F9F13+565011]
Ordinal0 [0x003F9D07+564487]
Ordinal0 [0x004082C0+623296]
Ordinal0 [0x003A6BDD+224221]
Ordinal0 [0x003A5CAC+220332]
Ordinal0 [0x003A189B+202907]
Ordinal0 [0x00383DF4+81396]
Ordinal0 [0x00384DEE+85486]
Ordinal0 [0x00384D79+85369]
Ordinal0 [0x005985DC+2262492]
GetHandleVerifier [0x00822874+1487204]
GetHandleVerifier [0x008223CD+1486013]
GetHandleVerifier [0x0082A368+1518680]
GetHandleVerifier [0x00822F4E+1488958]
Ordinal0 [0x0058ED0D+2223373]
Ordinal0 [0x0059A12B+2269483]
Ordinal0 [0x0059A26F+2269807]
Ordinal0 [0x005AECB8+2354360]
BaseThreadInitThunk [0x75AFFA29+25]
RtlGetAppContainerNamedObjectPath [0x77D176B4+228]
RtlGetAppContainerNamedObjectPath [0x77D17684+180]

at sun.reflect.NativeConstructorAccessorImpl.newInstance0(Native Method)
at sun.reflect.NativeConstructorAccessorImpl.newInstance(NativeConstructorAccessorImpl.java:62)
at sun.reflect.DelegatingConstructorAccessorImpl.newInstance(DelegatingConstructorAccessorImpl.java:45)
at java.lang.reflect.Constructor.newInstance(Constructor.java:423)
at org.openqa.selenium.remote.W3CHandshakeResponse.lambda$errorHandler$0(W3CHandshakeResponse.java:62)
at org.openqa.selenium.remote.HandshakeResponse.lambda$getResponseFunction$0(HandshakeResponse.java:30)
at org.openqa.selenium.remote.ProtocolHandshake.lambda$createSession$0(ProtocolHandshake.java:126)
at java.util.stream.ReferencePipeline$3$1.accept(ReferencePipeline.java:193)
at java.util.Spliterators$ArraySpliterator.tryAdvance(Spliterators.java:958)
at java.util.stream.ReferencePipeline.forEachWithCancel(ReferencePipeline.java:126)
at java.util.stream.AbstractPipeline.copyIntoWithCancel(AbstractPipeline.java:499)
at java.util.stream.AbstractPipeline.copyInto(AbstractPipeline.java:486)
at java.util.stream.AbstractPipeline.wrapAndCopyInto(AbstractPipeline.java:472)
at java.util.stream.FindOps$FindOp.evaluateSequential(FindOps.java:152)
at java.util.stream.AbstractPipeline.evaluate(AbstractPipeline.java:234)
at java.util.stream.ReferencePipeline.findFirst(ReferencePipeline.java:464)
at org.openqa.selenium.remote.ProtocolHandshake.createSession(ProtocolHandshake.java:128)
at org.openqa.selenium.remote.ProtocolHandshake.createSession(ProtocolHandshake.java:74)
at org.openqa.selenium.remote.HttpCommandExecutor.execute(HttpCommandExecutor.java:136)
at org.openqa.selenium.remote.service.DriverCommandExecutor.execute(DriverCommandExecutor.java:83)
at org.openqa.selenium.remote.RemoteWebDriver.execute(RemoteWebDriver.java:552)
at org.openqa.selenium.remote.RemoteWebDriver.startSession(RemoteWebDriver.java:213)
at org.openqa.selenium.remote.RemoteWebDriver.<init>(RemoteWebDriver.java:131)
at org.openqa.selenium.chrome.ChromeDriver.<init>(ChromeDriver.java:181)
at org.openqa.selenium.chrome.ChromeDriver.<init>(ChromeDriver.java:168)
at org.openqa.selenium.chrome.ChromeDriver.<init>(ChromeDriver.java:157)
at resources.base.initializeDriver(base.java:41)
at Academy.HomePage.initialize(HomePage.java:29)
at sun.reflect.NativeMethodAccessorImpl.invoke0(Native Method)
at sun.reflect.NativeMethodAccessorImpl.invoke(NativeMethodAccessorImpl.java:62)
at sun.reflect.DelegatingMethodAccessorImpl.invoke(DelegatingMethodAccessorImpl.java:43)
at java.lang.reflect.Method.invoke(Method.java:498)
at org.testng.internal.MethodInvocationHelper.invokeMethod(MethodInvocationHelper.java:132)
at org.testng.internal.MethodInvocationHelper.invokeMethodConsideringTimeout(MethodInvocationHelper.java:61)
at org.testng.internal.ConfigInvoker.invokeConfigurationMethod(ConfigInvoker.java:366)
at org.testng.internal.ConfigInvoker.invokeConfigurations(ConfigInvoker.java:320)
at org.testng.TestRunner.invokeTestConfigurations(TestRunner.java:617)
at org.testng.TestRunner.beforeRun(TestRunner.java:607)
at org.testng.TestRunner.run(TestRunner.java:578)
at org.testng.SuiteRunner.runTest(SuiteRunner.java:384)
at org.testng.SuiteRunner.access$000(SuiteRunner.java:28)
at org.testng.SuiteRunner$SuiteWorker.run(SuiteRunner.java:425)
at org.testng.internal.thread.ThreadUtil.lambda$execute$0(ThreadUtil.java:66)
at java.util.concurrent.FutureTask.run(FutureTask.java:266)
at java.util.concurrent.ThreadPoolExecutor.runWorker(ThreadPoolExecutor.java:1149)
at java.util.concurrent.ThreadPoolExecutor$Worker.run(ThreadPoolExecutor.java:624)
at java.lang.Thread.run(Thread.java:748)
]]>
            </full-stacktrace>
          </exception> <!-- org.openqa.selenium.SessionNotCreatedException -->
          <reporter-output>
          </reporter-output>
        </test-method> <!-- basePageNavigation -->
        <test-method status="SKIP" signature="teardown()[pri:0, instance:Academy.HomePage@4f67eb2a]" name="teardown" is-config="true" duration-ms="-1613360813465" started-at="2021-02-15T09:16:53 IST" finished-at="1970-01-01T05:30:00 IST">
          <reporter-output>
          </reporter-output>
        </test-method> <!-- teardown -->
      </class> <!-- Academy.HomePage -->
    </test> <!-- Validating user login -->
    <test name="Validating nevigation" duration-ms="621568" started-at="2021-02-15T09:06:32 IST" finished-at="2021-02-15T09:16:53 IST">
      <class name="Academy.validateNavigationBar">
        <test-method status="FAIL" signature="initialize()[pri:0, instance:Academy.validateNavigationBar@69fb6037]" name="initialize" is-config="true" duration-ms="621538" started-at="2021-02-15T09:06:32 IST" finished-at="2021-02-15T09:16:53 IST">
          <exception class="org.openqa.selenium.SessionNotCreatedException">
            <message>
              <![CDATA[session not created
from timeout: Timed out receiving message from renderer: 600.000
  (Session info: chrome=88.0.4324.150)
Build info: version: '3.141.59', revision: 'e82be7d358', time: '2018-11-14T08:17:03'
System info: host: 'SHANOO', ip: '192.168.1.6', os.name: 'Windows 10', os.arch: 'amd64', os.version: '10.0', java.version: '1.8.0_271'
Driver info: driver.version: ChromeDriver
remote stacktrace: Backtrace:
Ordinal0 [0x0069C0C3+3326147]
Ordinal0 [0x00580851+2164817]
Ordinal0 [0x00407298+619160]
Ordinal0 [0x003FB17F+569727]
Ordinal0 [0x003FA421+566305]
Ordinal0 [0x003FA815+567317]
Ordinal0 [0x003FA135+565557]
Ordinal0 [0x004038B1+604337]
Ordinal0 [0x003FA0F1+565489]
Ordinal0 [0x003FAEA2+568994]
Ordinal0 [0x003FA421+566305]
Ordinal0 [0x003FA815+567317]
Ordinal0 [0x003FA135+565557]
Ordinal0 [0x00401D2C+597292]
Ordinal0 [0x003FA0F1+565489]
Ordinal0 [0x003FAEA2+568994]
Ordinal0 [0x003FA421+566305]
Ordinal0 [0x003FA815+567317]
Ordinal0 [0x003FA135+565557]
Ordinal0 [0x003FFE62+589410]
Ordinal0 [0x003FA0F1+565489]
Ordinal0 [0x003FAEA2+568994]
Ordinal0 [0x003FA421+566305]
Ordinal0 [0x003FA815+567317]
Ordinal0 [0x003FA135+565557]
Ordinal0 [0x003FF075+585845]
Ordinal0 [0x003FA0F1+565489]
Ordinal0 [0x003FAEA2+568994]
Ordinal0 [0x003FA421+566305]
Ordinal0 [0x003FA815+567317]
Ordinal0 [0x003FA135+565557]
Ordinal0 [0x003F6776+550774]
Ordinal0 [0x003FA0F1+565489]
Ordinal0 [0x003F9F13+565011]
Ordinal0 [0x003F9D07+564487]
Ordinal0 [0x004082C0+623296]
Ordinal0 [0x003A6BDD+224221]
Ordinal0 [0x003A5CAC+220332]
Ordinal0 [0x003A189B+202907]
Ordinal0 [0x00383DF4+81396]
Ordinal0 [0x00384DEE+85486]
Ordinal0 [0x00384D79+85369]
Ordinal0 [0x005985DC+2262492]
GetHandleVerifier [0x00822874+1487204]
GetHandleVerifier [0x008223CD+1486013]
GetHandleVerifier [0x0082A368+1518680]
GetHandleVerifier [0x00822F4E+1488958]
Ordinal0 [0x0058ED0D+2223373]
Ordinal0 [0x0059A12B+2269483]
Ordinal0 [0x0059A26F+2269807]
Ordinal0 [0x005AECB8+2354360]
BaseThreadInitThunk [0x75AFFA29+25]
RtlGetAppContainerNamedObjectPath [0x77D176B4+228]
RtlGetAppContainerNamedObjectPath [0x77D17684+180]
]]>
            </message>
            <full-stacktrace>
              <![CDATA[org.openqa.selenium.SessionNotCreatedException: session not created
from timeout: Timed out receiving message from renderer: 600.000
  (Session info: chrome=88.0.4324.150)
Build info: version: '3.141.59', revision: 'e82be7d358', time: '2018-11-14T08:17:03'
System info: host: 'SHANOO', ip: '192.168.1.6', os.name: 'Windows 10', os.arch: 'amd64', os.version: '10.0', java.version: '1.8.0_271'
Driver info: driver.version: ChromeDriver
remote stacktrace: Backtrace:
Ordinal0 [0x0069C0C3+3326147]
Ordinal0 [0x00580851+2164817]
Ordinal0 [0x00407298+619160]
Ordinal0 [0x003FB17F+569727]
Ordinal0 [0x003FA421+566305]
Ordinal0 [0x003FA815+567317]
Ordinal0 [0x003FA135+565557]
Ordinal0 [0x004038B1+604337]
Ordinal0 [0x003FA0F1+565489]
Ordinal0 [0x003FAEA2+568994]
Ordinal0 [0x003FA421+566305]
Ordinal0 [0x003FA815+567317]
Ordinal0 [0x003FA135+565557]
Ordinal0 [0x00401D2C+597292]
Ordinal0 [0x003FA0F1+565489]
Ordinal0 [0x003FAEA2+568994]
Ordinal0 [0x003FA421+566305]
Ordinal0 [0x003FA815+567317]
Ordinal0 [0x003FA135+565557]
Ordinal0 [0x003FFE62+589410]
Ordinal0 [0x003FA0F1+565489]
Ordinal0 [0x003FAEA2+568994]
Ordinal0 [0x003FA421+566305]
Ordinal0 [0x003FA815+567317]
Ordinal0 [0x003FA135+565557]
Ordinal0 [0x003FF075+585845]
Ordinal0 [0x003FA0F1+565489]
Ordinal0 [0x003FAEA2+568994]
Ordinal0 [0x003FA421+566305]
Ordinal0 [0x003FA815+567317]
Ordinal0 [0x003FA135+565557]
Ordinal0 [0x003F6776+550774]
Ordinal0 [0x003FA0F1+565489]
Ordinal0 [0x003F9F13+565011]
Ordinal0 [0x003F9D07+564487]
Ordinal0 [0x004082C0+623296]
Ordinal0 [0x003A6BDD+224221]
Ordinal0 [0x003A5CAC+220332]
Ordinal0 [0x003A189B+202907]
Ordinal0 [0x00383DF4+81396]
Ordinal0 [0x00384DEE+85486]
Ordinal0 [0x00384D79+85369]
Ordinal0 [0x005985DC+2262492]
GetHandleVerifier [0x00822874+1487204]
GetHandleVerifier [0x008223CD+1486013]
GetHandleVerifier [0x0082A368+1518680]
GetHandleVerifier [0x00822F4E+1488958]
Ordinal0 [0x0058ED0D+2223373]
Ordinal0 [0x0059A12B+2269483]
Ordinal0 [0x0059A26F+2269807]
Ordinal0 [0x005AECB8+2354360]
BaseThreadInitThunk [0x75AFFA29+25]
RtlGetAppContainerNamedObjectPath [0x77D176B4+228]
RtlGetAppContainerNamedObjectPath [0x77D17684+180]

at sun.reflect.NativeConstructorAccessorImpl.newInstance0(Native Method)
at sun.reflect.NativeConstructorAccessorImpl.newInstance(NativeConstructorAccessorImpl.java:62)
at sun.reflect.DelegatingConstructorAccessorImpl.newInstance(DelegatingConstructorAccessorImpl.java:45)
at java.lang.reflect.Constructor.newInstance(Constructor.java:423)
at org.openqa.selenium.remote.W3CHandshakeResponse.lambda$errorHandler$0(W3CHandshakeResponse.java:62)
at org.openqa.selenium.remote.HandshakeResponse.lambda$getResponseFunction$0(HandshakeResponse.java:30)
at org.openqa.selenium.remote.ProtocolHandshake.lambda$createSession$0(ProtocolHandshake.java:126)
at java.util.stream.ReferencePipeline$3$1.accept(ReferencePipeline.java:193)
at java.util.Spliterators$ArraySpliterator.tryAdvance(Spliterators.java:958)
at java.util.stream.ReferencePipeline.forEachWithCancel(ReferencePipeline.java:126)
at java.util.stream.AbstractPipeline.copyIntoWithCancel(AbstractPipeline.java:499)
at java.util.stream.AbstractPipeline.copyInto(AbstractPipeline.java:486)
at java.util.stream.AbstractPipeline.wrapAndCopyInto(AbstractPipeline.java:472)
at java.util.stream.FindOps$FindOp.evaluateSequential(FindOps.java:152)
at java.util.stream.AbstractPipeline.evaluate(AbstractPipeline.java:234)
at java.util.stream.ReferencePipeline.findFirst(ReferencePipeline.java:464)
at org.openqa.selenium.remote.ProtocolHandshake.createSession(ProtocolHandshake.java:128)
at org.openqa.selenium.remote.ProtocolHandshake.createSession(ProtocolHandshake.java:74)
at org.openqa.selenium.remote.HttpCommandExecutor.execute(HttpCommandExecutor.java:136)
at org.openqa.selenium.remote.service.DriverCommandExecutor.execute(DriverCommandExecutor.java:83)
at org.openqa.selenium.remote.RemoteWebDriver.execute(RemoteWebDriver.java:552)
at org.openqa.selenium.remote.RemoteWebDriver.startSession(RemoteWebDriver.java:213)
at org.openqa.selenium.remote.RemoteWebDriver.<init>(RemoteWebDriver.java:131)
at org.openqa.selenium.chrome.ChromeDriver.<init>(ChromeDriver.java:181)
at org.openqa.selenium.chrome.ChromeDriver.<init>(ChromeDriver.java:168)
at org.openqa.selenium.chrome.ChromeDriver.<init>(ChromeDriver.java:157)
at resources.base.initializeDriver(base.java:41)
at Academy.validateNavigationBar.initialize(validateNavigationBar.java:34)
at sun.reflect.NativeMethodAccessorImpl.invoke0(Native Method)
at sun.reflect.NativeMethodAccessorImpl.invoke(NativeMethodAccessorImpl.java:62)
at sun.reflect.DelegatingMethodAccessorImpl.invoke(DelegatingMethodAccessorImpl.java:43)
at java.lang.reflect.Method.invoke(Method.java:498)
at org.testng.internal.MethodInvocationHelper.invokeMethod(MethodInvocationHelper.java:132)
at org.testng.internal.MethodInvocationHelper.invokeMethodConsideringTimeout(MethodInvocationHelper.java:61)
at org.testng.internal.ConfigInvoker.invokeConfigurationMethod(ConfigInvoker.java:366)
at org.testng.internal.ConfigInvoker.invokeConfigurations(ConfigInvoker.java:320)
at org.testng.TestRunner.invokeTestConfigurations(TestRunner.java:617)
at org.testng.TestRunner.beforeRun(TestRunner.java:607)
at org.testng.TestRunner.run(TestRunner.java:578)
at org.testng.SuiteRunner.runTest(SuiteRunner.java:384)
at org.testng.SuiteRunner.access$000(SuiteRunner.java:28)
at org.testng.SuiteRunner$SuiteWorker.run(SuiteRunner.java:425)
at org.testng.internal.thread.ThreadUtil.lambda$execute$0(ThreadUtil.java:66)
at java.util.concurrent.FutureTask.run(FutureTask.java:266)
at java.util.concurrent.ThreadPoolExecutor.runWorker(ThreadPoolExecutor.java:1149)
at java.util.concurrent.ThreadPoolExecutor$Worker.run(ThreadPoolExecutor.java:624)
at java.lang.Thread.run(Thread.java:748)
]]>
            </full-stacktrace>
          </exception> <!-- org.openqa.selenium.SessionNotCreatedException -->
          <reporter-output>
          </reporter-output>
        </test-method> <!-- initialize -->
        <test-method status="SKIP" signature="validateAppNavBar()[pri:0, instance:Academy.validateNavigationBar@69fb6037]" name="validateAppNavBar" duration-ms="0" started-at="2021-02-15T09:16:53 IST" finished-at="2021-02-15T09:16:53 IST">
          <exception class="org.openqa.selenium.SessionNotCreatedException">
            <message>
              <![CDATA[session not created
from timeout: Timed out receiving message from renderer: 600.000
  (Session info: chrome=88.0.4324.150)
Build info: version: '3.141.59', revision: 'e82be7d358', time: '2018-11-14T08:17:03'
System info: host: 'SHANOO', ip: '192.168.1.6', os.name: 'Windows 10', os.arch: 'amd64', os.version: '10.0', java.version: '1.8.0_271'
Driver info: driver.version: ChromeDriver
remote stacktrace: Backtrace:
Ordinal0 [0x0069C0C3+3326147]
Ordinal0 [0x00580851+2164817]
Ordinal0 [0x00407298+619160]
Ordinal0 [0x003FB17F+569727]
Ordinal0 [0x003FA421+566305]
Ordinal0 [0x003FA815+567317]
Ordinal0 [0x003FA135+565557]
Ordinal0 [0x004038B1+604337]
Ordinal0 [0x003FA0F1+565489]
Ordinal0 [0x003FAEA2+568994]
Ordinal0 [0x003FA421+566305]
Ordinal0 [0x003FA815+567317]
Ordinal0 [0x003FA135+565557]
Ordinal0 [0x00401D2C+597292]
Ordinal0 [0x003FA0F1+565489]
Ordinal0 [0x003FAEA2+568994]
Ordinal0 [0x003FA421+566305]
Ordinal0 [0x003FA815+567317]
Ordinal0 [0x003FA135+565557]
Ordinal0 [0x003FFE62+589410]
Ordinal0 [0x003FA0F1+565489]
Ordinal0 [0x003FAEA2+568994]
Ordinal0 [0x003FA421+566305]
Ordinal0 [0x003FA815+567317]
Ordinal0 [0x003FA135+565557]
Ordinal0 [0x003FF075+585845]
Ordinal0 [0x003FA0F1+565489]
Ordinal0 [0x003FAEA2+568994]
Ordinal0 [0x003FA421+566305]
Ordinal0 [0x003FA815+567317]
Ordinal0 [0x003FA135+565557]
Ordinal0 [0x003F6776+550774]
Ordinal0 [0x003FA0F1+565489]
Ordinal0 [0x003F9F13+565011]
Ordinal0 [0x003F9D07+564487]
Ordinal0 [0x004082C0+623296]
Ordinal0 [0x003A6BDD+224221]
Ordinal0 [0x003A5CAC+220332]
Ordinal0 [0x003A189B+202907]
Ordinal0 [0x00383DF4+81396]
Ordinal0 [0x00384DEE+85486]
Ordinal0 [0x00384D79+85369]
Ordinal0 [0x005985DC+2262492]
GetHandleVerifier [0x00822874+1487204]
GetHandleVerifier [0x008223CD+1486013]
GetHandleVerifier [0x0082A368+1518680]
GetHandleVerifier [0x00822F4E+1488958]
Ordinal0 [0x0058ED0D+2223373]
Ordinal0 [0x0059A12B+2269483]
Ordinal0 [0x0059A26F+2269807]
Ordinal0 [0x005AECB8+2354360]
BaseThreadInitThunk [0x75AFFA29+25]
RtlGetAppContainerNamedObjectPath [0x77D176B4+228]
RtlGetAppContainerNamedObjectPath [0x77D17684+180]
]]>
            </message>
            <full-stacktrace>
              <![CDATA[org.openqa.selenium.SessionNotCreatedException: session not created
from timeout: Timed out receiving message from renderer: 600.000
  (Session info: chrome=88.0.4324.150)
Build info: version: '3.141.59', revision: 'e82be7d358', time: '2018-11-14T08:17:03'
System info: host: 'SHANOO', ip: '192.168.1.6', os.name: 'Windows 10', os.arch: 'amd64', os.version: '10.0', java.version: '1.8.0_271'
Driver info: driver.version: ChromeDriver
remote stacktrace: Backtrace:
Ordinal0 [0x0069C0C3+3326147]
Ordinal0 [0x00580851+2164817]
Ordinal0 [0x00407298+619160]
Ordinal0 [0x003FB17F+569727]
Ordinal0 [0x003FA421+566305]
Ordinal0 [0x003FA815+567317]
Ordinal0 [0x003FA135+565557]
Ordinal0 [0x004038B1+604337]
Ordinal0 [0x003FA0F1+565489]
Ordinal0 [0x003FAEA2+568994]
Ordinal0 [0x003FA421+566305]
Ordinal0 [0x003FA815+567317]
Ordinal0 [0x003FA135+565557]
Ordinal0 [0x00401D2C+597292]
Ordinal0 [0x003FA0F1+565489]
Ordinal0 [0x003FAEA2+568994]
Ordinal0 [0x003FA421+566305]
Ordinal0 [0x003FA815+567317]
Ordinal0 [0x003FA135+565557]
Ordinal0 [0x003FFE62+589410]
Ordinal0 [0x003FA0F1+565489]
Ordinal0 [0x003FAEA2+568994]
Ordinal0 [0x003FA421+566305]
Ordinal0 [0x003FA815+567317]
Ordinal0 [0x003FA135+565557]
Ordinal0 [0x003FF075+585845]
Ordinal0 [0x003FA0F1+565489]
Ordinal0 [0x003FAEA2+568994]
Ordinal0 [0x003FA421+566305]
Ordinal0 [0x003FA815+567317]
Ordinal0 [0x003FA135+565557]
Ordinal0 [0x003F6776+550774]
Ordinal0 [0x003FA0F1+565489]
Ordinal0 [0x003F9F13+565011]
Ordinal0 [0x003F9D07+564487]
Ordinal0 [0x004082C0+623296]
Ordinal0 [0x003A6BDD+224221]
Ordinal0 [0x003A5CAC+220332]
Ordinal0 [0x003A189B+202907]
Ordinal0 [0x00383DF4+81396]
Ordinal0 [0x00384DEE+85486]
Ordinal0 [0x00384D79+85369]
Ordinal0 [0x005985DC+2262492]
GetHandleVerifier [0x00822874+1487204]
GetHandleVerifier [0x008223CD+1486013]
GetHandleVerifier [0x0082A368+1518680]
GetHandleVerifier [0x00822F4E+1488958]
Ordinal0 [0x0058ED0D+2223373]
Ordinal0 [0x0059A12B+2269483]
Ordinal0 [0x0059A26F+2269807]
Ordinal0 [0x005AECB8+2354360]
BaseThreadInitThunk [0x75AFFA29+25]
RtlGetAppContainerNamedObjectPath [0x77D176B4+228]
RtlGetAppContainerNamedObjectPath [0x77D17684+180]

at sun.reflect.NativeConstructorAccessorImpl.newInstance0(Native Method)
at sun.reflect.NativeConstructorAccessorImpl.newInstance(NativeConstructorAccessorImpl.java:62)
at sun.reflect.DelegatingConstructorAccessorImpl.newInstance(DelegatingConstructorAccessorImpl.java:45)
at java.lang.reflect.Constructor.newInstance(Constructor.java:423)
at org.openqa.selenium.remote.W3CHandshakeResponse.lambda$errorHandler$0(W3CHandshakeResponse.java:62)
at org.openqa.selenium.remote.HandshakeResponse.lambda$getResponseFunction$0(HandshakeResponse.java:30)
at org.openqa.selenium.remote.ProtocolHandshake.lambda$createSession$0(ProtocolHandshake.java:126)
at java.util.stream.ReferencePipeline$3$1.accept(ReferencePipeline.java:193)
at java.util.Spliterators$ArraySpliterator.tryAdvance(Spliterators.java:958)
at java.util.stream.ReferencePipeline.forEachWithCancel(ReferencePipeline.java:126)
at java.util.stream.AbstractPipeline.copyIntoWithCancel(AbstractPipeline.java:499)
at java.util.stream.AbstractPipeline.copyInto(AbstractPipeline.java:486)
at java.util.stream.AbstractPipeline.wrapAndCopyInto(AbstractPipeline.java:472)
at java.util.stream.FindOps$FindOp.evaluateSequential(FindOps.java:152)
at java.util.stream.AbstractPipeline.evaluate(AbstractPipeline.java:234)
at java.util.stream.ReferencePipeline.findFirst(ReferencePipeline.java:464)
at org.openqa.selenium.remote.ProtocolHandshake.createSession(ProtocolHandshake.java:128)
at org.openqa.selenium.remote.ProtocolHandshake.createSession(ProtocolHandshake.java:74)
at org.openqa.selenium.remote.HttpCommandExecutor.execute(HttpCommandExecutor.java:136)
at org.openqa.selenium.remote.service.DriverCommandExecutor.execute(DriverCommandExecutor.java:83)
at org.openqa.selenium.remote.RemoteWebDriver.execute(RemoteWebDriver.java:552)
at org.openqa.selenium.remote.RemoteWebDriver.startSession(RemoteWebDriver.java:213)
at org.openqa.selenium.remote.RemoteWebDriver.<init>(RemoteWebDriver.java:131)
at org.openqa.selenium.chrome.ChromeDriver.<init>(ChromeDriver.java:181)
at org.openqa.selenium.chrome.ChromeDriver.<init>(ChromeDriver.java:168)
at org.openqa.selenium.chrome.ChromeDriver.<init>(ChromeDriver.java:157)
at resources.base.initializeDriver(base.java:41)
at Academy.validateNavigationBar.initialize(validateNavigationBar.java:34)
at sun.reflect.NativeMethodAccessorImpl.invoke0(Native Method)
at sun.reflect.NativeMethodAccessorImpl.invoke(NativeMethodAccessorImpl.java:62)
at sun.reflect.DelegatingMethodAccessorImpl.invoke(DelegatingMethodAccessorImpl.java:43)
at java.lang.reflect.Method.invoke(Method.java:498)
at org.testng.internal.MethodInvocationHelper.invokeMethod(MethodInvocationHelper.java:132)
at org.testng.internal.MethodInvocationHelper.invokeMethodConsideringTimeout(MethodInvocationHelper.java:61)
at org.testng.internal.ConfigInvoker.invokeConfigurationMethod(ConfigInvoker.java:366)
at org.testng.internal.ConfigInvoker.invokeConfigurations(ConfigInvoker.java:320)
at org.testng.TestRunner.invokeTestConfigurations(TestRunner.java:617)
at org.testng.TestRunner.beforeRun(TestRunner.java:607)
at org.testng.TestRunner.run(TestRunner.java:578)
at org.testng.SuiteRunner.runTest(SuiteRunner.java:384)
at org.testng.SuiteRunner.access$000(SuiteRunner.java:28)
at org.testng.SuiteRunner$SuiteWorker.run(SuiteRunner.java:425)
at org.testng.internal.thread.ThreadUtil.lambda$execute$0(ThreadUtil.java:66)
at java.util.concurrent.FutureTask.run(FutureTask.java:266)
at java.util.concurrent.ThreadPoolExecutor.runWorker(ThreadPoolExecutor.java:1149)
at java.util.concurrent.ThreadPoolExecutor$Worker.run(ThreadPoolExecutor.java:624)
at java.lang.Thread.run(Thread.java:748)
]]>
            </full-stacktrace>
          </exception> <!-- org.openqa.selenium.SessionNotCreatedException -->
          <reporter-output>
          </reporter-output>
        </test-method> <!-- validateAppNavBar -->
        <test-method status="SKIP" signature="teardown()[pri:0, instance:Academy.validateNavigationBar@69fb6037]" name="teardown" is-config="true" duration-ms="-1613360813692" started-at="2021-02-15T09:16:53 IST" finished-at="1970-01-01T05:30:00 IST">
          <reporter-output>
          </reporter-output>
        </test-method> <!-- teardown -->
      </class> <!-- Academy.validateNavigationBar -->
    </test> <!-- Validating nevigation -->
  </suite> <!-- Suite -->
</testng-results>
