<?xml version="1.0" encoding="UTF-8"?>
<!-- Generated by org.testng.reporters.JUnitReportReporter -->
<testsuite skipped="2" hostname="Shanoo" name="Academy.HomePage" tests="3" failures="0" timestamp="2021-02-15T09:16:53 IST" time="621.313" errors="1">
  <testcase name="initialize" time="621.313" classname="Academy.HomePage">
    <error type="org.openqa.selenium.SessionNotCreatedException" message="session not created
from timeout: Timed out receiving message from renderer: 600.000
  (Session info: chrome=88.0.4324.150)
Build info: version: &#039;3.141.59&#039;, revision: &#039;e82be7d358&#039;, time: &#039;2018-11-14T08:17:03&#039;
System info: host: &#039;SHANOO&#039;, ip: &#039;192.168.1.6&#039;, os.name: &#039;Windows 10&#039;, os.arch: &#039;amd64&#039;, os.version: &#039;10.0&#039;, java.version: &#039;1.8.0_271&#039;
Driver info: driver.version: ChromeDriver
remote stacktrace: Backtrace:
	Ordinal0 [0x0069C0C3+3326147]
	Ordinal0 [0x00580851+2164817]
	Ordinal0 [0x00407298+619160]
	Ordinal0 [0x003FB17F+569727]
	Ordinal0 [0x003FA421+566305]
	Ordinal0 [0x003FA815+567317]
	Ordinal0 [0x003FA135+565557]
	Ordinal0 [0x004038B1+604337]
	Ordinal0 [0x003FA0F1+565489]
	Ordinal0 [0x003FAEA2+568994]
	Ordinal0 [0x003FA421+566305]
	Ordinal0 [0x003FA815+567317]
	Ordinal0 [0x003FA135+565557]
	Ordinal0 [0x00401D2C+597292]
	Ordinal0 [0x003FA0F1+565489]
	Ordinal0 [0x003FAEA2+568994]
	Ordinal0 [0x003FA421+566305]
	Ordinal0 [0x003FA815+567317]
	Ordinal0 [0x003FA135+565557]
	Ordinal0 [0x003FFE62+589410]
	Ordinal0 [0x003FA0F1+565489]
	Ordinal0 [0x003FAEA2+568994]
	Ordinal0 [0x003FA421+566305]
	Ordinal0 [0x003FA815+567317]
	Ordinal0 [0x003FA135+565557]
	Ordinal0 [0x003FF075+585845]
	Ordinal0 [0x003FA0F1+565489]
	Ordinal0 [0x003FAEA2+568994]
	Ordinal0 [0x003FA421+566305]
	Ordinal0 [0x003FA815+567317]
	Ordinal0 [0x003FA135+565557]
	Ordinal0 [0x003F6776+550774]
	Ordinal0 [0x003FA0F1+565489]
	Ordinal0 [0x003F9F13+565011]
	Ordinal0 [0x003F9D07+564487]
	Ordinal0 [0x004082C0+623296]
	Ordinal0 [0x003A6BDD+224221]
	Ordinal0 [0x003A5CAC+220332]
	Ordinal0 [0x003A189B+202907]
	Ordinal0 [0x00383DF4+81396]
	Ordinal0 [0x00384DEE+85486]
	Ordinal0 [0x00384D79+85369]
	Ordinal0 [0x005985DC+2262492]
	GetHandleVerifier [0x00822874+1487204]
	GetHandleVerifier [0x008223CD+1486013]
	GetHandleVerifier [0x0082A368+1518680]
	GetHandleVerifier [0x00822F4E+1488958]
	Ordinal0 [0x0058ED0D+2223373]
	Ordinal0 [0x0059A12B+2269483]
	Ordinal0 [0x0059A26F+2269807]
	Ordinal0 [0x005AECB8+2354360]
	BaseThreadInitThunk [0x75AFFA29+25]
	RtlGetAppContainerNamedObjectPath [0x77D176B4+228]
	RtlGetAppContainerNamedObjectPath [0x77D17684+180]
">
      <![CDATA[org.openqa.selenium.SessionNotCreatedException: session not created
from timeout: Timed out receiving message from renderer: 600.000
  (Session info: chrome=88.0.4324.150)
Build info: version: '3.141.59', revision: 'e82be7d358', time: '2018-11-14T08:17:03'
System info: host: 'SHANOO', ip: '192.168.1.6', os.name: 'Windows 10', os.arch: 'amd64', os.version: '10.0', java.version: '1.8.0_271'
Driver info: driver.version: ChromeDriver
remote stacktrace: Backtrace:
Ordinal0 [0x0069C0C3+3326147]
Ordinal0 [0x00580851+2164817]
Ordinal0 [0x00407298+619160]
Ordinal0 [0x003FB17F+569727]
Ordinal0 [0x003FA421+566305]
Ordinal0 [0x003FA815+567317]
Ordinal0 [0x003FA135+565557]
Ordinal0 [0x004038B1+604337]
Ordinal0 [0x003FA0F1+565489]
Ordinal0 [0x003FAEA2+568994]
Ordinal0 [0x003FA421+566305]
Ordinal0 [0x003FA815+567317]
Ordinal0 [0x003FA135+565557]
Ordinal0 [0x00401D2C+597292]
Ordinal0 [0x003FA0F1+565489]
Ordinal0 [0x003FAEA2+568994]
Ordinal0 [0x003FA421+566305]
Ordinal0 [0x003FA815+567317]
Ordinal0 [0x003FA135+565557]
Ordinal0 [0x003FFE62+589410]
Ordinal0 [0x003FA0F1+565489]
Ordinal0 [0x003FAEA2+568994]
Ordinal0 [0x003FA421+566305]
Ordinal0 [0x003FA815+567317]
Ordinal0 [0x003FA135+565557]
Ordinal0 [0x003FF075+585845]
Ordinal0 [0x003FA0F1+565489]
Ordinal0 [0x003FAEA2+568994]
Ordinal0 [0x003FA421+566305]
Ordinal0 [0x003FA815+567317]
Ordinal0 [0x003FA135+565557]
Ordinal0 [0x003F6776+550774]
Ordinal0 [0x003FA0F1+565489]
Ordinal0 [0x003F9F13+565011]
Ordinal0 [0x003F9D07+564487]
Ordinal0 [0x004082C0+623296]
Ordinal0 [0x003A6BDD+224221]
Ordinal0 [0x003A5CAC+220332]
Ordinal0 [0x003A189B+202907]
Ordinal0 [0x00383DF4+81396]
Ordinal0 [0x00384DEE+85486]
Ordinal0 [0x00384D79+85369]
Ordinal0 [0x005985DC+2262492]
GetHandleVerifier [0x00822874+1487204]
GetHandleVerifier [0x008223CD+1486013]
GetHandleVerifier [0x0082A368+1518680]
GetHandleVerifier [0x00822F4E+1488958]
Ordinal0 [0x0058ED0D+2223373]
Ordinal0 [0x0059A12B+2269483]
Ordinal0 [0x0059A26F+2269807]
Ordinal0 [0x005AECB8+2354360]
BaseThreadInitThunk [0x75AFFA29+25]
RtlGetAppContainerNamedObjectPath [0x77D176B4+228]
RtlGetAppContainerNamedObjectPath [0x77D17684+180]

at sun.reflect.NativeConstructorAccessorImpl.newInstance0(Native Method)
at sun.reflect.NativeConstructorAccessorImpl.newInstance(NativeConstructorAccessorImpl.java:62)
at sun.reflect.DelegatingConstructorAccessorImpl.newInstance(DelegatingConstructorAccessorImpl.java:45)
at java.lang.reflect.Constructor.newInstance(Constructor.java:423)
at org.openqa.selenium.remote.W3CHandshakeResponse.lambda$errorHandler$0(W3CHandshakeResponse.java:62)
at org.openqa.selenium.remote.HandshakeResponse.lambda$getResponseFunction$0(HandshakeResponse.java:30)
at org.openqa.selenium.remote.ProtocolHandshake.lambda$createSession$0(ProtocolHandshake.java:126)
at java.util.stream.ReferencePipeline$3$1.accept(ReferencePipeline.java:193)
at java.util.Spliterators$ArraySpliterator.tryAdvance(Spliterators.java:958)
at java.util.stream.ReferencePipeline.forEachWithCancel(ReferencePipeline.java:126)
at java.util.stream.AbstractPipeline.copyIntoWithCancel(AbstractPipeline.java:499)
at java.util.stream.AbstractPipeline.copyInto(AbstractPipeline.java:486)
at java.util.stream.AbstractPipeline.wrapAndCopyInto(AbstractPipeline.java:472)
at java.util.stream.FindOps$FindOp.evaluateSequential(FindOps.java:152)
at java.util.stream.AbstractPipeline.evaluate(AbstractPipeline.java:234)
at java.util.stream.ReferencePipeline.findFirst(ReferencePipeline.java:464)
at org.openqa.selenium.remote.ProtocolHandshake.createSession(ProtocolHandshake.java:128)
at org.openqa.selenium.remote.ProtocolHandshake.createSession(ProtocolHandshake.java:74)
at org.openqa.selenium.remote.HttpCommandExecutor.execute(HttpCommandExecutor.java:136)
at org.openqa.selenium.remote.service.DriverCommandExecutor.execute(DriverCommandExecutor.java:83)
at org.openqa.selenium.remote.RemoteWebDriver.execute(RemoteWebDriver.java:552)
at org.openqa.selenium.remote.RemoteWebDriver.startSession(RemoteWebDriver.java:213)
at org.openqa.selenium.remote.RemoteWebDriver.<init>(RemoteWebDriver.java:131)
at org.openqa.selenium.chrome.ChromeDriver.<init>(ChromeDriver.java:181)
at org.openqa.selenium.chrome.ChromeDriver.<init>(ChromeDriver.java:168)
at org.openqa.selenium.chrome.ChromeDriver.<init>(ChromeDriver.java:157)
at resources.base.initializeDriver(base.java:41)
at Academy.HomePage.initialize(HomePage.java:29)
at sun.reflect.NativeMethodAccessorImpl.invoke0(Native Method)
at sun.reflect.NativeMethodAccessorImpl.invoke(NativeMethodAccessorImpl.java:62)
at sun.reflect.DelegatingMethodAccessorImpl.invoke(DelegatingMethodAccessorImpl.java:43)
at java.lang.reflect.Method.invoke(Method.java:498)
at org.testng.internal.MethodInvocationHelper.invokeMethod(MethodInvocationHelper.java:132)
at org.testng.internal.MethodInvocationHelper.invokeMethodConsideringTimeout(MethodInvocationHelper.java:61)
at org.testng.internal.ConfigInvoker.invokeConfigurationMethod(ConfigInvoker.java:366)
at org.testng.internal.ConfigInvoker.invokeConfigurations(ConfigInvoker.java:320)
at org.testng.TestRunner.invokeTestConfigurations(TestRunner.java:617)
at org.testng.TestRunner.beforeRun(TestRunner.java:607)
at org.testng.TestRunner.run(TestRunner.java:578)
at org.testng.SuiteRunner.runTest(SuiteRunner.java:384)
at org.testng.SuiteRunner.access$000(SuiteRunner.java:28)
at org.testng.SuiteRunner$SuiteWorker.run(SuiteRunner.java:425)
at org.testng.internal.thread.ThreadUtil.lambda$execute$0(ThreadUtil.java:66)
at java.util.concurrent.FutureTask.run(FutureTask.java:266)
at java.util.concurrent.ThreadPoolExecutor.runWorker(ThreadPoolExecutor.java:1149)
at java.util.concurrent.ThreadPoolExecutor$Worker.run(ThreadPoolExecutor.java:624)
at java.lang.Thread.run(Thread.java:748)
]]>
    </error>
  </testcase> <!-- initialize -->
  <system-out/>
  <testcase name="basePageNavigation" time="0.000" classname="Academy.HomePage">
    <skipped/>
  </testcase> <!-- basePageNavigation -->
  <system-out/>
  <testcase name="basePageNavigation" time="0.000" classname="Academy.HomePage">
    <skipped/>
  </testcase> <!-- basePageNavigation -->
  <system-out/>
</testsuite> <!-- Academy.HomePage -->
